[0.022s] Invoking command in '/home/wilson/saurcon_ws/build/joy_linux': CMAKE_PREFIX_PATH=${CMAKE_PREFIX_PATH}:/opt/ros/jazzy DEBUGINFOD_URLS=https://debuginfod.ubuntu.com /usr/bin/cmake /home/wilson/saurcon_ws/src/joystick_drivers/joy_linux -DCMAKE_INSTALL_PREFIX=/home/wilson/saurcon_ws/install/joy_linux
[0.130s] -- The C compiler identification is GNU 13.3.0
[0.243s] -- The CXX compiler identification is GNU 13.3.0
[0.273s] -- Detecting C compiler ABI info
[0.431s] -- Detecting C compiler ABI info - done
[0.454s] -- Check for working C compiler: /usr/bin/cc - skipped
[0.455s] -- Detecting C compile features
[0.456s] -- Detecting C compile features - done
[0.472s] -- Detecting CXX compiler ABI info
[0.647s] -- Detecting CXX compiler ABI info - done
[0.669s] -- Check for working CXX compiler: /usr/bin/c++ - skipped
[0.669s] -- Detecting CXX compile features
[0.670s] -- Detecting CXX compile features - done
[0.679s] -- Found ament_cmake: 2.5.3 (/opt/ros/jazzy/share/ament_cmake/cmake)
[0.950s] -- Found Python3: /usr/bin/python3 (found version "3.12.3") found components: Interpreter 
[1.169s] -- Found diagnostic_msgs: 5.3.5 (/opt/ros/jazzy/share/diagnostic_msgs/cmake)
[1.272s] -- Found rosidl_generator_c: 4.6.5 (/opt/ros/jazzy/share/rosidl_generator_c/cmake)
[1.311s] -- Found rosidl_generator_cpp: 4.6.5 (/opt/ros/jazzy/share/rosidl_generator_cpp/cmake)
[1.357s] -- Using all available rosidl_typesupport_c: rosidl_typesupport_fastrtps_c;rosidl_typesupport_introspection_c
[1.407s] -- Using all available rosidl_typesupport_cpp: rosidl_typesupport_fastrtps_cpp;rosidl_typesupport_introspection_cpp
[1.591s] -- Found diagnostic_updater: 4.2.2 (/opt/ros/jazzy/share/diagnostic_updater/cmake)
[1.725s] -- Found rmw_implementation_cmake: 7.3.1 (/opt/ros/jazzy/share/rmw_implementation_cmake/cmake)
[1.734s] -- Found rmw_fastrtps_cpp: 8.4.1 (/opt/ros/jazzy/share/rmw_fastrtps_cpp/cmake)
[1.912s] -- Found OpenSSL: /usr/lib/x86_64-linux-gnu/libcrypto.so (found version "3.0.13")  
[1.955s] -- Found FastRTPS: /opt/ros/jazzy/include (Required is at least version "2.13") 
[2.003s] -- Using RMW implementation 'rmw_fastrtps_cpp' as default
[2.272s] -- Found sensor_msgs: 5.3.5 (/opt/ros/jazzy/share/sensor_msgs/cmake)
[2.380s] -- Looking for include file linux/joystick.h
[2.610s] -- Looking for include file linux/joystick.h - found
[2.620s] -- Found ament_lint_auto: 0.17.1 (/opt/ros/jazzy/share/ament_lint_auto/cmake)
[2.855s] -- Added test 'cppcheck' to perform static code analysis on C / C++ code
[2.855s] -- Configured cppcheck include dirs: /home/wilson/saurcon_ws/src/joystick_drivers/joy_linux/msg/cpp
[2.856s] -- Configured cppcheck exclude dirs and/or files: 
[2.858s] -- Added test 'cpplint' to check C / C++ code against the Google style
[2.859s] -- Configured cpplint exclude dirs and/or files: 
[2.859s] -- Added test 'lint_cmake' to check CMake code style
[2.862s] -- Added test 'uncrustify' to check C / C++ code style
[2.862s] -- Configured uncrustify additional arguments: 
[2.863s] -- Added test 'xmllint' to check XML markup files
[2.867s] -- Configuring done (2.8s)
[2.893s] -- Generating done (0.0s)
[2.904s] -- Build files have been written to: /home/wilson/saurcon_ws/build/joy_linux
[2.926s] Invoked command in '/home/wilson/saurcon_ws/build/joy_linux' returned '0': CMAKE_PREFIX_PATH=${CMAKE_PREFIX_PATH}:/opt/ros/jazzy DEBUGINFOD_URLS=https://debuginfod.ubuntu.com /usr/bin/cmake /home/wilson/saurcon_ws/src/joystick_drivers/joy_linux -DCMAKE_INSTALL_PREFIX=/home/wilson/saurcon_ws/install/joy_linux
[2.926s] Invoking command in '/home/wilson/saurcon_ws/build/joy_linux': CMAKE_PREFIX_PATH=${CMAKE_PREFIX_PATH}:/opt/ros/jazzy DEBUGINFOD_URLS=https://debuginfod.ubuntu.com /usr/bin/cmake --build /home/wilson/saurcon_ws/build/joy_linux -- -j4 -l4
[3.072s] [ 50%] [32mBuilding CXX object CMakeFiles/joy_linux_node.dir/src/joy_linux_node.cpp.o[0m
[35.056s] [100%] [32m[1mLinking CXX executable joy_linux_node[0m
[35.849s] [100%] Built target joy_linux_node
[35.876s] Invoked command in '/home/wilson/saurcon_ws/build/joy_linux' returned '0': CMAKE_PREFIX_PATH=${CMAKE_PREFIX_PATH}:/opt/ros/jazzy DEBUGINFOD_URLS=https://debuginfod.ubuntu.com /usr/bin/cmake --build /home/wilson/saurcon_ws/build/joy_linux -- -j4 -l4
[35.878s] Invoking command in '/home/wilson/saurcon_ws/build/joy_linux': CMAKE_PREFIX_PATH=${CMAKE_PREFIX_PATH}:/opt/ros/jazzy DEBUGINFOD_URLS=https://debuginfod.ubuntu.com /usr/bin/cmake --install /home/wilson/saurcon_ws/build/joy_linux
[35.896s] -- Install configuration: ""
[35.897s] -- Installing: /home/wilson/saurcon_ws/install/joy_linux/lib/joy_linux/joy_linux_node
[35.903s] -- Set non-toolchain portion of runtime path of "/home/wilson/saurcon_ws/install/joy_linux/lib/joy_linux/joy_linux_node" to ""
[35.904s] -- Installing: /home/wilson/saurcon_ws/install/joy_linux/share/ament_index/resource_index/package_run_dependencies/joy_linux
[35.904s] -- Installing: /home/wilson/saurcon_ws/install/joy_linux/share/ament_index/resource_index/parent_prefix_path/joy_linux
[35.905s] -- Installing: /home/wilson/saurcon_ws/install/joy_linux/share/joy_linux/environment/ament_prefix_path.sh
[35.906s] -- Installing: /home/wilson/saurcon_ws/install/joy_linux/share/joy_linux/environment/ament_prefix_path.dsv
[35.907s] -- Installing: /home/wilson/saurcon_ws/install/joy_linux/share/joy_linux/environment/path.sh
[35.908s] -- Installing: /home/wilson/saurcon_ws/install/joy_linux/share/joy_linux/environment/path.dsv
[35.909s] -- Installing: /home/wilson/saurcon_ws/install/joy_linux/share/joy_linux/local_setup.bash
[35.909s] -- Installing: /home/wilson/saurcon_ws/install/joy_linux/share/joy_linux/local_setup.sh
[35.910s] -- Installing: /home/wilson/saurcon_ws/install/joy_linux/share/joy_linux/local_setup.zsh
[35.910s] -- Installing: /home/wilson/saurcon_ws/install/joy_linux/share/joy_linux/local_setup.dsv
[35.911s] -- Installing: /home/wilson/saurcon_ws/install/joy_linux/share/joy_linux/package.dsv
[35.912s] -- Installing: /home/wilson/saurcon_ws/install/joy_linux/share/ament_index/resource_index/packages/joy_linux
[35.913s] -- Installing: /home/wilson/saurcon_ws/install/joy_linux/share/joy_linux/cmake/joy_linuxConfig.cmake
[35.913s] -- Installing: /home/wilson/saurcon_ws/install/joy_linux/share/joy_linux/cmake/joy_linuxConfig-version.cmake
[35.913s] -- Installing: /home/wilson/saurcon_ws/install/joy_linux/share/joy_linux/package.xml
[35.920s] Invoked command in '/home/wilson/saurcon_ws/build/joy_linux' returned '0': CMAKE_PREFIX_PATH=${CMAKE_PREFIX_PATH}:/opt/ros/jazzy DEBUGINFOD_URLS=https://debuginfod.ubuntu.com /usr/bin/cmake --install /home/wilson/saurcon_ws/build/joy_linux
