[0.101s] Invoking command in '/home/wilson/saurcon_ws/build/sdl2_vendor': CMAKE_PREFIX_PATH=${CMAKE_PREFIX_PATH}:/opt/ros/jazzy DEBUGINFOD_URLS=https://debuginfod.ubuntu.com /usr/bin/cmake --build /home/wilson/saurcon_ws/build/sdl2_vendor -- -j4 -l4
[0.215s] Invoked command in '/home/wilson/saurcon_ws/build/sdl2_vendor' returned '0': CMAKE_PREFIX_PATH=${CMAKE_PREFIX_PATH}:/opt/ros/jazzy DEBUGINFOD_URLS=https://debuginfod.ubuntu.com /usr/bin/cmake --build /home/wilson/saurcon_ws/build/sdl2_vendor -- -j4 -l4
[0.259s] Invoking command in '/home/wilson/saurcon_ws/build/sdl2_vendor': CMAKE_PREFIX_PATH=${CMAKE_PREFIX_PATH}:/opt/ros/jazzy DEBUGINFOD_URLS=https://debuginfod.ubuntu.com /usr/bin/cmake --install /home/wilson/saurcon_ws/build/sdl2_vendor
[0.290s] -- Install configuration: ""
[0.290s] -- Up-to-date: /home/wilson/saurcon_ws/install/sdl2_vendor/share/sdl2_vendor/cmake
[0.290s] -- Up-to-date: /home/wilson/saurcon_ws/install/sdl2_vendor/share/sdl2_vendor/cmake/Modules
[0.291s] -- Up-to-date: /home/wilson/saurcon_ws/install/sdl2_vendor/share/sdl2_vendor/cmake/Modules/Findsdl2_custom.cmake
[0.291s] -- Up-to-date: /home/wilson/saurcon_ws/install/sdl2_vendor/share/ament_index/resource_index/package_run_dependencies/sdl2_vendor
[0.297s] -- Up-to-date: /home/wilson/saurcon_ws/install/sdl2_vendor/share/ament_index/resource_index/parent_prefix_path/sdl2_vendor
[0.298s] -- Up-to-date: /home/wilson/saurcon_ws/install/sdl2_vendor/share/sdl2_vendor/environment/ament_prefix_path.sh
[0.300s] -- Up-to-date: /home/wilson/saurcon_ws/install/sdl2_vendor/share/sdl2_vendor/environment/ament_prefix_path.dsv
[0.301s] -- Up-to-date: /home/wilson/saurcon_ws/install/sdl2_vendor/share/sdl2_vendor/environment/path.sh
[0.301s] -- Up-to-date: /home/wilson/saurcon_ws/install/sdl2_vendor/share/sdl2_vendor/environment/path.dsv
[0.302s] -- Up-to-date: /home/wilson/saurcon_ws/install/sdl2_vendor/share/sdl2_vendor/local_setup.bash
[0.302s] -- Up-to-date: /home/wilson/saurcon_ws/install/sdl2_vendor/share/sdl2_vendor/local_setup.sh
[0.302s] -- Up-to-date: /home/wilson/saurcon_ws/install/sdl2_vendor/share/sdl2_vendor/local_setup.zsh
[0.302s] -- Up-to-date: /home/wilson/saurcon_ws/install/sdl2_vendor/share/sdl2_vendor/local_setup.dsv
[0.312s] -- Installing: /home/wilson/saurcon_ws/install/sdl2_vendor/share/sdl2_vendor/package.dsv
[0.312s] -- Up-to-date: /home/wilson/saurcon_ws/install/sdl2_vendor/share/ament_index/resource_index/packages/sdl2_vendor
[0.312s] -- Up-to-date: /home/wilson/saurcon_ws/install/sdl2_vendor/share/sdl2_vendor/cmake/sdl2_vendor-extras.cmake
[0.312s] -- Up-to-date: /home/wilson/saurcon_ws/install/sdl2_vendor/share/sdl2_vendor/cmake/sdl2_vendorConfig.cmake
[0.313s] -- Up-to-date: /home/wilson/saurcon_ws/install/sdl2_vendor/share/sdl2_vendor/cmake/sdl2_vendorConfig-version.cmake
[0.313s] -- Up-to-date: /home/wilson/saurcon_ws/install/sdl2_vendor/share/sdl2_vendor/package.xml
[0.313s] Invoked command in '/home/wilson/saurcon_ws/build/sdl2_vendor' returned '0': CMAKE_PREFIX_PATH=${CMAKE_PREFIX_PATH}:/opt/ros/jazzy DEBUGINFOD_URLS=https://debuginfod.ubuntu.com /usr/bin/cmake --install /home/wilson/saurcon_ws/build/sdl2_vendor
