-- The C compiler identification is GNU 13.3.0
-- The CXX compiler identification is GNU 13.3.0
-- Detecting C compiler ABI info
-- Detecting C compiler ABI info - done
-- Check for working C compiler: /usr/bin/cc - skipped
-- Detecting C compile features
-- Detecting C compile features - done
-- Detecting CXX compiler ABI info
-- Detecting CXX compiler ABI info - done
-- Check for working CXX compiler: /usr/bin/c++ - skipped
-- Detecting CXX compile features
-- Detecting CXX compile features - done
-- Found ament_cmake_ros: 0.12.0 (/opt/ros/jazzy/share/ament_cmake_ros/cmake)
-- Found Python3: /usr/bin/python3 (found version "3.12.3") found components: Interpreter 
-- Found rclcpp: 28.1.6 (/opt/ros/jazzy/share/rclcpp/cmake)
-- Found rosidl_generator_c: 4.6.5 (/opt/ros/jazzy/share/rosidl_generator_c/cmake)
-- Found rosidl_generator_cpp: 4.6.5 (/opt/ros/jazzy/share/rosidl_generator_cpp/cmake)
-- Using all available rosidl_typesupport_c: rosidl_typesupport_fastrtps_c;rosidl_typesupport_introspection_c
-- Using all available rosidl_typesupport_cpp: rosidl_typesupport_fastrtps_cpp;rosidl_typesupport_introspection_cpp
-- Found rmw_implementation_cmake: 7.3.1 (/opt/ros/jazzy/share/rmw_implementation_cmake/cmake)
-- Found rmw_fastrtps_cpp: 8.4.1 (/opt/ros/jazzy/share/rmw_fastrtps_cpp/cmake)
-- Found OpenSSL: /usr/lib/x86_64-linux-gnu/libcrypto.so (found version "3.0.13")  
-- Found FastRTPS: /opt/ros/jazzy/include (Required is at least version "2.13") 
-- Using RMW implementation 'rmw_fastrtps_cpp' as default
-- Found rclcpp_components: 28.1.6 (/opt/ros/jazzy/share/rclcpp_components/cmake)
-- Found sdl2_vendor: 3.3.0 (/home/wilson/saurcon_ws/src/install/sdl2_vendor/share/sdl2_vendor/cmake)
-- Found sensor_msgs: 5.3.5 (/opt/ros/jazzy/share/sensor_msgs/cmake)
-- Found ament_lint_auto: 0.17.1 (/opt/ros/jazzy/share/ament_lint_auto/cmake)
-- Added test 'cppcheck' to perform static code analysis on C / C++ code
-- Configured cppcheck include dirs: $<BUILD_INTERFACE:/home/wilson/saurcon_ws/src/joystick_drivers/joy/include>
-- Configured cppcheck exclude dirs and/or files: 
-- Added test 'cpplint' to check C / C++ code against the Google style
-- Configured cpplint exclude dirs and/or files: 
-- Added test 'flake8' to check Python code syntax and style conventions
-- Configured 'flake8' exclude dirs and/or files: 
-- Added test 'lint_cmake' to check CMake code style
-- Added test 'pep257' to check Python code against some of the docstring style conventions in PEP 257
-- Added test 'uncrustify' to check C / C++ code style
-- Configured uncrustify additional arguments: 
-- Added test 'xmllint' to check XML markup files
-- Configuring done (2.8s)
-- Generating done (0.1s)
-- Build files have been written to: /home/wilson/saurcon_ws/src/build/joy
[ 20%] [32mBuilding CXX object CMakeFiles/joy.dir/src/joy.cpp.o[0m
[ 20%] [32mBuilding CXX object CMakeFiles/joy_node.dir/rclcpp_components/node_main_joy_node.cpp.o[0m
[ 30%] [32mBuilding CXX object CMakeFiles/game_controller.dir/src/game_controller.cpp.o[0m
[ 40%] [32mBuilding CXX object CMakeFiles/game_controller_node.dir/rclcpp_components/node_main_game_controller_node.cpp.o[0m
[ 50%] [32m[1mLinking CXX executable joy_node[0m
[ 50%] Built target joy_node
[ 60%] [32mBuilding CXX object CMakeFiles/joy_enumerate_devices.dir/src/joy_enumerate_devices.cpp.o[0m
[ 70%] [32m[1mLinking CXX executable game_controller_node[0m
[ 70%] Built target game_controller_node
[ 80%] [32m[1mLinking CXX executable joy_enumerate_devices[0m
[ 80%] Built target joy_enumerate_devices
[ 90%] [32m[1mLinking CXX shared library libjoy.so[0m
[100%] [32m[1mLinking CXX shared library libgame_controller.so[0m
[100%] Built target joy
[100%] Built target game_controller
-- Install configuration: ""
-- Installing: /home/wilson/saurcon_ws/src/install/joy/lib/libjoy.so
-- Set non-toolchain portion of runtime path of "/home/wilson/saurcon_ws/src/install/joy/lib/libjoy.so" to ""
-- Installing: /home/wilson/saurcon_ws/src/install/joy/lib/joy/joy_node
-- Set non-toolchain portion of runtime path of "/home/wilson/saurcon_ws/src/install/joy/lib/joy/joy_node" to ""
-- Installing: /home/wilson/saurcon_ws/src/install/joy/lib/libgame_controller.so
-- Set non-toolchain portion of runtime path of "/home/wilson/saurcon_ws/src/install/joy/lib/libgame_controller.so" to ""
-- Installing: /home/wilson/saurcon_ws/src/install/joy/lib/joy/game_controller_node
-- Set non-toolchain portion of runtime path of "/home/wilson/saurcon_ws/src/install/joy/lib/joy/game_controller_node" to ""
-- Installing: /home/wilson/saurcon_ws/src/install/joy/lib/joy/joy_enumerate_devices
-- Installing: /home/wilson/saurcon_ws/src/install/joy/include/joy
-- Installing: /home/wilson/saurcon_ws/src/install/joy/include/joy/joy
-- Installing: /home/wilson/saurcon_ws/src/install/joy/include/joy/joy/game_controller.hpp
-- Installing: /home/wilson/saurcon_ws/src/install/joy/include/joy/joy/joy.hpp
-- Installing: /home/wilson/saurcon_ws/src/install/joy/share/joy/config
-- Installing: /home/wilson/saurcon_ws/src/install/joy/share/joy/config/joy-params.yaml
-- Installing: /home/wilson/saurcon_ws/src/install/joy/share/joy/launch
-- Installing: /home/wilson/saurcon_ws/src/install/joy/share/joy/launch/joy-launch.py
-- Installing: /home/wilson/saurcon_ws/src/install/joy/share/joy/launch/joy-composed-launch.py
-- Installing: /home/wilson/saurcon_ws/src/install/joy/share/ament_index/resource_index/package_run_dependencies/joy
-- Installing: /home/wilson/saurcon_ws/src/install/joy/share/ament_index/resource_index/parent_prefix_path/joy
-- Installing: /home/wilson/saurcon_ws/src/install/joy/share/joy/environment/ament_prefix_path.sh
-- Installing: /home/wilson/saurcon_ws/src/install/joy/share/joy/environment/ament_prefix_path.dsv
-- Installing: /home/wilson/saurcon_ws/src/install/joy/share/joy/environment/path.sh
-- Installing: /home/wilson/saurcon_ws/src/install/joy/share/joy/environment/path.dsv
-- Installing: /home/wilson/saurcon_ws/src/install/joy/share/joy/local_setup.bash
-- Installing: /home/wilson/saurcon_ws/src/install/joy/share/joy/local_setup.sh
-- Installing: /home/wilson/saurcon_ws/src/install/joy/share/joy/local_setup.zsh
-- Installing: /home/wilson/saurcon_ws/src/install/joy/share/joy/local_setup.dsv
-- Installing: /home/wilson/saurcon_ws/src/install/joy/share/joy/package.dsv
-- Installing: /home/wilson/saurcon_ws/src/install/joy/share/ament_index/resource_index/packages/joy
-- Installing: /home/wilson/saurcon_ws/src/install/joy/share/ament_index/resource_index/rclcpp_components/joy
-- Installing: /home/wilson/saurcon_ws/src/install/joy/share/joy/cmake/export_joyExport.cmake
-- Installing: /home/wilson/saurcon_ws/src/install/joy/share/joy/cmake/export_joyExport-noconfig.cmake
-- Installing: /home/wilson/saurcon_ws/src/install/joy/share/joy/cmake/export_game_controllerExport.cmake
-- Installing: /home/wilson/saurcon_ws/src/install/joy/share/joy/cmake/export_game_controllerExport-noconfig.cmake
-- Installing: /home/wilson/saurcon_ws/src/install/joy/share/joy/cmake/ament_cmake_export_targets-extras.cmake
-- Installing: /home/wilson/saurcon_ws/src/install/joy/share/joy/cmake/ament_cmake_export_dependencies-extras.cmake
-- Installing: /home/wilson/saurcon_ws/src/install/joy/share/joy/cmake/joyConfig.cmake
-- Installing: /home/wilson/saurcon_ws/src/install/joy/share/joy/cmake/joyConfig-version.cmake
-- Installing: /home/wilson/saurcon_ws/src/install/joy/share/joy/package.xml
