[0.037s] Invoking command in '/home/wilson/saurcon_ws/build/joy_linux': CMAKE_PREFIX_PATH=${CMAKE_PREFIX_PATH}:/opt/ros/jazzy DEBUGINFOD_URLS=https://debuginfod.ubuntu.com /usr/bin/cmake --build /home/wilson/saurcon_ws/build/joy_linux -- -j4 -l4
[0.286s] [ 50%] [32mBuilding CXX object CMakeFiles/joy_linux_node.dir/src/joy_linux_node.cpp.o[0m
[44.127s] [100%] [32m[1mLinking CXX executable joy_linux_node[0m
[45.482s] [100%] Built target joy_linux_node
[45.544s] Invoked command in '/home/wilson/saurcon_ws/build/joy_linux' returned '0': CMAKE_PREFIX_PATH=${CMAKE_PREFIX_PATH}:/opt/ros/jazzy DEBUGINFOD_URLS=https://debuginfod.ubuntu.com /usr/bin/cmake --build /home/wilson/saurcon_ws/build/joy_linux -- -j4 -l4
[45.552s] Invoking command in '/home/wilson/saurcon_ws/build/joy_linux': CMAKE_PREFIX_PATH=${CMAKE_PREFIX_PATH}:/opt/ros/jazzy DEBUGINFOD_URLS=https://debuginfod.ubuntu.com /usr/bin/cmake --install /home/wilson/saurcon_ws/build/joy_linux
[45.610s] -- Install configuration: ""
[45.612s] -- Installing: /home/wilson/saurcon_ws/install/joy_linux/lib/joy_linux/joy_linux_node
[45.675s] -- Set non-toolchain portion of runtime path of "/home/wilson/saurcon_ws/install/joy_linux/lib/joy_linux/joy_linux_node" to ""
[45.676s] -- Up-to-date: /home/wilson/saurcon_ws/install/joy_linux/share/ament_index/resource_index/package_run_dependencies/joy_linux
[45.677s] -- Up-to-date: /home/wilson/saurcon_ws/install/joy_linux/share/ament_index/resource_index/parent_prefix_path/joy_linux
[45.677s] -- Up-to-date: /home/wilson/saurcon_ws/install/joy_linux/share/joy_linux/environment/ament_prefix_path.sh
[45.678s] -- Up-to-date: /home/wilson/saurcon_ws/install/joy_linux/share/joy_linux/environment/ament_prefix_path.dsv
[45.678s] -- Up-to-date: /home/wilson/saurcon_ws/install/joy_linux/share/joy_linux/environment/path.sh
[45.678s] -- Up-to-date: /home/wilson/saurcon_ws/install/joy_linux/share/joy_linux/environment/path.dsv
[45.681s] -- Up-to-date: /home/wilson/saurcon_ws/install/joy_linux/share/joy_linux/local_setup.bash
[45.681s] -- Up-to-date: /home/wilson/saurcon_ws/install/joy_linux/share/joy_linux/local_setup.sh
[45.681s] -- Up-to-date: /home/wilson/saurcon_ws/install/joy_linux/share/joy_linux/local_setup.zsh
[45.683s] -- Up-to-date: /home/wilson/saurcon_ws/install/joy_linux/share/joy_linux/local_setup.dsv
[45.684s] -- Installing: /home/wilson/saurcon_ws/install/joy_linux/share/joy_linux/package.dsv
[45.688s] -- Up-to-date: /home/wilson/saurcon_ws/install/joy_linux/share/ament_index/resource_index/packages/joy_linux
[45.688s] -- Up-to-date: /home/wilson/saurcon_ws/install/joy_linux/share/joy_linux/cmake/joy_linuxConfig.cmake
[45.690s] -- Up-to-date: /home/wilson/saurcon_ws/install/joy_linux/share/joy_linux/cmake/joy_linuxConfig-version.cmake
[45.690s] -- Up-to-date: /home/wilson/saurcon_ws/install/joy_linux/share/joy_linux/package.xml
[45.706s] Invoked command in '/home/wilson/saurcon_ws/build/joy_linux' returned '0': CMAKE_PREFIX_PATH=${CMAKE_PREFIX_PATH}:/opt/ros/jazzy DEBUGINFOD_URLS=https://debuginfod.ubuntu.com /usr/bin/cmake --install /home/wilson/saurcon_ws/build/joy_linux
