[0.020s] Invoking command in '/home/wilson/saurcon_ws/build/wiimote_msgs': CMAKE_PREFIX_PATH=${CMAKE_PREFIX_PATH}:/opt/ros/jazzy DEBUGINFOD_URLS=https://debuginfod.ubuntu.com /usr/bin/cmake /home/wilson/saurcon_ws/src/joystick_drivers/wiimote_msgs -DCMAKE_INSTALL_PREFIX=/home/wilson/saurcon_ws/install/wiimote_msgs
[0.134s] -- The C compiler identification is GNU 13.3.0
[0.256s] -- The CXX compiler identification is GNU 13.3.0
[0.286s] -- Detecting C compiler ABI info
[0.437s] -- Detecting C compiler ABI info - done
[0.458s] -- Check for working C compiler: /usr/bin/cc - skipped
[0.459s] -- Detecting C compile features
[0.460s] -- Detecting C compile features - done
[0.476s] -- Detecting CXX compiler ABI info
[0.653s] -- Detecting CXX compiler ABI info - done
[0.676s] -- Check for working CXX compiler: /usr/bin/c++ - skipped
[0.677s] -- Detecting CXX compile features
[0.679s] -- Detecting CXX compile features - done
[0.689s] -- Found ament_cmake: 2.5.3 (/opt/ros/jazzy/share/ament_cmake/cmake)
[0.960s] -- Found Python3: /usr/bin/python3 (found version "3.12.3") found components: Interpreter 
[1.179s] -- Found ament_cmake_auto: 2.5.3 (/opt/ros/jazzy/share/ament_cmake_auto/cmake)
[1.434s] -- Found rosidl_generator_c: 4.6.5 (/opt/ros/jazzy/share/rosidl_generator_c/cmake)
[1.463s] -- Found rosidl_generator_cpp: 4.6.5 (/opt/ros/jazzy/share/rosidl_generator_cpp/cmake)
[1.496s] -- Using all available rosidl_typesupport_c: rosidl_typesupport_fastrtps_c;rosidl_typesupport_introspection_c
[1.537s] -- Using all available rosidl_typesupport_cpp: rosidl_typesupport_fastrtps_cpp;rosidl_typesupport_introspection_cpp
[1.677s] -- Found rosidl_adapter: 4.6.5 (/opt/ros/jazzy/share/rosidl_adapter/cmake)
[1.686s] -- Found ament_lint_auto: 0.17.1 (/opt/ros/jazzy/share/ament_lint_auto/cmake)
[2.893s] -- Found ament_cmake_ros: 0.12.0 (/opt/ros/jazzy/share/ament_cmake_ros/cmake)
[5.953s] -- Using all available rosidl_typesupport_c: rosidl_typesupport_fastrtps_c;rosidl_typesupport_introspection_c
[7.630s] -- Using all available rosidl_typesupport_cpp: rosidl_typesupport_fastrtps_cpp;rosidl_typesupport_introspection_cpp
[7.650s] -- Found python_cmake_module: 0.11.1 (/opt/ros/jazzy/share/python_cmake_module/cmake)
[8.106s] -- Found PythonExtra: /usr/bin/python3  
[10.784s] -- Found Python3: /usr/bin/python3 (found version "3.12.3") found components: Interpreter Development NumPy Development.Module Development.Embed 
[11.068s] -- Added test 'copyright' to check source files copyright and LICENSE
[11.085s] -- Added test 'lint_cmake' to check CMake code style
[11.092s] -- Added test 'xmllint' to check XML markup files
[11.131s] -- Configuring done (11.1s)
[11.350s] -- Generating done (0.2s)
[11.405s] -- Build files have been written to: /home/wilson/saurcon_ws/build/wiimote_msgs
[11.443s] Invoked command in '/home/wilson/saurcon_ws/build/wiimote_msgs' returned '0': CMAKE_PREFIX_PATH=${CMAKE_PREFIX_PATH}:/opt/ros/jazzy DEBUGINFOD_URLS=https://debuginfod.ubuntu.com /usr/bin/cmake /home/wilson/saurcon_ws/src/joystick_drivers/wiimote_msgs -DCMAKE_INSTALL_PREFIX=/home/wilson/saurcon_ws/install/wiimote_msgs
[11.446s] Invoking command in '/home/wilson/saurcon_ws/build/wiimote_msgs': CMAKE_PREFIX_PATH=${CMAKE_PREFIX_PATH}:/opt/ros/jazzy DEBUGINFOD_URLS=https://debuginfod.ubuntu.com /usr/bin/cmake --build /home/wilson/saurcon_ws/build/wiimote_msgs -- -j4 -l4
[11.705s] [  1%] [34m[1mGenerating type hashes for ROS interfaces[0m
[11.758s] [  1%] Built target ament_cmake_python_copy_wiimote_msgs
[13.315s] running egg_info
[13.317s] creating wiimote_msgs.egg-info
[13.412s] writing wiimote_msgs.egg-info/PKG-INFO
[13.414s] writing dependency_links to wiimote_msgs.egg-info/dependency_links.txt
[13.414s] writing top-level names to wiimote_msgs.egg-info/top_level.txt
[13.416s] writing manifest file 'wiimote_msgs.egg-info/SOURCES.txt'
[13.713s] reading manifest file 'wiimote_msgs.egg-info/SOURCES.txt'
[13.713s] writing manifest file 'wiimote_msgs.egg-info/SOURCES.txt'
[13.856s] [  1%] Built target ament_cmake_python_build_wiimote_msgs_egg
[15.336s] [  1%] Built target wiimote_msgs__rosidl_generator_type_description
[15.384s] [  3%] [34m[1mGenerating C code for ROS interfaces[0m
[15.427s] [  5%] [34m[1mGenerating C++ code for ROS interfaces[0m
[18.358s] [  5%] Built target wiimote_msgs__cpp
[19.620s] [  7%] [32mBuilding C object CMakeFiles/wiimote_msgs__rosidl_generator_c.dir/rosidl_generator_c/wiimote_msgs/msg/detail/ir_source_info__functions.c.o[0m
[19.622s] [  9%] [32mBuilding C object CMakeFiles/wiimote_msgs__rosidl_generator_c.dir/rosidl_generator_c/wiimote_msgs/msg/detail/ir_source_info__description.c.o[0m
[19.654s] [ 11%] [32mBuilding C object CMakeFiles/wiimote_msgs__rosidl_generator_c.dir/rosidl_generator_c/wiimote_msgs/msg/detail/ir_source_info__type_support.c.o[0m
[19.654s] [ 12%] [32mBuilding C object CMakeFiles/wiimote_msgs__rosidl_generator_c.dir/rosidl_generator_c/wiimote_msgs/msg/detail/state__description.c.o[0m
[19.780s] [ 14%] [32mBuilding C object CMakeFiles/wiimote_msgs__rosidl_generator_c.dir/rosidl_generator_c/wiimote_msgs/msg/detail/state__functions.c.o[0m
[19.890s] [ 16%] [32mBuilding C object CMakeFiles/wiimote_msgs__rosidl_generator_c.dir/rosidl_generator_c/wiimote_msgs/msg/detail/state__type_support.c.o[0m
[19.903s] [ 18%] [32mBuilding C object CMakeFiles/wiimote_msgs__rosidl_generator_c.dir/rosidl_generator_c/wiimote_msgs/msg/detail/timed_switch__description.c.o[0m
[19.950s] [ 20%] [32mBuilding C object CMakeFiles/wiimote_msgs__rosidl_generator_c.dir/rosidl_generator_c/wiimote_msgs/msg/detail/timed_switch__functions.c.o[0m
[20.021s] [ 22%] [32mBuilding C object CMakeFiles/wiimote_msgs__rosidl_generator_c.dir/rosidl_generator_c/wiimote_msgs/msg/detail/timed_switch__type_support.c.o[0m
[20.144s] [ 24%] [32m[1mLinking C shared library libwiimote_msgs__rosidl_generator_c.so[0m
[20.304s] [ 24%] Built target wiimote_msgs__rosidl_generator_c
[20.349s] [ 25%] [34m[1mGenerating C++ type support dispatch for ROS interfaces[0m
[20.355s] [ 27%] [34m[1mGenerating C type support for eProsima Fast-RTPS[0m
[20.356s] [ 29%] [34m[1mGenerating C introspection for ROS interfaces[0m
[20.359s] [ 31%] [34m[1mGenerating C++ type support for eProsima Fast-RTPS[0m
[24.530s] [ 33%] [32mBuilding CXX object CMakeFiles/wiimote_msgs__rosidl_typesupport_cpp.dir/rosidl_typesupport_cpp/wiimote_msgs/msg/ir_source_info__type_support.cpp.o[0m
[24.589s] [ 35%] [32mBuilding C object CMakeFiles/wiimote_msgs__rosidl_typesupport_introspection_c.dir/rosidl_typesupport_introspection_c/wiimote_msgs/msg/detail/ir_source_info__type_support.c.o[0m
[24.759s] [ 37%] [32mBuilding C object CMakeFiles/wiimote_msgs__rosidl_typesupport_introspection_c.dir/rosidl_typesupport_introspection_c/wiimote_msgs/msg/detail/state__type_support.c.o[0m
[24.959s] [ 38%] [32mBuilding C object CMakeFiles/wiimote_msgs__rosidl_typesupport_introspection_c.dir/rosidl_typesupport_introspection_c/wiimote_msgs/msg/detail/timed_switch__type_support.c.o[0m
[25.266s] [ 40%] [32m[1mLinking C shared library libwiimote_msgs__rosidl_typesupport_introspection_c.so[0m
[25.494s] [ 40%] Built target wiimote_msgs__rosidl_typesupport_introspection_c
[25.541s] [ 42%] [34m[1mGenerating C type support dispatch for ROS interfaces[0m
[25.547s] [ 44%] [32mBuilding CXX object CMakeFiles/wiimote_msgs__rosidl_typesupport_fastrtps_cpp.dir/rosidl_typesupport_fastrtps_cpp/wiimote_msgs/msg/detail/dds_fastrtps/ir_source_info__type_support.cpp.o[0m
[26.056s] [ 46%] [32mBuilding CXX object CMakeFiles/wiimote_msgs__rosidl_typesupport_fastrtps_c.dir/rosidl_typesupport_fastrtps_c/wiimote_msgs/msg/detail/ir_source_info__type_support_c.cpp.o[0m
[26.482s] [ 48%] [32mBuilding CXX object CMakeFiles/wiimote_msgs__rosidl_typesupport_cpp.dir/rosidl_typesupport_cpp/wiimote_msgs/msg/state__type_support.cpp.o[0m
[27.536s] [ 50%] [32mBuilding CXX object CMakeFiles/wiimote_msgs__rosidl_typesupport_fastrtps_c.dir/rosidl_typesupport_fastrtps_c/wiimote_msgs/msg/detail/state__type_support_c.cpp.o[0m
[28.011s] [ 51%] [32mBuilding CXX object CMakeFiles/wiimote_msgs__rosidl_typesupport_fastrtps_cpp.dir/rosidl_typesupport_fastrtps_cpp/wiimote_msgs/msg/detail/dds_fastrtps/state__type_support.cpp.o[0m
[28.253s] [ 53%] [32mBuilding CXX object CMakeFiles/wiimote_msgs__rosidl_typesupport_cpp.dir/rosidl_typesupport_cpp/wiimote_msgs/msg/timed_switch__type_support.cpp.o[0m
[28.920s] [ 55%] [32mBuilding CXX object CMakeFiles/wiimote_msgs__rosidl_typesupport_c.dir/rosidl_typesupport_c/wiimote_msgs/msg/ir_source_info__type_support.cpp.o[0m
[29.159s] [ 57%] [32mBuilding CXX object CMakeFiles/wiimote_msgs__rosidl_typesupport_c.dir/rosidl_typesupport_c/wiimote_msgs/msg/state__type_support.cpp.o[0m
[29.401s] [ 59%] [32mBuilding CXX object CMakeFiles/wiimote_msgs__rosidl_typesupport_c.dir/rosidl_typesupport_c/wiimote_msgs/msg/timed_switch__type_support.cpp.o[0m
[29.596s] [ 61%] [32m[1mLinking CXX shared library libwiimote_msgs__rosidl_typesupport_c.so[0m
[29.805s] [ 61%] Built target wiimote_msgs__rosidl_typesupport_c
[29.848s] [ 62%] [32mBuilding CXX object CMakeFiles/wiimote_msgs__rosidl_typesupport_fastrtps_c.dir/rosidl_typesupport_fastrtps_c/wiimote_msgs/msg/detail/timed_switch__type_support_c.cpp.o[0m
[29.865s] [ 64%] [32m[1mLinking CXX shared library libwiimote_msgs__rosidl_typesupport_cpp.so[0m
[30.048s] [ 64%] Built target wiimote_msgs__rosidl_typesupport_cpp
[30.082s] [ 66%] [34m[1mGenerating C++ introspection for ROS interfaces[0m
[31.087s] [ 68%] [32mBuilding CXX object CMakeFiles/wiimote_msgs__rosidl_typesupport_fastrtps_cpp.dir/rosidl_typesupport_fastrtps_cpp/wiimote_msgs/msg/detail/dds_fastrtps/timed_switch__type_support.cpp.o[0m
[31.495s] [ 70%] [32m[1mLinking CXX shared library libwiimote_msgs__rosidl_typesupport_fastrtps_c.so[0m
[31.790s] [ 70%] Built target wiimote_msgs__rosidl_typesupport_fastrtps_c
[32.785s] [ 72%] [32m[1mLinking CXX shared library libwiimote_msgs__rosidl_typesupport_fastrtps_cpp.so[0m
[32.997s] [ 72%] Built target wiimote_msgs__rosidl_typesupport_fastrtps_cpp
[33.802s] [ 74%] [32mBuilding CXX object CMakeFiles/wiimote_msgs__rosidl_typesupport_introspection_cpp.dir/rosidl_typesupport_introspection_cpp/wiimote_msgs/msg/detail/ir_source_info__type_support.cpp.o[0m
[34.740s] [ 75%] [32mBuilding CXX object CMakeFiles/wiimote_msgs__rosidl_typesupport_introspection_cpp.dir/rosidl_typesupport_introspection_cpp/wiimote_msgs/msg/detail/timed_switch__type_support.cpp.o[0m
[35.497s] [ 77%] [32mBuilding CXX object CMakeFiles/wiimote_msgs__rosidl_typesupport_introspection_cpp.dir/rosidl_typesupport_introspection_cpp/wiimote_msgs/msg/detail/state__type_support.cpp.o[0m
[36.333s] [ 79%] [32m[1mLinking CXX shared library libwiimote_msgs__rosidl_typesupport_introspection_cpp.so[0m
[36.500s] [ 79%] Built target wiimote_msgs__rosidl_typesupport_introspection_cpp
[36.535s] [ 79%] Built target wiimote_msgs
[36.561s] [ 81%] [34m[1mGenerating Python code for ROS interfaces[0m
[38.293s] [ 81%] Built target wiimote_msgs__py
[38.322s] [ 83%] [32mBuilding C object CMakeFiles/wiimote_msgs__rosidl_generator_py.dir/rosidl_generator_py/wiimote_msgs/msg/_ir_source_info_s.c.o[0m
[38.544s] [ 85%] [32mBuilding C object CMakeFiles/wiimote_msgs__rosidl_generator_py.dir/rosidl_generator_py/wiimote_msgs/msg/_timed_switch_s.c.o[0m
[38.742s] [ 87%] [32mBuilding C object CMakeFiles/wiimote_msgs__rosidl_generator_py.dir/rosidl_generator_py/wiimote_msgs/msg/_state_s.c.o[0m
[38.964s] [ 88%] [32m[1mLinking C shared library libwiimote_msgs__rosidl_generator_py.so[0m
[39.018s] [ 88%] Built target wiimote_msgs__rosidl_generator_py
[39.042s] [ 90%] [32mBuilding C object CMakeFiles/wiimote_msgs_s__rosidl_typesupport_fastrtps_c.dir/rosidl_generator_py/wiimote_msgs/_wiimote_msgs_s.ep.rosidl_typesupport_fastrtps_c.c.o[0m
[39.184s] [ 92%] [32m[1mLinking C shared module rosidl_generator_py/wiimote_msgs/wiimote_msgs_s__rosidl_typesupport_fastrtps_c.so[0m
[39.223s] [ 92%] Built target wiimote_msgs_s__rosidl_typesupport_fastrtps_c
[39.246s] [ 94%] [32mBuilding C object CMakeFiles/wiimote_msgs_s__rosidl_typesupport_c.dir/rosidl_generator_py/wiimote_msgs/_wiimote_msgs_s.ep.rosidl_typesupport_c.c.o[0m
[39.376s] [ 96%] [32m[1mLinking C shared module rosidl_generator_py/wiimote_msgs/wiimote_msgs_s__rosidl_typesupport_c.so[0m
[39.414s] [ 96%] Built target wiimote_msgs_s__rosidl_typesupport_c
[39.437s] [ 98%] [32mBuilding C object CMakeFiles/wiimote_msgs_s__rosidl_typesupport_introspection_c.dir/rosidl_generator_py/wiimote_msgs/_wiimote_msgs_s.ep.rosidl_typesupport_introspection_c.c.o[0m
[39.568s] [100%] [32m[1mLinking C shared module rosidl_generator_py/wiimote_msgs/wiimote_msgs_s__rosidl_typesupport_introspection_c.so[0m
[39.607s] [100%] Built target wiimote_msgs_s__rosidl_typesupport_introspection_c
[39.621s] Invoked command in '/home/wilson/saurcon_ws/build/wiimote_msgs' returned '0': CMAKE_PREFIX_PATH=${CMAKE_PREFIX_PATH}:/opt/ros/jazzy DEBUGINFOD_URLS=https://debuginfod.ubuntu.com /usr/bin/cmake --build /home/wilson/saurcon_ws/build/wiimote_msgs -- -j4 -l4
[39.622s] Invoking command in '/home/wilson/saurcon_ws/build/wiimote_msgs': CMAKE_PREFIX_PATH=${CMAKE_PREFIX_PATH}:/opt/ros/jazzy DEBUGINFOD_URLS=https://debuginfod.ubuntu.com /usr/bin/cmake --install /home/wilson/saurcon_ws/build/wiimote_msgs
[39.632s] -- Install configuration: ""
[39.632s] -- Installing: /home/wilson/saurcon_ws/install/wiimote_msgs/share/ament_index/resource_index/rosidl_interfaces/wiimote_msgs
[39.632s] -- Installing: /home/wilson/saurcon_ws/install/wiimote_msgs/share/wiimote_msgs/msg/IrSourceInfo.json
[39.633s] -- Installing: /home/wilson/saurcon_ws/install/wiimote_msgs/share/wiimote_msgs/msg/State.json
[39.633s] -- Installing: /home/wilson/saurcon_ws/install/wiimote_msgs/share/wiimote_msgs/msg/TimedSwitch.json
[39.633s] -- Installing: /home/wilson/saurcon_ws/install/wiimote_msgs/include/wiimote_msgs/wiimote_msgs
[39.633s] -- Installing: /home/wilson/saurcon_ws/install/wiimote_msgs/include/wiimote_msgs/wiimote_msgs/msg
[39.633s] -- Installing: /home/wilson/saurcon_ws/install/wiimote_msgs/include/wiimote_msgs/wiimote_msgs/msg/rosidl_generator_c__visibility_control.h
[39.633s] -- Installing: /home/wilson/saurcon_ws/install/wiimote_msgs/include/wiimote_msgs/wiimote_msgs/msg/timed_switch.h
[39.633s] -- Installing: /home/wilson/saurcon_ws/install/wiimote_msgs/include/wiimote_msgs/wiimote_msgs/msg/state.h
[39.634s] -- Installing: /home/wilson/saurcon_ws/install/wiimote_msgs/include/wiimote_msgs/wiimote_msgs/msg/ir_source_info.h
[39.634s] -- Installing: /home/wilson/saurcon_ws/install/wiimote_msgs/include/wiimote_msgs/wiimote_msgs/msg/detail
[39.634s] -- Installing: /home/wilson/saurcon_ws/install/wiimote_msgs/include/wiimote_msgs/wiimote_msgs/msg/detail/ir_source_info__type_support.h
[39.634s] -- Installing: /home/wilson/saurcon_ws/install/wiimote_msgs/include/wiimote_msgs/wiimote_msgs/msg/detail/state__type_support.c
[39.634s] -- Installing: /home/wilson/saurcon_ws/install/wiimote_msgs/include/wiimote_msgs/wiimote_msgs/msg/detail/timed_switch__description.c
[39.634s] -- Installing: /home/wilson/saurcon_ws/install/wiimote_msgs/include/wiimote_msgs/wiimote_msgs/msg/detail/timed_switch__type_support.h
[39.634s] -- Installing: /home/wilson/saurcon_ws/install/wiimote_msgs/include/wiimote_msgs/wiimote_msgs/msg/detail/timed_switch__type_support.c
[39.635s] -- Installing: /home/wilson/saurcon_ws/install/wiimote_msgs/include/wiimote_msgs/wiimote_msgs/msg/detail/state__type_support.h
[39.635s] -- Installing: /home/wilson/saurcon_ws/install/wiimote_msgs/include/wiimote_msgs/wiimote_msgs/msg/detail/ir_source_info__type_support.c
[39.635s] -- Installing: /home/wilson/saurcon_ws/install/wiimote_msgs/include/wiimote_msgs/wiimote_msgs/msg/detail/state__functions.h
[39.635s] -- Installing: /home/wilson/saurcon_ws/install/wiimote_msgs/include/wiimote_msgs/wiimote_msgs/msg/detail/timed_switch__functions.h
[39.635s] -- Installing: /home/wilson/saurcon_ws/install/wiimote_msgs/include/wiimote_msgs/wiimote_msgs/msg/detail/ir_source_info__description.c
[39.635s] -- Installing: /home/wilson/saurcon_ws/install/wiimote_msgs/include/wiimote_msgs/wiimote_msgs/msg/detail/timed_switch__struct.h
[39.635s] -- Installing: /home/wilson/saurcon_ws/install/wiimote_msgs/include/wiimote_msgs/wiimote_msgs/msg/detail/state__struct.h
[39.635s] -- Installing: /home/wilson/saurcon_ws/install/wiimote_msgs/include/wiimote_msgs/wiimote_msgs/msg/detail/state__functions.c
[39.636s] -- Installing: /home/wilson/saurcon_ws/install/wiimote_msgs/include/wiimote_msgs/wiimote_msgs/msg/detail/ir_source_info__functions.c
[39.636s] -- Installing: /home/wilson/saurcon_ws/install/wiimote_msgs/include/wiimote_msgs/wiimote_msgs/msg/detail/ir_source_info__functions.h
[39.636s] -- Installing: /home/wilson/saurcon_ws/install/wiimote_msgs/include/wiimote_msgs/wiimote_msgs/msg/detail/ir_source_info__struct.h
[39.636s] -- Installing: /home/wilson/saurcon_ws/install/wiimote_msgs/include/wiimote_msgs/wiimote_msgs/msg/detail/timed_switch__functions.c
[39.636s] -- Installing: /home/wilson/saurcon_ws/install/wiimote_msgs/include/wiimote_msgs/wiimote_msgs/msg/detail/state__description.c
[39.637s] -- Installing: /home/wilson/saurcon_ws/install/wiimote_msgs/share/wiimote_msgs/environment/library_path.sh
[39.637s] -- Installing: /home/wilson/saurcon_ws/install/wiimote_msgs/share/wiimote_msgs/environment/library_path.dsv
[39.637s] -- Installing: /home/wilson/saurcon_ws/install/wiimote_msgs/lib/libwiimote_msgs__rosidl_generator_c.so
[39.638s] -- Set non-toolchain portion of runtime path of "/home/wilson/saurcon_ws/install/wiimote_msgs/lib/libwiimote_msgs__rosidl_generator_c.so" to ""
[39.638s] -- Up-to-date: /home/wilson/saurcon_ws/install/wiimote_msgs/include/wiimote_msgs/wiimote_msgs
[39.638s] -- Up-to-date: /home/wilson/saurcon_ws/install/wiimote_msgs/include/wiimote_msgs/wiimote_msgs/msg
[39.638s] -- Installing: /home/wilson/saurcon_ws/install/wiimote_msgs/include/wiimote_msgs/wiimote_msgs/msg/rosidl_typesupport_fastrtps_c__visibility_control.h
[39.638s] -- Up-to-date: /home/wilson/saurcon_ws/install/wiimote_msgs/include/wiimote_msgs/wiimote_msgs/msg/detail
[39.638s] -- Installing: /home/wilson/saurcon_ws/install/wiimote_msgs/include/wiimote_msgs/wiimote_msgs/msg/detail/state__rosidl_typesupport_fastrtps_c.h
[39.639s] -- Installing: /home/wilson/saurcon_ws/install/wiimote_msgs/include/wiimote_msgs/wiimote_msgs/msg/detail/timed_switch__rosidl_typesupport_fastrtps_c.h
[39.639s] -- Installing: /home/wilson/saurcon_ws/install/wiimote_msgs/include/wiimote_msgs/wiimote_msgs/msg/detail/ir_source_info__rosidl_typesupport_fastrtps_c.h
[39.639s] -- Installing: /home/wilson/saurcon_ws/install/wiimote_msgs/lib/libwiimote_msgs__rosidl_typesupport_fastrtps_c.so
[39.639s] -- Set non-toolchain portion of runtime path of "/home/wilson/saurcon_ws/install/wiimote_msgs/lib/libwiimote_msgs__rosidl_typesupport_fastrtps_c.so" to ""
[39.639s] -- Up-to-date: /home/wilson/saurcon_ws/install/wiimote_msgs/include/wiimote_msgs/wiimote_msgs
[39.639s] -- Up-to-date: /home/wilson/saurcon_ws/install/wiimote_msgs/include/wiimote_msgs/wiimote_msgs/msg
[39.639s] -- Installing: /home/wilson/saurcon_ws/install/wiimote_msgs/include/wiimote_msgs/wiimote_msgs/msg/timed_switch.hpp
[39.640s] -- Installing: /home/wilson/saurcon_ws/install/wiimote_msgs/include/wiimote_msgs/wiimote_msgs/msg/state.hpp
[39.640s] -- Installing: /home/wilson/saurcon_ws/install/wiimote_msgs/include/wiimote_msgs/wiimote_msgs/msg/rosidl_generator_cpp__visibility_control.hpp
[39.640s] -- Installing: /home/wilson/saurcon_ws/install/wiimote_msgs/include/wiimote_msgs/wiimote_msgs/msg/ir_source_info.hpp
[39.640s] -- Up-to-date: /home/wilson/saurcon_ws/install/wiimote_msgs/include/wiimote_msgs/wiimote_msgs/msg/detail
[39.640s] -- Installing: /home/wilson/saurcon_ws/install/wiimote_msgs/include/wiimote_msgs/wiimote_msgs/msg/detail/timed_switch__traits.hpp
[39.640s] -- Installing: /home/wilson/saurcon_ws/install/wiimote_msgs/include/wiimote_msgs/wiimote_msgs/msg/detail/state__traits.hpp
[39.641s] -- Installing: /home/wilson/saurcon_ws/install/wiimote_msgs/include/wiimote_msgs/wiimote_msgs/msg/detail/state__struct.hpp
[39.641s] -- Installing: /home/wilson/saurcon_ws/install/wiimote_msgs/include/wiimote_msgs/wiimote_msgs/msg/detail/ir_source_info__builder.hpp
[39.641s] -- Installing: /home/wilson/saurcon_ws/install/wiimote_msgs/include/wiimote_msgs/wiimote_msgs/msg/detail/state__builder.hpp
[39.641s] -- Installing: /home/wilson/saurcon_ws/install/wiimote_msgs/include/wiimote_msgs/wiimote_msgs/msg/detail/ir_source_info__struct.hpp
[39.641s] -- Installing: /home/wilson/saurcon_ws/install/wiimote_msgs/include/wiimote_msgs/wiimote_msgs/msg/detail/ir_source_info__traits.hpp
[39.642s] -- Installing: /home/wilson/saurcon_ws/install/wiimote_msgs/include/wiimote_msgs/wiimote_msgs/msg/detail/ir_source_info__type_support.hpp
[39.642s] -- Installing: /home/wilson/saurcon_ws/install/wiimote_msgs/include/wiimote_msgs/wiimote_msgs/msg/detail/state__type_support.hpp
[39.642s] -- Installing: /home/wilson/saurcon_ws/install/wiimote_msgs/include/wiimote_msgs/wiimote_msgs/msg/detail/timed_switch__struct.hpp
[39.642s] -- Installing: /home/wilson/saurcon_ws/install/wiimote_msgs/include/wiimote_msgs/wiimote_msgs/msg/detail/timed_switch__builder.hpp
[39.642s] -- Installing: /home/wilson/saurcon_ws/install/wiimote_msgs/include/wiimote_msgs/wiimote_msgs/msg/detail/timed_switch__type_support.hpp
[39.642s] -- Up-to-date: /home/wilson/saurcon_ws/install/wiimote_msgs/include/wiimote_msgs/wiimote_msgs
[39.642s] -- Up-to-date: /home/wilson/saurcon_ws/install/wiimote_msgs/include/wiimote_msgs/wiimote_msgs/msg
[39.643s] -- Installing: /home/wilson/saurcon_ws/install/wiimote_msgs/include/wiimote_msgs/wiimote_msgs/msg/rosidl_typesupport_fastrtps_cpp__visibility_control.h
[39.643s] -- Up-to-date: /home/wilson/saurcon_ws/install/wiimote_msgs/include/wiimote_msgs/wiimote_msgs/msg/detail
[39.643s] -- Installing: /home/wilson/saurcon_ws/install/wiimote_msgs/include/wiimote_msgs/wiimote_msgs/msg/detail/ir_source_info__rosidl_typesupport_fastrtps_cpp.hpp
[39.643s] -- Installing: /home/wilson/saurcon_ws/install/wiimote_msgs/include/wiimote_msgs/wiimote_msgs/msg/detail/dds_fastrtps
[39.643s] -- Installing: /home/wilson/saurcon_ws/install/wiimote_msgs/include/wiimote_msgs/wiimote_msgs/msg/detail/state__rosidl_typesupport_fastrtps_cpp.hpp
[39.643s] -- Installing: /home/wilson/saurcon_ws/install/wiimote_msgs/include/wiimote_msgs/wiimote_msgs/msg/detail/timed_switch__rosidl_typesupport_fastrtps_cpp.hpp
[39.643s] -- Installing: /home/wilson/saurcon_ws/install/wiimote_msgs/lib/libwiimote_msgs__rosidl_typesupport_fastrtps_cpp.so
[39.644s] -- Set non-toolchain portion of runtime path of "/home/wilson/saurcon_ws/install/wiimote_msgs/lib/libwiimote_msgs__rosidl_typesupport_fastrtps_cpp.so" to ""
[39.644s] -- Up-to-date: /home/wilson/saurcon_ws/install/wiimote_msgs/include/wiimote_msgs/wiimote_msgs
[39.644s] -- Up-to-date: /home/wilson/saurcon_ws/install/wiimote_msgs/include/wiimote_msgs/wiimote_msgs/msg
[39.644s] -- Installing: /home/wilson/saurcon_ws/install/wiimote_msgs/include/wiimote_msgs/wiimote_msgs/msg/rosidl_typesupport_introspection_c__visibility_control.h
[39.644s] -- Up-to-date: /home/wilson/saurcon_ws/install/wiimote_msgs/include/wiimote_msgs/wiimote_msgs/msg/detail
[39.644s] -- Installing: /home/wilson/saurcon_ws/install/wiimote_msgs/include/wiimote_msgs/wiimote_msgs/msg/detail/state__type_support.c
[39.645s] -- Installing: /home/wilson/saurcon_ws/install/wiimote_msgs/include/wiimote_msgs/wiimote_msgs/msg/detail/timed_switch__type_support.c
[39.645s] -- Installing: /home/wilson/saurcon_ws/install/wiimote_msgs/include/wiimote_msgs/wiimote_msgs/msg/detail/ir_source_info__type_support.c
[39.645s] -- Installing: /home/wilson/saurcon_ws/install/wiimote_msgs/include/wiimote_msgs/wiimote_msgs/msg/detail/ir_source_info__rosidl_typesupport_introspection_c.h
[39.645s] -- Installing: /home/wilson/saurcon_ws/install/wiimote_msgs/include/wiimote_msgs/wiimote_msgs/msg/detail/state__rosidl_typesupport_introspection_c.h
[39.645s] -- Installing: /home/wilson/saurcon_ws/install/wiimote_msgs/include/wiimote_msgs/wiimote_msgs/msg/detail/timed_switch__rosidl_typesupport_introspection_c.h
[39.645s] -- Installing: /home/wilson/saurcon_ws/install/wiimote_msgs/lib/libwiimote_msgs__rosidl_typesupport_introspection_c.so
[39.646s] -- Set non-toolchain portion of runtime path of "/home/wilson/saurcon_ws/install/wiimote_msgs/lib/libwiimote_msgs__rosidl_typesupport_introspection_c.so" to ""
[39.646s] -- Installing: /home/wilson/saurcon_ws/install/wiimote_msgs/lib/libwiimote_msgs__rosidl_typesupport_c.so
[39.646s] -- Set non-toolchain portion of runtime path of "/home/wilson/saurcon_ws/install/wiimote_msgs/lib/libwiimote_msgs__rosidl_typesupport_c.so" to ""
[39.646s] -- Up-to-date: /home/wilson/saurcon_ws/install/wiimote_msgs/include/wiimote_msgs/wiimote_msgs
[39.646s] -- Up-to-date: /home/wilson/saurcon_ws/install/wiimote_msgs/include/wiimote_msgs/wiimote_msgs/msg
[39.646s] -- Up-to-date: /home/wilson/saurcon_ws/install/wiimote_msgs/include/wiimote_msgs/wiimote_msgs/msg/detail
[39.647s] -- Installing: /home/wilson/saurcon_ws/install/wiimote_msgs/include/wiimote_msgs/wiimote_msgs/msg/detail/timed_switch__type_support.cpp
[39.647s] -- Installing: /home/wilson/saurcon_ws/install/wiimote_msgs/include/wiimote_msgs/wiimote_msgs/msg/detail/state__rosidl_typesupport_introspection_cpp.hpp
[39.647s] -- Installing: /home/wilson/saurcon_ws/install/wiimote_msgs/include/wiimote_msgs/wiimote_msgs/msg/detail/ir_source_info__type_support.cpp
[39.647s] -- Installing: /home/wilson/saurcon_ws/install/wiimote_msgs/include/wiimote_msgs/wiimote_msgs/msg/detail/ir_source_info__rosidl_typesupport_introspection_cpp.hpp
[39.647s] -- Installing: /home/wilson/saurcon_ws/install/wiimote_msgs/include/wiimote_msgs/wiimote_msgs/msg/detail/timed_switch__rosidl_typesupport_introspection_cpp.hpp
[39.647s] -- Installing: /home/wilson/saurcon_ws/install/wiimote_msgs/include/wiimote_msgs/wiimote_msgs/msg/detail/state__type_support.cpp
[39.647s] -- Installing: /home/wilson/saurcon_ws/install/wiimote_msgs/lib/libwiimote_msgs__rosidl_typesupport_introspection_cpp.so
[39.648s] -- Set non-toolchain portion of runtime path of "/home/wilson/saurcon_ws/install/wiimote_msgs/lib/libwiimote_msgs__rosidl_typesupport_introspection_cpp.so" to ""
[39.648s] -- Installing: /home/wilson/saurcon_ws/install/wiimote_msgs/lib/libwiimote_msgs__rosidl_typesupport_cpp.so
[39.648s] -- Set non-toolchain portion of runtime path of "/home/wilson/saurcon_ws/install/wiimote_msgs/lib/libwiimote_msgs__rosidl_typesupport_cpp.so" to ""
[39.648s] -- Installing: /home/wilson/saurcon_ws/install/wiimote_msgs/share/wiimote_msgs/environment/pythonpath.sh
[39.648s] -- Installing: /home/wilson/saurcon_ws/install/wiimote_msgs/share/wiimote_msgs/environment/pythonpath.dsv
[39.648s] -- Installing: /home/wilson/saurcon_ws/install/wiimote_msgs/lib/python3.12/site-packages/wiimote_msgs-3.3.0-py3.12.egg-info
[39.649s] -- Installing: /home/wilson/saurcon_ws/install/wiimote_msgs/lib/python3.12/site-packages/wiimote_msgs-3.3.0-py3.12.egg-info/SOURCES.txt
[39.649s] -- Installing: /home/wilson/saurcon_ws/install/wiimote_msgs/lib/python3.12/site-packages/wiimote_msgs-3.3.0-py3.12.egg-info/PKG-INFO
[39.649s] -- Installing: /home/wilson/saurcon_ws/install/wiimote_msgs/lib/python3.12/site-packages/wiimote_msgs-3.3.0-py3.12.egg-info/dependency_links.txt
[39.649s] -- Installing: /home/wilson/saurcon_ws/install/wiimote_msgs/lib/python3.12/site-packages/wiimote_msgs-3.3.0-py3.12.egg-info/top_level.txt
[39.649s] -- Installing: /home/wilson/saurcon_ws/install/wiimote_msgs/lib/python3.12/site-packages/wiimote_msgs
[39.649s] -- Installing: /home/wilson/saurcon_ws/install/wiimote_msgs/lib/python3.12/site-packages/wiimote_msgs/wiimote_msgs_s__rosidl_typesupport_c.so
[39.650s] -- Installing: /home/wilson/saurcon_ws/install/wiimote_msgs/lib/python3.12/site-packages/wiimote_msgs/_wiimote_msgs_s.ep.rosidl_typesupport_introspection_c.c
[39.650s] -- Installing: /home/wilson/saurcon_ws/install/wiimote_msgs/lib/python3.12/site-packages/wiimote_msgs/wiimote_msgs_s__rosidl_typesupport_introspection_c.so
[39.650s] -- Installing: /home/wilson/saurcon_ws/install/wiimote_msgs/lib/python3.12/site-packages/wiimote_msgs/_wiimote_msgs_s.ep.rosidl_typesupport_c.c
[39.650s] -- Installing: /home/wilson/saurcon_ws/install/wiimote_msgs/lib/python3.12/site-packages/wiimote_msgs/wiimote_msgs_s__rosidl_typesupport_fastrtps_c.so
[39.650s] -- Installing: /home/wilson/saurcon_ws/install/wiimote_msgs/lib/python3.12/site-packages/wiimote_msgs/__init__.py
[39.650s] -- Installing: /home/wilson/saurcon_ws/install/wiimote_msgs/lib/python3.12/site-packages/wiimote_msgs/_wiimote_msgs_s.ep.rosidl_typesupport_fastrtps_c.c
[39.650s] -- Installing: /home/wilson/saurcon_ws/install/wiimote_msgs/lib/python3.12/site-packages/wiimote_msgs/msg
[39.651s] -- Installing: /home/wilson/saurcon_ws/install/wiimote_msgs/lib/python3.12/site-packages/wiimote_msgs/msg/_state_s.c
[39.651s] -- Installing: /home/wilson/saurcon_ws/install/wiimote_msgs/lib/python3.12/site-packages/wiimote_msgs/msg/_state.py
[39.651s] -- Installing: /home/wilson/saurcon_ws/install/wiimote_msgs/lib/python3.12/site-packages/wiimote_msgs/msg/_ir_source_info_s.c
[39.651s] -- Installing: /home/wilson/saurcon_ws/install/wiimote_msgs/lib/python3.12/site-packages/wiimote_msgs/msg/_timed_switch.py
[39.651s] -- Installing: /home/wilson/saurcon_ws/install/wiimote_msgs/lib/python3.12/site-packages/wiimote_msgs/msg/_ir_source_info.py
[39.651s] -- Installing: /home/wilson/saurcon_ws/install/wiimote_msgs/lib/python3.12/site-packages/wiimote_msgs/msg/__init__.py
[39.651s] -- Installing: /home/wilson/saurcon_ws/install/wiimote_msgs/lib/python3.12/site-packages/wiimote_msgs/msg/_timed_switch_s.c
[39.704s] Listing '/home/wilson/saurcon_ws/install/wiimote_msgs/lib/python3.12/site-packages/wiimote_msgs'...
[39.704s] Compiling '/home/wilson/saurcon_ws/install/wiimote_msgs/lib/python3.12/site-packages/wiimote_msgs/__init__.py'...
[39.704s] Listing '/home/wilson/saurcon_ws/install/wiimote_msgs/lib/python3.12/site-packages/wiimote_msgs/msg'...
[39.704s] Compiling '/home/wilson/saurcon_ws/install/wiimote_msgs/lib/python3.12/site-packages/wiimote_msgs/msg/__init__.py'...
[39.704s] Compiling '/home/wilson/saurcon_ws/install/wiimote_msgs/lib/python3.12/site-packages/wiimote_msgs/msg/_ir_source_info.py'...
[39.704s] Compiling '/home/wilson/saurcon_ws/install/wiimote_msgs/lib/python3.12/site-packages/wiimote_msgs/msg/_state.py'...
[39.705s] Compiling '/home/wilson/saurcon_ws/install/wiimote_msgs/lib/python3.12/site-packages/wiimote_msgs/msg/_timed_switch.py'...
[39.712s] -- Installing: /home/wilson/saurcon_ws/install/wiimote_msgs/lib/python3.12/site-packages/wiimote_msgs/wiimote_msgs_s__rosidl_typesupport_fastrtps_c.so
[39.712s] -- Set non-toolchain portion of runtime path of "/home/wilson/saurcon_ws/install/wiimote_msgs/lib/python3.12/site-packages/wiimote_msgs/wiimote_msgs_s__rosidl_typesupport_fastrtps_c.so" to ""
[39.712s] -- Installing: /home/wilson/saurcon_ws/install/wiimote_msgs/lib/python3.12/site-packages/wiimote_msgs/wiimote_msgs_s__rosidl_typesupport_introspection_c.so
[39.713s] -- Set non-toolchain portion of runtime path of "/home/wilson/saurcon_ws/install/wiimote_msgs/lib/python3.12/site-packages/wiimote_msgs/wiimote_msgs_s__rosidl_typesupport_introspection_c.so" to ""
[39.713s] -- Installing: /home/wilson/saurcon_ws/install/wiimote_msgs/lib/python3.12/site-packages/wiimote_msgs/wiimote_msgs_s__rosidl_typesupport_c.so
[39.714s] -- Set non-toolchain portion of runtime path of "/home/wilson/saurcon_ws/install/wiimote_msgs/lib/python3.12/site-packages/wiimote_msgs/wiimote_msgs_s__rosidl_typesupport_c.so" to ""
[39.714s] -- Installing: /home/wilson/saurcon_ws/install/wiimote_msgs/lib/libwiimote_msgs__rosidl_generator_py.so
[39.715s] -- Set non-toolchain portion of runtime path of "/home/wilson/saurcon_ws/install/wiimote_msgs/lib/libwiimote_msgs__rosidl_generator_py.so" to ""
[39.715s] -- Installing: /home/wilson/saurcon_ws/install/wiimote_msgs/share/wiimote_msgs/msg/IrSourceInfo.idl
[39.715s] -- Installing: /home/wilson/saurcon_ws/install/wiimote_msgs/share/wiimote_msgs/msg/State.idl
[39.715s] -- Installing: /home/wilson/saurcon_ws/install/wiimote_msgs/share/wiimote_msgs/msg/TimedSwitch.idl
[39.715s] -- Installing: /home/wilson/saurcon_ws/install/wiimote_msgs/share/wiimote_msgs/msg/IrSourceInfo.msg
[39.716s] -- Installing: /home/wilson/saurcon_ws/install/wiimote_msgs/share/wiimote_msgs/msg/State.msg
[39.716s] -- Installing: /home/wilson/saurcon_ws/install/wiimote_msgs/share/wiimote_msgs/msg/TimedSwitch.msg
[39.716s] -- Installing: /home/wilson/saurcon_ws/install/wiimote_msgs/share/ament_index/resource_index/package_run_dependencies/wiimote_msgs
[39.716s] -- Installing: /home/wilson/saurcon_ws/install/wiimote_msgs/share/ament_index/resource_index/parent_prefix_path/wiimote_msgs
[39.716s] -- Installing: /home/wilson/saurcon_ws/install/wiimote_msgs/share/wiimote_msgs/environment/ament_prefix_path.sh
[39.716s] -- Installing: /home/wilson/saurcon_ws/install/wiimote_msgs/share/wiimote_msgs/environment/ament_prefix_path.dsv
[39.717s] -- Installing: /home/wilson/saurcon_ws/install/wiimote_msgs/share/wiimote_msgs/environment/path.sh
[39.717s] -- Installing: /home/wilson/saurcon_ws/install/wiimote_msgs/share/wiimote_msgs/environment/path.dsv
[39.717s] -- Installing: /home/wilson/saurcon_ws/install/wiimote_msgs/share/wiimote_msgs/local_setup.bash
[39.717s] -- Installing: /home/wilson/saurcon_ws/install/wiimote_msgs/share/wiimote_msgs/local_setup.sh
[39.717s] -- Installing: /home/wilson/saurcon_ws/install/wiimote_msgs/share/wiimote_msgs/local_setup.zsh
[39.718s] -- Installing: /home/wilson/saurcon_ws/install/wiimote_msgs/share/wiimote_msgs/local_setup.dsv
[39.718s] -- Installing: /home/wilson/saurcon_ws/install/wiimote_msgs/share/wiimote_msgs/package.dsv
[39.718s] -- Installing: /home/wilson/saurcon_ws/install/wiimote_msgs/share/ament_index/resource_index/packages/wiimote_msgs
[39.718s] -- Installing: /home/wilson/saurcon_ws/install/wiimote_msgs/share/wiimote_msgs/cmake/export_wiimote_msgs__rosidl_generator_cExport.cmake
[39.718s] -- Installing: /home/wilson/saurcon_ws/install/wiimote_msgs/share/wiimote_msgs/cmake/export_wiimote_msgs__rosidl_generator_cExport-noconfig.cmake
[39.718s] -- Installing: /home/wilson/saurcon_ws/install/wiimote_msgs/share/wiimote_msgs/cmake/export_wiimote_msgs__rosidl_typesupport_fastrtps_cExport.cmake
[39.719s] -- Installing: /home/wilson/saurcon_ws/install/wiimote_msgs/share/wiimote_msgs/cmake/export_wiimote_msgs__rosidl_typesupport_fastrtps_cExport-noconfig.cmake
[39.719s] -- Installing: /home/wilson/saurcon_ws/install/wiimote_msgs/share/wiimote_msgs/cmake/export_wiimote_msgs__rosidl_generator_cppExport.cmake
[39.719s] -- Installing: /home/wilson/saurcon_ws/install/wiimote_msgs/share/wiimote_msgs/cmake/export_wiimote_msgs__rosidl_typesupport_fastrtps_cppExport.cmake
[39.719s] -- Installing: /home/wilson/saurcon_ws/install/wiimote_msgs/share/wiimote_msgs/cmake/export_wiimote_msgs__rosidl_typesupport_fastrtps_cppExport-noconfig.cmake
[39.719s] -- Installing: /home/wilson/saurcon_ws/install/wiimote_msgs/share/wiimote_msgs/cmake/wiimote_msgs__rosidl_typesupport_introspection_cExport.cmake
[39.719s] -- Installing: /home/wilson/saurcon_ws/install/wiimote_msgs/share/wiimote_msgs/cmake/wiimote_msgs__rosidl_typesupport_introspection_cExport-noconfig.cmake
[39.720s] -- Installing: /home/wilson/saurcon_ws/install/wiimote_msgs/share/wiimote_msgs/cmake/wiimote_msgs__rosidl_typesupport_cExport.cmake
[39.720s] -- Installing: /home/wilson/saurcon_ws/install/wiimote_msgs/share/wiimote_msgs/cmake/wiimote_msgs__rosidl_typesupport_cExport-noconfig.cmake
[39.720s] -- Installing: /home/wilson/saurcon_ws/install/wiimote_msgs/share/wiimote_msgs/cmake/wiimote_msgs__rosidl_typesupport_introspection_cppExport.cmake
[39.720s] -- Installing: /home/wilson/saurcon_ws/install/wiimote_msgs/share/wiimote_msgs/cmake/wiimote_msgs__rosidl_typesupport_introspection_cppExport-noconfig.cmake
[39.720s] -- Installing: /home/wilson/saurcon_ws/install/wiimote_msgs/share/wiimote_msgs/cmake/wiimote_msgs__rosidl_typesupport_cppExport.cmake
[39.720s] -- Installing: /home/wilson/saurcon_ws/install/wiimote_msgs/share/wiimote_msgs/cmake/wiimote_msgs__rosidl_typesupport_cppExport-noconfig.cmake
[39.721s] -- Installing: /home/wilson/saurcon_ws/install/wiimote_msgs/share/wiimote_msgs/cmake/export_wiimote_msgs__rosidl_generator_pyExport.cmake
[39.721s] -- Installing: /home/wilson/saurcon_ws/install/wiimote_msgs/share/wiimote_msgs/cmake/export_wiimote_msgs__rosidl_generator_pyExport-noconfig.cmake
[39.721s] -- Installing: /home/wilson/saurcon_ws/install/wiimote_msgs/share/wiimote_msgs/cmake/rosidl_cmake-extras.cmake
[39.721s] -- Installing: /home/wilson/saurcon_ws/install/wiimote_msgs/share/wiimote_msgs/cmake/ament_cmake_export_dependencies-extras.cmake
[39.721s] -- Installing: /home/wilson/saurcon_ws/install/wiimote_msgs/share/wiimote_msgs/cmake/ament_cmake_export_include_directories-extras.cmake
[39.721s] -- Installing: /home/wilson/saurcon_ws/install/wiimote_msgs/share/wiimote_msgs/cmake/ament_cmake_export_libraries-extras.cmake
[39.722s] -- Installing: /home/wilson/saurcon_ws/install/wiimote_msgs/share/wiimote_msgs/cmake/ament_cmake_export_targets-extras.cmake
[39.722s] -- Installing: /home/wilson/saurcon_ws/install/wiimote_msgs/share/wiimote_msgs/cmake/rosidl_cmake_export_typesupport_targets-extras.cmake
[39.722s] -- Installing: /home/wilson/saurcon_ws/install/wiimote_msgs/share/wiimote_msgs/cmake/rosidl_cmake_export_typesupport_libraries-extras.cmake
[39.722s] -- Installing: /home/wilson/saurcon_ws/install/wiimote_msgs/share/wiimote_msgs/cmake/wiimote_msgsConfig.cmake
[39.722s] -- Installing: /home/wilson/saurcon_ws/install/wiimote_msgs/share/wiimote_msgs/cmake/wiimote_msgsConfig-version.cmake
[39.722s] -- Installing: /home/wilson/saurcon_ws/install/wiimote_msgs/share/wiimote_msgs/package.xml
[39.725s] Invoked command in '/home/wilson/saurcon_ws/build/wiimote_msgs' returned '0': CMAKE_PREFIX_PATH=${CMAKE_PREFIX_PATH}:/opt/ros/jazzy DEBUGINFOD_URLS=https://debuginfod.ubuntu.com /usr/bin/cmake --install /home/wilson/saurcon_ws/build/wiimote_msgs
