[0.019s] Invoking command in '/home/wilson/saurcon_ws/src/build/spacenav': CMAKE_PREFIX_PATH=${CMAKE_PREFIX_PATH}:/opt/ros/jazzy DEBUGINFOD_URLS=https://debuginfod.ubuntu.com /usr/bin/cmake /home/wilson/saurcon_ws/src/joystick_drivers/spacenav -DCMAKE_INSTALL_PREFIX=/home/wilson/saurcon_ws/src/install/spacenav
[0.209s] -- The C compiler identification is GNU 13.3.0
[0.405s] -- The CXX compiler identification is GNU 13.3.0
[0.438s] -- Detecting C compiler ABI info
[0.606s] -- Detecting C compiler ABI info - done
[0.625s] -- Check for working C compiler: /usr/bin/cc - skipped
[0.628s] -- Detecting C compile features
[0.631s] -- Detecting C compile features - done
[0.648s] -- Detecting CXX compiler ABI info
[0.819s] -- Detecting CXX compiler ABI info - done
[0.843s] -- Check for working CXX compiler: /usr/bin/c++ - skipped
[0.844s] -- Detecting CXX compile features
[0.844s] -- Detecting CXX compile features - done
[0.855s] -- Found ament_cmake: 2.5.3 (/opt/ros/jazzy/share/ament_cmake/cmake)
[1.120s] -- Found Python3: /usr/bin/python3 (found version "3.12.3") found components: Interpreter 
[1.343s] -- Found geometry_msgs: 5.3.5 (/opt/ros/jazzy/share/geometry_msgs/cmake)
[1.436s] -- Found rosidl_generator_c: 4.6.5 (/opt/ros/jazzy/share/rosidl_generator_c/cmake)
[1.467s] -- Found rosidl_generator_cpp: 4.6.5 (/opt/ros/jazzy/share/rosidl_generator_cpp/cmake)
[1.509s] -- Using all available rosidl_typesupport_c: rosidl_typesupport_fastrtps_c;rosidl_typesupport_introspection_c
[1.553s] -- Using all available rosidl_typesupport_cpp: rosidl_typesupport_fastrtps_cpp;rosidl_typesupport_introspection_cpp
[1.670s] -- Found rclcpp: 28.1.6 (/opt/ros/jazzy/share/rclcpp/cmake)
[1.812s] -- Found rmw_implementation_cmake: 7.3.1 (/opt/ros/jazzy/share/rmw_implementation_cmake/cmake)
[1.812s] -- Found rmw_fastrtps_cpp: 8.4.1 (/opt/ros/jazzy/share/rmw_fastrtps_cpp/cmake)
[1.954s] -- Found OpenSSL: /usr/lib/x86_64-linux-gnu/libcrypto.so (found version "3.0.13")  
[1.994s] -- Found FastRTPS: /opt/ros/jazzy/include (Required is at least version "2.13") 
[2.043s] -- Using RMW implementation 'rmw_fastrtps_cpp' as default
[2.221s] -- Found rclcpp_components: 28.1.6 (/opt/ros/jazzy/share/rclcpp_components/cmake)
[2.309s] -- Found sensor_msgs: 5.3.5 (/opt/ros/jazzy/share/sensor_msgs/cmake)
[2.363s] -- Found SPNAV: /usr/lib/libspnav.so  
[2.369s] -- Found ament_lint_auto: 0.17.1 (/opt/ros/jazzy/share/ament_lint_auto/cmake)
[2.584s] -- Added test 'cppcheck' to perform static code analysis on C / C++ code
[2.585s] -- Configured cppcheck include dirs: $<BUILD_INTERFACE:/home/wilson/saurcon_ws/src/joystick_drivers/spacenav/include>
[2.585s] -- Configured cppcheck exclude dirs and/or files: 
[2.589s] -- Added test 'cpplint' to check C / C++ code against the Google style
[2.589s] -- Configured cpplint exclude dirs and/or files: 
[2.591s] -- Added test 'flake8' to check Python code syntax and style conventions
[2.592s] -- Configured 'flake8' exclude dirs and/or files: 
[2.593s] -- Added test 'lint_cmake' to check CMake code style
[2.597s] -- Added test 'pep257' to check Python code against some of the docstring style conventions in PEP 257
[2.599s] -- Added test 'uncrustify' to check C / C++ code style
[2.599s] -- Configured uncrustify additional arguments: 
[2.608s] -- Added test 'xmllint' to check XML markup files
[2.609s] -- Configuring done (2.6s)
[2.644s] -- Generating done (0.0s)
[2.659s] -- Build files have been written to: /home/wilson/saurcon_ws/src/build/spacenav
[2.684s] Invoked command in '/home/wilson/saurcon_ws/src/build/spacenav' returned '0': CMAKE_PREFIX_PATH=${CMAKE_PREFIX_PATH}:/opt/ros/jazzy DEBUGINFOD_URLS=https://debuginfod.ubuntu.com /usr/bin/cmake /home/wilson/saurcon_ws/src/joystick_drivers/spacenav -DCMAKE_INSTALL_PREFIX=/home/wilson/saurcon_ws/src/install/spacenav
[2.684s] Invoking command in '/home/wilson/saurcon_ws/src/build/spacenav': CMAKE_PREFIX_PATH=${CMAKE_PREFIX_PATH}:/opt/ros/jazzy DEBUGINFOD_URLS=https://debuginfod.ubuntu.com /usr/bin/cmake --build /home/wilson/saurcon_ws/src/build/spacenav -- -j4 -l4
[2.780s] [ 25%] [32mBuilding CXX object CMakeFiles/spacenav.dir/src/spacenav.cpp.o[0m
[2.801s] [ 50%] [32mBuilding CXX object CMakeFiles/spacenav_node.dir/rclcpp_components/node_main_spacenav_node.cpp.o[0m
[15.637s] [ 75%] [32m[1mLinking CXX executable spacenav_node[0m
[16.430s] [ 75%] Built target spacenav_node
[26.167s] [100%] [32m[1mLinking CXX shared library libspacenav.so[0m
[26.818s] [100%] Built target spacenav
[26.862s] Invoked command in '/home/wilson/saurcon_ws/src/build/spacenav' returned '0': CMAKE_PREFIX_PATH=${CMAKE_PREFIX_PATH}:/opt/ros/jazzy DEBUGINFOD_URLS=https://debuginfod.ubuntu.com /usr/bin/cmake --build /home/wilson/saurcon_ws/src/build/spacenav -- -j4 -l4
[26.863s] Invoking command in '/home/wilson/saurcon_ws/src/build/spacenav': CMAKE_PREFIX_PATH=${CMAKE_PREFIX_PATH}:/opt/ros/jazzy DEBUGINFOD_URLS=https://debuginfod.ubuntu.com /usr/bin/cmake --install /home/wilson/saurcon_ws/src/build/spacenav
[26.891s] -- Install configuration: ""
[26.891s] -- Installing: /home/wilson/saurcon_ws/src/install/spacenav/lib/libspacenav.so
[26.903s] -- Set non-toolchain portion of runtime path of "/home/wilson/saurcon_ws/src/install/spacenav/lib/libspacenav.so" to ""
[26.904s] -- Installing: /home/wilson/saurcon_ws/src/install/spacenav/lib/spacenav/spacenav_node
[26.904s] -- Set non-toolchain portion of runtime path of "/home/wilson/saurcon_ws/src/install/spacenav/lib/spacenav/spacenav_node" to ""
[26.907s] -- Installing: /home/wilson/saurcon_ws/src/install/spacenav/include/spacenav
[26.910s] -- Installing: /home/wilson/saurcon_ws/src/install/spacenav/include/spacenav/spacenav
[26.910s] -- Installing: /home/wilson/saurcon_ws/src/install/spacenav/include/spacenav/spacenav/spacenav.hpp
[26.910s] -- Installing: /home/wilson/saurcon_ws/src/install/spacenav/share/spacenav//launch
[26.910s] -- Installing: /home/wilson/saurcon_ws/src/install/spacenav/share/spacenav//launch/no_deadband-launch.py
[26.916s] -- Installing: /home/wilson/saurcon_ws/src/install/spacenav/share/spacenav//launch/classic-launch.py
[26.916s] -- Installing: /home/wilson/saurcon_ws/src/install/spacenav/share/spacenav//launch/static_deadband-launch.py
[26.916s] -- Installing: /home/wilson/saurcon_ws/src/install/spacenav/share/ament_index/resource_index/package_run_dependencies/spacenav
[26.917s] -- Installing: /home/wilson/saurcon_ws/src/install/spacenav/share/ament_index/resource_index/parent_prefix_path/spacenav
[26.918s] -- Installing: /home/wilson/saurcon_ws/src/install/spacenav/share/spacenav/environment/ament_prefix_path.sh
[26.918s] -- Installing: /home/wilson/saurcon_ws/src/install/spacenav/share/spacenav/environment/ament_prefix_path.dsv
[26.918s] -- Installing: /home/wilson/saurcon_ws/src/install/spacenav/share/spacenav/environment/path.sh
[26.918s] -- Installing: /home/wilson/saurcon_ws/src/install/spacenav/share/spacenav/environment/path.dsv
[26.918s] -- Installing: /home/wilson/saurcon_ws/src/install/spacenav/share/spacenav/local_setup.bash
[26.918s] -- Installing: /home/wilson/saurcon_ws/src/install/spacenav/share/spacenav/local_setup.sh
[26.929s] -- Installing: /home/wilson/saurcon_ws/src/install/spacenav/share/spacenav/local_setup.zsh
[26.930s] -- Installing: /home/wilson/saurcon_ws/src/install/spacenav/share/spacenav/local_setup.dsv
[26.930s] -- Installing: /home/wilson/saurcon_ws/src/install/spacenav/share/spacenav/package.dsv
[26.930s] -- Installing: /home/wilson/saurcon_ws/src/install/spacenav/share/ament_index/resource_index/packages/spacenav
[26.930s] -- Installing: /home/wilson/saurcon_ws/src/install/spacenav/share/ament_index/resource_index/rclcpp_components/spacenav
[26.930s] -- Installing: /home/wilson/saurcon_ws/src/install/spacenav/share/spacenav/cmake/export_spacenavExport.cmake
[26.931s] -- Installing: /home/wilson/saurcon_ws/src/install/spacenav/share/spacenav/cmake/export_spacenavExport-noconfig.cmake
[26.931s] -- Installing: /home/wilson/saurcon_ws/src/install/spacenav/share/spacenav/cmake/ament_cmake_export_targets-extras.cmake
[26.931s] -- Installing: /home/wilson/saurcon_ws/src/install/spacenav/share/spacenav/cmake/spacenavConfig.cmake
[26.931s] -- Installing: /home/wilson/saurcon_ws/src/install/spacenav/share/spacenav/cmake/spacenavConfig-version.cmake
[26.931s] -- Installing: /home/wilson/saurcon_ws/src/install/spacenav/share/spacenav/package.xml
[26.942s] Invoked command in '/home/wilson/saurcon_ws/src/build/spacenav' returned '0': CMAKE_PREFIX_PATH=${CMAKE_PREFIX_PATH}:/opt/ros/jazzy DEBUGINFOD_URLS=https://debuginfod.ubuntu.com /usr/bin/cmake --install /home/wilson/saurcon_ws/src/build/spacenav
