-- The C compiler identification is GNU 13.3.0
-- The CXX compiler identification is GNU 13.3.0
-- Detecting C compiler ABI info
-- Detecting C compiler ABI info - done
-- Check for working C compiler: /usr/bin/cc - skipped
-- Detecting C compile features
-- Detecting C compile features - done
-- Detecting CXX compiler ABI info
-- Detecting CXX compiler ABI info - done
-- Check for working CXX compiler: /usr/bin/c++ - skipped
-- Detecting CXX compile features
-- Detecting CXX compile features - done
-- Found ament_cmake: 2.5.3 (/opt/ros/jazzy/share/ament_cmake/cmake)
-- Found Python3: /usr/bin/python3 (found version "3.12.3") found components: Interpreter 
-- Found geometry_msgs: 5.3.5 (/opt/ros/jazzy/share/geometry_msgs/cmake)
-- Found rosidl_generator_c: 4.6.5 (/opt/ros/jazzy/share/rosidl_generator_c/cmake)
-- Found rosidl_generator_cpp: 4.6.5 (/opt/ros/jazzy/share/rosidl_generator_cpp/cmake)
-- Using all available rosidl_typesupport_c: rosidl_typesupport_fastrtps_c;rosidl_typesupport_introspection_c
-- Using all available rosidl_typesupport_cpp: rosidl_typesupport_fastrtps_cpp;rosidl_typesupport_introspection_cpp
-- Found rclcpp: 28.1.6 (/opt/ros/jazzy/share/rclcpp/cmake)
-- Found rmw_implementation_cmake: 7.3.1 (/opt/ros/jazzy/share/rmw_implementation_cmake/cmake)
-- Found rmw_fastrtps_cpp: 8.4.1 (/opt/ros/jazzy/share/rmw_fastrtps_cpp/cmake)
-- Found OpenSSL: /usr/lib/x86_64-linux-gnu/libcrypto.so (found version "3.0.13")  
-- Found FastRTPS: /opt/ros/jazzy/include (Required is at least version "2.13") 
-- Using RMW implementation 'rmw_fastrtps_cpp' as default
-- Found rclcpp_components: 28.1.6 (/opt/ros/jazzy/share/rclcpp_components/cmake)
-- Found sensor_msgs: 5.3.5 (/opt/ros/jazzy/share/sensor_msgs/cmake)
-- Found SPNAV: /usr/lib/libspnav.so  
-- Found ament_lint_auto: 0.17.1 (/opt/ros/jazzy/share/ament_lint_auto/cmake)
-- Added test 'cppcheck' to perform static code analysis on C / C++ code
-- Configured cppcheck include dirs: $<BUILD_INTERFACE:/home/wilson/saurcon_ws/src/joystick_drivers/spacenav/include>
-- Configured cppcheck exclude dirs and/or files: 
-- Added test 'cpplint' to check C / C++ code against the Google style
-- Configured cpplint exclude dirs and/or files: 
-- Added test 'flake8' to check Python code syntax and style conventions
-- Configured 'flake8' exclude dirs and/or files: 
-- Added test 'lint_cmake' to check CMake code style
-- Added test 'pep257' to check Python code against some of the docstring style conventions in PEP 257
-- Added test 'uncrustify' to check C / C++ code style
-- Configured uncrustify additional arguments: 
-- Added test 'xmllint' to check XML markup files
-- Configuring done (2.4s)
-- Generating done (0.0s)
-- Build files have been written to: /home/wilson/saurcon_ws/build/spacenav
[ 50%] [32mBuilding CXX object CMakeFiles/spacenav.dir/src/spacenav.cpp.o[0m
[ 50%] [32mBuilding CXX object CMakeFiles/spacenav_node.dir/rclcpp_components/node_main_spacenav_node.cpp.o[0m
[ 75%] [32m[1mLinking CXX executable spacenav_node[0m
[ 75%] Built target spacenav_node
[100%] [32m[1mLinking CXX shared library libspacenav.so[0m
[100%] Built target spacenav
-- Install configuration: ""
-- Installing: /home/wilson/saurcon_ws/install/spacenav/lib/libspacenav.so
-- Set non-toolchain portion of runtime path of "/home/wilson/saurcon_ws/install/spacenav/lib/libspacenav.so" to ""
-- Installing: /home/wilson/saurcon_ws/install/spacenav/lib/spacenav/spacenav_node
-- Set non-toolchain portion of runtime path of "/home/wilson/saurcon_ws/install/spacenav/lib/spacenav/spacenav_node" to ""
-- Installing: /home/wilson/saurcon_ws/install/spacenav/include/spacenav
-- Installing: /home/wilson/saurcon_ws/install/spacenav/include/spacenav/spacenav
-- Installing: /home/wilson/saurcon_ws/install/spacenav/include/spacenav/spacenav/spacenav.hpp
-- Installing: /home/wilson/saurcon_ws/install/spacenav/share/spacenav//launch
-- Installing: /home/wilson/saurcon_ws/install/spacenav/share/spacenav//launch/no_deadband-launch.py
-- Installing: /home/wilson/saurcon_ws/install/spacenav/share/spacenav//launch/classic-launch.py
-- Installing: /home/wilson/saurcon_ws/install/spacenav/share/spacenav//launch/static_deadband-launch.py
-- Installing: /home/wilson/saurcon_ws/install/spacenav/share/ament_index/resource_index/package_run_dependencies/spacenav
-- Installing: /home/wilson/saurcon_ws/install/spacenav/share/ament_index/resource_index/parent_prefix_path/spacenav
-- Installing: /home/wilson/saurcon_ws/install/spacenav/share/spacenav/environment/ament_prefix_path.sh
-- Installing: /home/wilson/saurcon_ws/install/spacenav/share/spacenav/environment/ament_prefix_path.dsv
-- Installing: /home/wilson/saurcon_ws/install/spacenav/share/spacenav/environment/path.sh
-- Installing: /home/wilson/saurcon_ws/install/spacenav/share/spacenav/environment/path.dsv
-- Installing: /home/wilson/saurcon_ws/install/spacenav/share/spacenav/local_setup.bash
-- Installing: /home/wilson/saurcon_ws/install/spacenav/share/spacenav/local_setup.sh
-- Installing: /home/wilson/saurcon_ws/install/spacenav/share/spacenav/local_setup.zsh
-- Installing: /home/wilson/saurcon_ws/install/spacenav/share/spacenav/local_setup.dsv
-- Installing: /home/wilson/saurcon_ws/install/spacenav/share/spacenav/package.dsv
-- Installing: /home/wilson/saurcon_ws/install/spacenav/share/ament_index/resource_index/packages/spacenav
-- Installing: /home/wilson/saurcon_ws/install/spacenav/share/ament_index/resource_index/rclcpp_components/spacenav
-- Installing: /home/wilson/saurcon_ws/install/spacenav/share/spacenav/cmake/export_spacenavExport.cmake
-- Installing: /home/wilson/saurcon_ws/install/spacenav/share/spacenav/cmake/export_spacenavExport-noconfig.cmake
-- Installing: /home/wilson/saurcon_ws/install/spacenav/share/spacenav/cmake/ament_cmake_export_targets-extras.cmake
-- Installing: /home/wilson/saurcon_ws/install/spacenav/share/spacenav/cmake/spacenavConfig.cmake
-- Installing: /home/wilson/saurcon_ws/install/spacenav/share/spacenav/cmake/spacenavConfig-version.cmake
-- Installing: /home/wilson/saurcon_ws/install/spacenav/share/spacenav/package.xml
