[0.013s] Invoking command in '/home/wilson/saurcon_ws/build/spacenav': CMAKE_PREFIX_PATH=${CMAKE_PREFIX_PATH}:/opt/ros/jazzy DEBUGINFOD_URLS=https://debuginfod.ubuntu.com /usr/bin/cmake /home/wilson/saurcon_ws/src/joystick_drivers/spacenav -DCMAKE_INSTALL_PREFIX=/home/wilson/saurcon_ws/install/spacenav
[0.120s] -- The C compiler identification is GNU 13.3.0
[0.230s] -- The CXX compiler identification is GNU 13.3.0
[0.259s] -- Detecting C compiler ABI info
[0.424s] -- Detecting C compiler ABI info - done
[0.446s] -- Check for working C compiler: /usr/bin/cc - skipped
[0.446s] -- Detecting C compile features
[0.446s] -- Detecting C compile features - done
[0.458s] -- Detecting CXX compiler ABI info
[0.631s] -- Detecting CXX compiler ABI info - done
[0.647s] -- Check for working CXX compiler: /usr/bin/c++ - skipped
[0.648s] -- Detecting CXX compile features
[0.649s] -- Detecting CXX compile features - done
[0.653s] -- Found ament_cmake: 2.5.3 (/opt/ros/jazzy/share/ament_cmake/cmake)
[0.910s] -- Found Python3: /usr/bin/python3 (found version "3.12.3") found components: Interpreter 
[1.096s] -- Found geometry_msgs: 5.3.5 (/opt/ros/jazzy/share/geometry_msgs/cmake)
[1.169s] -- Found rosidl_generator_c: 4.6.5 (/opt/ros/jazzy/share/rosidl_generator_c/cmake)
[1.199s] -- Found rosidl_generator_cpp: 4.6.5 (/opt/ros/jazzy/share/rosidl_generator_cpp/cmake)
[1.231s] -- Using all available rosidl_typesupport_c: rosidl_typesupport_fastrtps_c;rosidl_typesupport_introspection_c
[1.268s] -- Using all available rosidl_typesupport_cpp: rosidl_typesupport_fastrtps_cpp;rosidl_typesupport_introspection_cpp
[1.378s] -- Found rclcpp: 28.1.6 (/opt/ros/jazzy/share/rclcpp/cmake)
[1.537s] -- Found rmw_implementation_cmake: 7.3.1 (/opt/ros/jazzy/share/rmw_implementation_cmake/cmake)
[1.541s] -- Found rmw_fastrtps_cpp: 8.4.1 (/opt/ros/jazzy/share/rmw_fastrtps_cpp/cmake)
[1.695s] -- Found OpenSSL: /usr/lib/x86_64-linux-gnu/libcrypto.so (found version "3.0.13")  
[1.736s] -- Found FastRTPS: /opt/ros/jazzy/include (Required is at least version "2.13") 
[1.780s] -- Using RMW implementation 'rmw_fastrtps_cpp' as default
[2.041s] -- Found rclcpp_components: 28.1.6 (/opt/ros/jazzy/share/rclcpp_components/cmake)
[2.147s] -- Found sensor_msgs: 5.3.5 (/opt/ros/jazzy/share/sensor_msgs/cmake)
[2.219s] -- Found SPNAV: /usr/lib/libspnav.so  
[2.225s] -- Found ament_lint_auto: 0.17.1 (/opt/ros/jazzy/share/ament_lint_auto/cmake)
[2.451s] -- Added test 'cppcheck' to perform static code analysis on C / C++ code
[2.451s] -- Configured cppcheck include dirs: $<BUILD_INTERFACE:/home/wilson/saurcon_ws/src/joystick_drivers/spacenav/include>
[2.451s] -- Configured cppcheck exclude dirs and/or files: 
[2.454s] -- Added test 'cpplint' to check C / C++ code against the Google style
[2.454s] -- Configured cpplint exclude dirs and/or files: 
[2.456s] -- Added test 'flake8' to check Python code syntax and style conventions
[2.456s] -- Configured 'flake8' exclude dirs and/or files: 
[2.458s] -- Added test 'lint_cmake' to check CMake code style
[2.460s] -- Added test 'pep257' to check Python code against some of the docstring style conventions in PEP 257
[2.462s] -- Added test 'uncrustify' to check C / C++ code style
[2.463s] -- Configured uncrustify additional arguments: 
[2.466s] -- Added test 'xmllint' to check XML markup files
[2.466s] -- Configuring done (2.4s)
[2.501s] -- Generating done (0.0s)
[2.513s] -- Build files have been written to: /home/wilson/saurcon_ws/build/spacenav
[2.532s] Invoked command in '/home/wilson/saurcon_ws/build/spacenav' returned '0': CMAKE_PREFIX_PATH=${CMAKE_PREFIX_PATH}:/opt/ros/jazzy DEBUGINFOD_URLS=https://debuginfod.ubuntu.com /usr/bin/cmake /home/wilson/saurcon_ws/src/joystick_drivers/spacenav -DCMAKE_INSTALL_PREFIX=/home/wilson/saurcon_ws/install/spacenav
[2.533s] Invoking command in '/home/wilson/saurcon_ws/build/spacenav': CMAKE_PREFIX_PATH=${CMAKE_PREFIX_PATH}:/opt/ros/jazzy DEBUGINFOD_URLS=https://debuginfod.ubuntu.com /usr/bin/cmake --build /home/wilson/saurcon_ws/build/spacenav -- -j4 -l4
[2.666s] [ 50%] [32mBuilding CXX object CMakeFiles/spacenav.dir/src/spacenav.cpp.o[0m
[2.671s] [ 50%] [32mBuilding CXX object CMakeFiles/spacenav_node.dir/rclcpp_components/node_main_spacenav_node.cpp.o[0m
[14.398s] [ 75%] [32m[1mLinking CXX executable spacenav_node[0m
[14.745s] [ 75%] Built target spacenav_node
[32.284s] [100%] [32m[1mLinking CXX shared library libspacenav.so[0m
[33.368s] [100%] Built target spacenav
[33.392s] Invoked command in '/home/wilson/saurcon_ws/build/spacenav' returned '0': CMAKE_PREFIX_PATH=${CMAKE_PREFIX_PATH}:/opt/ros/jazzy DEBUGINFOD_URLS=https://debuginfod.ubuntu.com /usr/bin/cmake --build /home/wilson/saurcon_ws/build/spacenav -- -j4 -l4
[33.394s] Invoking command in '/home/wilson/saurcon_ws/build/spacenav': CMAKE_PREFIX_PATH=${CMAKE_PREFIX_PATH}:/opt/ros/jazzy DEBUGINFOD_URLS=https://debuginfod.ubuntu.com /usr/bin/cmake --install /home/wilson/saurcon_ws/build/spacenav
[33.413s] -- Install configuration: ""
[33.414s] -- Installing: /home/wilson/saurcon_ws/install/spacenav/lib/libspacenav.so
[33.425s] -- Set non-toolchain portion of runtime path of "/home/wilson/saurcon_ws/install/spacenav/lib/libspacenav.so" to ""
[33.426s] -- Installing: /home/wilson/saurcon_ws/install/spacenav/lib/spacenav/spacenav_node
[33.427s] -- Set non-toolchain portion of runtime path of "/home/wilson/saurcon_ws/install/spacenav/lib/spacenav/spacenav_node" to ""
[33.428s] -- Installing: /home/wilson/saurcon_ws/install/spacenav/include/spacenav
[33.429s] -- Installing: /home/wilson/saurcon_ws/install/spacenav/include/spacenav/spacenav
[33.433s] -- Installing: /home/wilson/saurcon_ws/install/spacenav/include/spacenav/spacenav/spacenav.hpp
[33.433s] -- Installing: /home/wilson/saurcon_ws/install/spacenav/share/spacenav//launch
[33.433s] -- Installing: /home/wilson/saurcon_ws/install/spacenav/share/spacenav//launch/no_deadband-launch.py
[33.434s] -- Installing: /home/wilson/saurcon_ws/install/spacenav/share/spacenav//launch/classic-launch.py
[33.435s] -- Installing: /home/wilson/saurcon_ws/install/spacenav/share/spacenav//launch/static_deadband-launch.py
[33.439s] -- Installing: /home/wilson/saurcon_ws/install/spacenav/share/ament_index/resource_index/package_run_dependencies/spacenav
[33.439s] -- Installing: /home/wilson/saurcon_ws/install/spacenav/share/ament_index/resource_index/parent_prefix_path/spacenav
[33.440s] -- Installing: /home/wilson/saurcon_ws/install/spacenav/share/spacenav/environment/ament_prefix_path.sh
[33.440s] -- Installing: /home/wilson/saurcon_ws/install/spacenav/share/spacenav/environment/ament_prefix_path.dsv
[33.440s] -- Installing: /home/wilson/saurcon_ws/install/spacenav/share/spacenav/environment/path.sh
[33.441s] -- Installing: /home/wilson/saurcon_ws/install/spacenav/share/spacenav/environment/path.dsv
[33.444s] -- Installing: /home/wilson/saurcon_ws/install/spacenav/share/spacenav/local_setup.bash
[33.444s] -- Installing: /home/wilson/saurcon_ws/install/spacenav/share/spacenav/local_setup.sh
[33.445s] -- Installing: /home/wilson/saurcon_ws/install/spacenav/share/spacenav/local_setup.zsh
[33.445s] -- Installing: /home/wilson/saurcon_ws/install/spacenav/share/spacenav/local_setup.dsv
[33.445s] -- Installing: /home/wilson/saurcon_ws/install/spacenav/share/spacenav/package.dsv
[33.447s] -- Installing: /home/wilson/saurcon_ws/install/spacenav/share/ament_index/resource_index/packages/spacenav
[33.449s] -- Installing: /home/wilson/saurcon_ws/install/spacenav/share/ament_index/resource_index/rclcpp_components/spacenav
[33.450s] -- Installing: /home/wilson/saurcon_ws/install/spacenav/share/spacenav/cmake/export_spacenavExport.cmake
[33.450s] -- Installing: /home/wilson/saurcon_ws/install/spacenav/share/spacenav/cmake/export_spacenavExport-noconfig.cmake
[33.455s] -- Installing: /home/wilson/saurcon_ws/install/spacenav/share/spacenav/cmake/ament_cmake_export_targets-extras.cmake
[33.455s] -- Installing: /home/wilson/saurcon_ws/install/spacenav/share/spacenav/cmake/spacenavConfig.cmake
[33.455s] -- Installing: /home/wilson/saurcon_ws/install/spacenav/share/spacenav/cmake/spacenavConfig-version.cmake
[33.456s] -- Installing: /home/wilson/saurcon_ws/install/spacenav/share/spacenav/package.xml
[33.462s] Invoked command in '/home/wilson/saurcon_ws/build/spacenav' returned '0': CMAKE_PREFIX_PATH=${CMAKE_PREFIX_PATH}:/opt/ros/jazzy DEBUGINFOD_URLS=https://debuginfod.ubuntu.com /usr/bin/cmake --install /home/wilson/saurcon_ws/build/spacenav
