[ 50%] Built target talker
[ 75%] [32mBuilding CXX object CMakeFiles/xbox_ctrl_sub.dir/src/sub_xbox_ctrl.cpp.o[0m
[100%] [32m[1mLinking CXX executable xbox_ctrl_sub[0m
[100%] Built target xbox_ctrl_sub
-- Install configuration: ""
-- Up-to-date: /home/wilson/saurcon_ws/install/control_rc/lib/control_rc/talker
-- Installing: /home/wilson/saurcon_ws/install/control_rc/lib/control_rc/xbox_ctrl_sub
-- Set non-toolchain portion of runtime path of "/home/wilson/saurcon_ws/install/control_rc/lib/control_rc/xbox_ctrl_sub" to ""
-- Up-to-date: /home/wilson/saurcon_ws/install/control_rc/share/ament_index/resource_index/package_run_dependencies/control_rc
-- Up-to-date: /home/wilson/saurcon_ws/install/control_rc/share/ament_index/resource_index/parent_prefix_path/control_rc
-- Up-to-date: /home/wilson/saurcon_ws/install/control_rc/share/control_rc/environment/ament_prefix_path.sh
-- Up-to-date: /home/wilson/saurcon_ws/install/control_rc/share/control_rc/environment/ament_prefix_path.dsv
-- Up-to-date: /home/wilson/saurcon_ws/install/control_rc/share/control_rc/environment/path.sh
-- Up-to-date: /home/wilson/saurcon_ws/install/control_rc/share/control_rc/environment/path.dsv
-- Up-to-date: /home/wilson/saurcon_ws/install/control_rc/share/control_rc/local_setup.bash
-- Up-to-date: /home/wilson/saurcon_ws/install/control_rc/share/control_rc/local_setup.sh
-- Up-to-date: /home/wilson/saurcon_ws/install/control_rc/share/control_rc/local_setup.zsh
-- Up-to-date: /home/wilson/saurcon_ws/install/control_rc/share/control_rc/local_setup.dsv
-- Installing: /home/wilson/saurcon_ws/install/control_rc/share/control_rc/package.dsv
-- Up-to-date: /home/wilson/saurcon_ws/install/control_rc/share/ament_index/resource_index/packages/control_rc
-- Up-to-date: /home/wilson/saurcon_ws/install/control_rc/share/control_rc/cmake/control_rcConfig.cmake
-- Up-to-date: /home/wilson/saurcon_ws/install/control_rc/share/control_rc/cmake/control_rcConfig-version.cmake
-- Up-to-date: /home/wilson/saurcon_ws/install/control_rc/share/control_rc/package.xml
