[0.017s] Invoking command in '/home/wilson/saurcon_ws/build/control_rc': CMAKE_PREFIX_PATH=${CMAKE_PREFIX_PATH}:/opt/ros/jazzy DEBUGINFOD_URLS=https://debuginfod.ubuntu.com /usr/bin/cmake --build /home/wilson/saurcon_ws/build/control_rc -- -j4 -l4
[0.088s] [100%] Built target talker
[0.101s] Invoked command in '/home/wilson/saurcon_ws/build/control_rc' returned '0': CMAKE_PREFIX_PATH=${CMAKE_PREFIX_PATH}:/opt/ros/jazzy DEBUGINFOD_URLS=https://debuginfod.ubuntu.com /usr/bin/cmake --build /home/wilson/saurcon_ws/build/control_rc -- -j4 -l4
[0.113s] Invoking command in '/home/wilson/saurcon_ws/build/control_rc': CMAKE_PREFIX_PATH=${CMAKE_PREFIX_PATH}:/opt/ros/jazzy DEBUGINFOD_URLS=https://debuginfod.ubuntu.com /usr/bin/cmake --install /home/wilson/saurcon_ws/build/control_rc
[0.122s] -- Install configuration: ""
[0.123s] -- Up-to-date: /home/wilson/saurcon_ws/install/control_rc/lib/control_rc/talker
[0.123s] -- Up-to-date: /home/wilson/saurcon_ws/install/control_rc/share/ament_index/resource_index/package_run_dependencies/control_rc
[0.123s] -- Up-to-date: /home/wilson/saurcon_ws/install/control_rc/share/ament_index/resource_index/parent_prefix_path/control_rc
[0.124s] -- Up-to-date: /home/wilson/saurcon_ws/install/control_rc/share/control_rc/environment/ament_prefix_path.sh
[0.124s] -- Up-to-date: /home/wilson/saurcon_ws/install/control_rc/share/control_rc/environment/ament_prefix_path.dsv
[0.124s] -- Up-to-date: /home/wilson/saurcon_ws/install/control_rc/share/control_rc/environment/path.sh
[0.124s] -- Up-to-date: /home/wilson/saurcon_ws/install/control_rc/share/control_rc/environment/path.dsv
[0.124s] -- Up-to-date: /home/wilson/saurcon_ws/install/control_rc/share/control_rc/local_setup.bash
[0.124s] -- Up-to-date: /home/wilson/saurcon_ws/install/control_rc/share/control_rc/local_setup.sh
[0.125s] -- Up-to-date: /home/wilson/saurcon_ws/install/control_rc/share/control_rc/local_setup.zsh
[0.125s] -- Up-to-date: /home/wilson/saurcon_ws/install/control_rc/share/control_rc/local_setup.dsv
[0.125s] -- Installing: /home/wilson/saurcon_ws/install/control_rc/share/control_rc/package.dsv
[0.125s] -- Up-to-date: /home/wilson/saurcon_ws/install/control_rc/share/ament_index/resource_index/packages/control_rc
[0.125s] -- Up-to-date: /home/wilson/saurcon_ws/install/control_rc/share/control_rc/cmake/control_rcConfig.cmake
[0.125s] -- Up-to-date: /home/wilson/saurcon_ws/install/control_rc/share/control_rc/cmake/control_rcConfig-version.cmake
[0.126s] -- Up-to-date: /home/wilson/saurcon_ws/install/control_rc/share/control_rc/package.xml
[0.127s] Invoked command in '/home/wilson/saurcon_ws/build/control_rc' returned '0': CMAKE_PREFIX_PATH=${CMAKE_PREFIX_PATH}:/opt/ros/jazzy DEBUGINFOD_URLS=https://debuginfod.ubuntu.com /usr/bin/cmake --install /home/wilson/saurcon_ws/build/control_rc
