[0.044s] Invoking command in '/home/wilson/saurcon_ws/build/joy': CMAKE_PREFIX_PATH=/home/wilson/saurcon_ws/install/sdl2_vendor:/home/wilson/saurcon_ws/install/wiimote:/home/wilson/saurcon_ws/install/wiimote_msgs:/home/wilson/saurcon_ws/install/spacenav:/home/wilson/saurcon_ws/install/joy:/home/wilson/saurcon_ws/install/joy_linux:/home/wilson/saurcon_ws/install/control_rc:/home/wilson/uros_ws/install/micro_ros_agent:/home/wilson/uros_ws/install/micro_ros_msgs:/home/wilson/ros2_ws/install/micro_ros_agent:/opt/ros/jazzy/opt/gz_math_vendor:/opt/ros/jazzy/opt/gz_utils_vendor:/opt/ros/jazzy/opt/gz_cmake_vendor:/opt/ros/jazzy DEBUGINFOD_URLS=https://debuginfod.ubuntu.com /usr/bin/cmake --build /home/wilson/saurcon_ws/build/joy -- -j4 -l4
[0.591s] [ 10%] [32mBuilding CXX object CMakeFiles/game_controller.dir/src/game_controller.cpp.o[0m
[0.595s] [ 30%] [32mBuilding CXX object CMakeFiles/game_controller_node.dir/rclcpp_components/node_main_game_controller_node.cpp.o[0m
[0.613s] [ 30%] [32mBuilding CXX object CMakeFiles/joy_node.dir/rclcpp_components/node_main_joy_node.cpp.o[0m
[0.719s] [ 40%] [32mBuilding CXX object CMakeFiles/joy.dir/src/joy.cpp.o[0m
[20.949s] [ 50%] [32m[1mLinking CXX executable game_controller_node[0m
[20.950s] [ 60%] [32m[1mLinking CXX executable joy_node[0m
[22.771s] [ 60%] Built target game_controller_node
[22.819s] [ 60%] Built target joy_node
[44.132s] [ 70%] [32m[1mLinking CXX shared library libgame_controller.so[0m
[44.661s] [ 80%] [32m[1mLinking CXX shared library libjoy.so[0m
[46.573s] [ 80%] Built target game_controller
[46.758s] [ 80%] Built target joy
[46.835s] [ 90%] [32mBuilding CXX object CMakeFiles/joy_enumerate_devices.dir/src/joy_enumerate_devices.cpp.o[0m
[48.195s] [100%] [32m[1mLinking CXX executable joy_enumerate_devices[0m
[49.422s] [100%] Built target joy_enumerate_devices
[49.451s] Invoked command in '/home/wilson/saurcon_ws/build/joy' returned '0': CMAKE_PREFIX_PATH=/home/wilson/saurcon_ws/install/sdl2_vendor:/home/wilson/saurcon_ws/install/wiimote:/home/wilson/saurcon_ws/install/wiimote_msgs:/home/wilson/saurcon_ws/install/spacenav:/home/wilson/saurcon_ws/install/joy:/home/wilson/saurcon_ws/install/joy_linux:/home/wilson/saurcon_ws/install/control_rc:/home/wilson/uros_ws/install/micro_ros_agent:/home/wilson/uros_ws/install/micro_ros_msgs:/home/wilson/ros2_ws/install/micro_ros_agent:/opt/ros/jazzy/opt/gz_math_vendor:/opt/ros/jazzy/opt/gz_utils_vendor:/opt/ros/jazzy/opt/gz_cmake_vendor:/opt/ros/jazzy DEBUGINFOD_URLS=https://debuginfod.ubuntu.com /usr/bin/cmake --build /home/wilson/saurcon_ws/build/joy -- -j4 -l4
[49.456s] Invoking command in '/home/wilson/saurcon_ws/build/joy': CMAKE_PREFIX_PATH=/home/wilson/saurcon_ws/install/sdl2_vendor:/home/wilson/saurcon_ws/install/wiimote:/home/wilson/saurcon_ws/install/wiimote_msgs:/home/wilson/saurcon_ws/install/spacenav:/home/wilson/saurcon_ws/install/joy:/home/wilson/saurcon_ws/install/joy_linux:/home/wilson/saurcon_ws/install/control_rc:/home/wilson/uros_ws/install/micro_ros_agent:/home/wilson/uros_ws/install/micro_ros_msgs:/home/wilson/ros2_ws/install/micro_ros_agent:/opt/ros/jazzy/opt/gz_math_vendor:/opt/ros/jazzy/opt/gz_utils_vendor:/opt/ros/jazzy/opt/gz_cmake_vendor:/opt/ros/jazzy DEBUGINFOD_URLS=https://debuginfod.ubuntu.com /usr/bin/cmake --install /home/wilson/saurcon_ws/build/joy
[49.478s] -- Install configuration: ""
[49.480s] -- Installing: /home/wilson/saurcon_ws/install/joy/lib/libjoy.so
[49.494s] -- Set non-toolchain portion of runtime path of "/home/wilson/saurcon_ws/install/joy/lib/libjoy.so" to ""
[49.496s] -- Installing: /home/wilson/saurcon_ws/install/joy/lib/joy/joy_node
[49.498s] -- Set non-toolchain portion of runtime path of "/home/wilson/saurcon_ws/install/joy/lib/joy/joy_node" to ""
[49.499s] -- Installing: /home/wilson/saurcon_ws/install/joy/lib/libgame_controller.so
[49.516s] -- Set non-toolchain portion of runtime path of "/home/wilson/saurcon_ws/install/joy/lib/libgame_controller.so" to ""
[49.518s] -- Installing: /home/wilson/saurcon_ws/install/joy/lib/joy/game_controller_node
[49.520s] -- Set non-toolchain portion of runtime path of "/home/wilson/saurcon_ws/install/joy/lib/joy/game_controller_node" to ""
[49.521s] -- Installing: /home/wilson/saurcon_ws/install/joy/lib/joy/joy_enumerate_devices
[49.522s] -- Up-to-date: /home/wilson/saurcon_ws/install/joy/include/joy
[49.523s] -- Up-to-date: /home/wilson/saurcon_ws/install/joy/include/joy/joy
[49.525s] -- Up-to-date: /home/wilson/saurcon_ws/install/joy/include/joy/joy/game_controller.hpp
[49.526s] -- Up-to-date: /home/wilson/saurcon_ws/install/joy/include/joy/joy/joy.hpp
[49.526s] -- Up-to-date: /home/wilson/saurcon_ws/install/joy/share/joy/config
[49.527s] -- Up-to-date: /home/wilson/saurcon_ws/install/joy/share/joy/config/joy-params.yaml
[49.527s] -- Up-to-date: /home/wilson/saurcon_ws/install/joy/share/joy/launch
[49.527s] -- Up-to-date: /home/wilson/saurcon_ws/install/joy/share/joy/launch/joy-launch.py
[49.528s] -- Up-to-date: /home/wilson/saurcon_ws/install/joy/share/joy/launch/joy-composed-launch.py
[49.529s] -- Up-to-date: /home/wilson/saurcon_ws/install/joy/share/ament_index/resource_index/package_run_dependencies/joy
[49.530s] -- Up-to-date: /home/wilson/saurcon_ws/install/joy/share/ament_index/resource_index/parent_prefix_path/joy
[49.530s] -- Up-to-date: /home/wilson/saurcon_ws/install/joy/share/joy/environment/ament_prefix_path.sh
[49.531s] -- Up-to-date: /home/wilson/saurcon_ws/install/joy/share/joy/environment/ament_prefix_path.dsv
[49.531s] -- Up-to-date: /home/wilson/saurcon_ws/install/joy/share/joy/environment/path.sh
[49.532s] -- Up-to-date: /home/wilson/saurcon_ws/install/joy/share/joy/environment/path.dsv
[49.532s] -- Up-to-date: /home/wilson/saurcon_ws/install/joy/share/joy/local_setup.bash
[49.532s] -- Up-to-date: /home/wilson/saurcon_ws/install/joy/share/joy/local_setup.sh
[49.533s] -- Up-to-date: /home/wilson/saurcon_ws/install/joy/share/joy/local_setup.zsh
[49.533s] -- Up-to-date: /home/wilson/saurcon_ws/install/joy/share/joy/local_setup.dsv
[49.533s] -- Installing: /home/wilson/saurcon_ws/install/joy/share/joy/package.dsv
[49.534s] -- Up-to-date: /home/wilson/saurcon_ws/install/joy/share/ament_index/resource_index/packages/joy
[49.534s] -- Up-to-date: /home/wilson/saurcon_ws/install/joy/share/ament_index/resource_index/rclcpp_components/joy
[49.534s] -- Up-to-date: /home/wilson/saurcon_ws/install/joy/share/joy/cmake/export_joyExport.cmake
[49.535s] -- Up-to-date: /home/wilson/saurcon_ws/install/joy/share/joy/cmake/export_joyExport-noconfig.cmake
[49.535s] -- Up-to-date: /home/wilson/saurcon_ws/install/joy/share/joy/cmake/export_game_controllerExport.cmake
[49.535s] -- Up-to-date: /home/wilson/saurcon_ws/install/joy/share/joy/cmake/export_game_controllerExport-noconfig.cmake
[49.536s] -- Up-to-date: /home/wilson/saurcon_ws/install/joy/share/joy/cmake/ament_cmake_export_targets-extras.cmake
[49.536s] -- Up-to-date: /home/wilson/saurcon_ws/install/joy/share/joy/cmake/ament_cmake_export_dependencies-extras.cmake
[49.536s] -- Up-to-date: /home/wilson/saurcon_ws/install/joy/share/joy/cmake/joyConfig.cmake
[49.536s] -- Up-to-date: /home/wilson/saurcon_ws/install/joy/share/joy/cmake/joyConfig-version.cmake
[49.537s] -- Up-to-date: /home/wilson/saurcon_ws/install/joy/share/joy/package.xml
[49.543s] Invoked command in '/home/wilson/saurcon_ws/build/joy' returned '0': CMAKE_PREFIX_PATH=/home/wilson/saurcon_ws/install/sdl2_vendor:/home/wilson/saurcon_ws/install/wiimote:/home/wilson/saurcon_ws/install/wiimote_msgs:/home/wilson/saurcon_ws/install/spacenav:/home/wilson/saurcon_ws/install/joy:/home/wilson/saurcon_ws/install/joy_linux:/home/wilson/saurcon_ws/install/control_rc:/home/wilson/uros_ws/install/micro_ros_agent:/home/wilson/uros_ws/install/micro_ros_msgs:/home/wilson/ros2_ws/install/micro_ros_agent:/opt/ros/jazzy/opt/gz_math_vendor:/opt/ros/jazzy/opt/gz_utils_vendor:/opt/ros/jazzy/opt/gz_cmake_vendor:/opt/ros/jazzy DEBUGINFOD_URLS=https://debuginfod.ubuntu.com /usr/bin/cmake --install /home/wilson/saurcon_ws/build/joy
