[0.023s] Invoking command in '/home/wilson/saurcon_ws/build/sdl2_vendor': CMAKE_PREFIX_PATH=${CMAKE_PREFIX_PATH}:/opt/ros/jazzy DEBUGINFOD_URLS=https://debuginfod.ubuntu.com /usr/bin/cmake /home/wilson/saurcon_ws/src/joystick_drivers/sdl2_vendor -DCMAKE_INSTALL_PREFIX=/home/wilson/saurcon_ws/install/sdl2_vendor
[0.137s] -- The C compiler identification is GNU 13.3.0
[0.251s] -- The CXX compiler identification is GNU 13.3.0
[0.282s] -- Detecting C compiler ABI info
[0.437s] -- Detecting C compiler ABI info - done
[0.457s] -- Check for working C compiler: /usr/bin/cc - skipped
[0.458s] -- Detecting C compile features
[0.459s] -- Detecting C compile features - done
[0.474s] -- Detecting CXX compiler ABI info
[0.661s] -- Detecting CXX compiler ABI info - done
[0.681s] -- Check for working CXX compiler: /usr/bin/c++ - skipped
[0.682s] -- Detecting CXX compile features
[0.682s] -- Detecting CXX compile features - done
[0.695s] -- Found ament_cmake: 2.5.3 (/opt/ros/jazzy/share/ament_cmake/cmake)
[0.966s] -- Found Python3: /usr/bin/python3 (found version "3.12.3") found components: Interpreter 
[1.365s] -- Configuring done (1.3s)
[1.368s] -- Generating done (0.0s)
[1.373s] -- Build files have been written to: /home/wilson/saurcon_ws/build/sdl2_vendor
[1.379s] Invoked command in '/home/wilson/saurcon_ws/build/sdl2_vendor' returned '0': CMAKE_PREFIX_PATH=${CMAKE_PREFIX_PATH}:/opt/ros/jazzy DEBUGINFOD_URLS=https://debuginfod.ubuntu.com /usr/bin/cmake /home/wilson/saurcon_ws/src/joystick_drivers/sdl2_vendor -DCMAKE_INSTALL_PREFIX=/home/wilson/saurcon_ws/install/sdl2_vendor
[1.380s] Invoking command in '/home/wilson/saurcon_ws/build/sdl2_vendor': CMAKE_PREFIX_PATH=${CMAKE_PREFIX_PATH}:/opt/ros/jazzy DEBUGINFOD_URLS=https://debuginfod.ubuntu.com /usr/bin/cmake --build /home/wilson/saurcon_ws/build/sdl2_vendor -- -j4 -l4
[1.444s] Invoked command in '/home/wilson/saurcon_ws/build/sdl2_vendor' returned '0': CMAKE_PREFIX_PATH=${CMAKE_PREFIX_PATH}:/opt/ros/jazzy DEBUGINFOD_URLS=https://debuginfod.ubuntu.com /usr/bin/cmake --build /home/wilson/saurcon_ws/build/sdl2_vendor -- -j4 -l4
[1.445s] Invoking command in '/home/wilson/saurcon_ws/build/sdl2_vendor': CMAKE_PREFIX_PATH=${CMAKE_PREFIX_PATH}:/opt/ros/jazzy DEBUGINFOD_URLS=https://debuginfod.ubuntu.com /usr/bin/cmake --install /home/wilson/saurcon_ws/build/sdl2_vendor
[1.459s] -- Install configuration: ""
[1.460s] -- Installing: /home/wilson/saurcon_ws/install/sdl2_vendor/share/sdl2_vendor/cmake
[1.460s] -- Installing: /home/wilson/saurcon_ws/install/sdl2_vendor/share/sdl2_vendor/cmake/Modules
[1.461s] -- Installing: /home/wilson/saurcon_ws/install/sdl2_vendor/share/sdl2_vendor/cmake/Modules/Findsdl2_custom.cmake
[1.461s] -- Installing: /home/wilson/saurcon_ws/install/sdl2_vendor/share/ament_index/resource_index/package_run_dependencies/sdl2_vendor
[1.462s] -- Installing: /home/wilson/saurcon_ws/install/sdl2_vendor/share/ament_index/resource_index/parent_prefix_path/sdl2_vendor
[1.463s] -- Installing: /home/wilson/saurcon_ws/install/sdl2_vendor/share/sdl2_vendor/environment/ament_prefix_path.sh
[1.463s] -- Installing: /home/wilson/saurcon_ws/install/sdl2_vendor/share/sdl2_vendor/environment/ament_prefix_path.dsv
[1.464s] -- Installing: /home/wilson/saurcon_ws/install/sdl2_vendor/share/sdl2_vendor/environment/path.sh
[1.464s] -- Installing: /home/wilson/saurcon_ws/install/sdl2_vendor/share/sdl2_vendor/environment/path.dsv
[1.465s] -- Installing: /home/wilson/saurcon_ws/install/sdl2_vendor/share/sdl2_vendor/local_setup.bash
[1.465s] -- Installing: /home/wilson/saurcon_ws/install/sdl2_vendor/share/sdl2_vendor/local_setup.sh
[1.466s] -- Installing: /home/wilson/saurcon_ws/install/sdl2_vendor/share/sdl2_vendor/local_setup.zsh
[1.466s] -- Installing: /home/wilson/saurcon_ws/install/sdl2_vendor/share/sdl2_vendor/local_setup.dsv
[1.466s] -- Installing: /home/wilson/saurcon_ws/install/sdl2_vendor/share/sdl2_vendor/package.dsv
[1.467s] -- Installing: /home/wilson/saurcon_ws/install/sdl2_vendor/share/ament_index/resource_index/packages/sdl2_vendor
[1.468s] -- Installing: /home/wilson/saurcon_ws/install/sdl2_vendor/share/sdl2_vendor/cmake/sdl2_vendor-extras.cmake
[1.468s] -- Installing: /home/wilson/saurcon_ws/install/sdl2_vendor/share/sdl2_vendor/cmake/sdl2_vendorConfig.cmake
[1.469s] -- Installing: /home/wilson/saurcon_ws/install/sdl2_vendor/share/sdl2_vendor/cmake/sdl2_vendorConfig-version.cmake
[1.471s] -- Installing: /home/wilson/saurcon_ws/install/sdl2_vendor/share/sdl2_vendor/package.xml
[1.474s] Invoked command in '/home/wilson/saurcon_ws/build/sdl2_vendor' returned '0': CMAKE_PREFIX_PATH=${CMAKE_PREFIX_PATH}:/opt/ros/jazzy DEBUGINFOD_URLS=https://debuginfod.ubuntu.com /usr/bin/cmake --install /home/wilson/saurcon_ws/build/sdl2_vendor
