[0.119s] DEBUG:colcon:Command line arguments: ['/usr/bin/colcon', 'build']
[0.119s] DEBUG:colcon:Parsed command line arguments: Namespace(log_base=None, log_level=None, verb_name='build', build_base='build', install_base='install', merge_install=False, symlink_install=False, test_result_base=None, continue_on_error=False, executor='parallel', parallel_workers=4, event_handlers=None, ignore_user_meta=False, metas=['./colcon.meta'], base_paths=['.'], packages_ignore=None, packages_ignore_regex=None, paths=None, packages_up_to=None, packages_up_to_regex=None, packages_above=None, packages_above_and_dependencies=None, packages_above_depth=None, packages_select_by_dep=None, packages_skip_by_dep=None, packages_skip_up_to=None, packages_select_build_failed=False, packages_skip_build_finished=False, packages_select_test_failures=False, packages_skip_test_passed=False, packages_select=None, packages_skip=None, packages_select_regex=None, packages_skip_regex=None, packages_start=None, packages_end=None, allow_overriding=[], cmake_args=None, cmake_target=None, cmake_target_skip_unavailable=False, cmake_clean_cache=False, cmake_clean_first=False, cmake_force_configure=False, ament_cmake_args=None, catkin_cmake_args=None, catkin_skip_building_tests=False, mixin_files=None, mixin=None, verb_parser=<colcon_mixin.mixin.mixin_argument.MixinArgumentDecorator object at 0x72c142f7ba70>, verb_extension=<colcon_core.verb.build.BuildVerb object at 0x72c142f7b770>, main=<bound method BuildVerb.main of <colcon_core.verb.build.BuildVerb object at 0x72c142f7b770>>, mixin_verb=('build',))
[0.161s] Level 1:colcon.colcon_core.package_discovery:discover_packages(colcon_meta) check parameters
[0.161s] Level 1:colcon.colcon_core.package_discovery:discover_packages(recursive) check parameters
[0.161s] Level 1:colcon.colcon_core.package_discovery:discover_packages(ignore) check parameters
[0.161s] Level 1:colcon.colcon_core.package_discovery:discover_packages(path) check parameters
[0.161s] Level 1:colcon.colcon_core.package_discovery:discover_packages(colcon_meta) discover
[0.162s] Level 1:colcon.colcon_core.package_discovery:discover_packages(recursive) discover
[0.162s] INFO:colcon.colcon_core.package_discovery:Crawling recursively for packages in '/home/wilson/saurcon_ws'
[0.162s] Level 1:colcon.colcon_core.package_identification:_identify(.) by extensions ['ignore', 'ignore_ament_install']
[0.162s] Level 1:colcon.colcon_core.package_identification:_identify(.) by extension 'ignore'
[0.162s] Level 1:colcon.colcon_core.package_identification:_identify(.) by extension 'ignore_ament_install'
[0.162s] Level 1:colcon.colcon_core.package_identification:_identify(.) by extensions ['colcon_pkg']
[0.162s] Level 1:colcon.colcon_core.package_identification:_identify(.) by extension 'colcon_pkg'
[0.162s] Level 1:colcon.colcon_core.package_identification:_identify(.) by extensions ['colcon_meta']
[0.162s] Level 1:colcon.colcon_core.package_identification:_identify(.) by extension 'colcon_meta'
[0.162s] Level 1:colcon.colcon_core.package_identification:_identify(.) by extensions ['ros']
[0.162s] Level 1:colcon.colcon_core.package_identification:_identify(.) by extension 'ros'
[0.189s] Level 1:colcon.colcon_core.package_identification:_identify(.) by extensions ['cmake', 'python']
[0.189s] Level 1:colcon.colcon_core.package_identification:_identify(.) by extension 'cmake'
[0.189s] Level 1:colcon.colcon_core.package_identification:_identify(.) by extension 'python'
[0.190s] Level 1:colcon.colcon_core.package_identification:_identify(.) by extensions ['python_setup_py']
[0.190s] Level 1:colcon.colcon_core.package_identification:_identify(.) by extension 'python_setup_py'
[0.190s] Level 1:colcon.colcon_core.package_identification:_identify(build) by extensions ['ignore', 'ignore_ament_install']
[0.190s] Level 1:colcon.colcon_core.package_identification:_identify(build) by extension 'ignore'
[0.190s] Level 1:colcon.colcon_core.package_identification:_identify(build) ignored
[0.190s] Level 1:colcon.colcon_core.package_identification:_identify(install) by extensions ['ignore', 'ignore_ament_install']
[0.190s] Level 1:colcon.colcon_core.package_identification:_identify(install) by extension 'ignore'
[0.190s] Level 1:colcon.colcon_core.package_identification:_identify(install) ignored
[0.190s] Level 1:colcon.colcon_core.package_identification:_identify(log) by extensions ['ignore', 'ignore_ament_install']
[0.190s] Level 1:colcon.colcon_core.package_identification:_identify(log) by extension 'ignore'
[0.190s] Level 1:colcon.colcon_core.package_identification:_identify(log) ignored
[0.190s] Level 1:colcon.colcon_core.package_identification:_identify(src) by extensions ['ignore', 'ignore_ament_install']
[0.190s] Level 1:colcon.colcon_core.package_identification:_identify(src) by extension 'ignore'
[0.191s] Level 1:colcon.colcon_core.package_identification:_identify(src) by extension 'ignore_ament_install'
[0.191s] Level 1:colcon.colcon_core.package_identification:_identify(src) by extensions ['colcon_pkg']
[0.191s] Level 1:colcon.colcon_core.package_identification:_identify(src) by extension 'colcon_pkg'
[0.191s] Level 1:colcon.colcon_core.package_identification:_identify(src) by extensions ['colcon_meta']
[0.191s] Level 1:colcon.colcon_core.package_identification:_identify(src) by extension 'colcon_meta'
[0.191s] Level 1:colcon.colcon_core.package_identification:_identify(src) by extensions ['ros']
[0.191s] Level 1:colcon.colcon_core.package_identification:_identify(src) by extension 'ros'
[0.191s] Level 1:colcon.colcon_core.package_identification:_identify(src) by extensions ['cmake', 'python']
[0.191s] Level 1:colcon.colcon_core.package_identification:_identify(src) by extension 'cmake'
[0.191s] Level 1:colcon.colcon_core.package_identification:_identify(src) by extension 'python'
[0.191s] Level 1:colcon.colcon_core.package_identification:_identify(src) by extensions ['python_setup_py']
[0.191s] Level 1:colcon.colcon_core.package_identification:_identify(src) by extension 'python_setup_py'
[0.191s] Level 1:colcon.colcon_core.package_identification:_identify(src/control_rc) by extensions ['ignore', 'ignore_ament_install']
[0.191s] Level 1:colcon.colcon_core.package_identification:_identify(src/control_rc) by extension 'ignore'
[0.191s] Level 1:colcon.colcon_core.package_identification:_identify(src/control_rc) by extension 'ignore_ament_install'
[0.191s] Level 1:colcon.colcon_core.package_identification:_identify(src/control_rc) by extensions ['colcon_pkg']
[0.191s] Level 1:colcon.colcon_core.package_identification:_identify(src/control_rc) by extension 'colcon_pkg'
[0.191s] Level 1:colcon.colcon_core.package_identification:_identify(src/control_rc) by extensions ['colcon_meta']
[0.191s] Level 1:colcon.colcon_core.package_identification:_identify(src/control_rc) by extension 'colcon_meta'
[0.191s] Level 1:colcon.colcon_core.package_identification:_identify(src/control_rc) by extensions ['ros']
[0.191s] Level 1:colcon.colcon_core.package_identification:_identify(src/control_rc) by extension 'ros'
[0.194s] DEBUG:colcon.colcon_core.package_identification:Package 'src/control_rc' with type 'ros.ament_cmake' and name 'control_rc'
[0.194s] Level 1:colcon.colcon_core.package_identification:_identify(src/joystick_drivers) by extensions ['ignore', 'ignore_ament_install']
[0.194s] Level 1:colcon.colcon_core.package_identification:_identify(src/joystick_drivers) by extension 'ignore'
[0.194s] Level 1:colcon.colcon_core.package_identification:_identify(src/joystick_drivers) by extension 'ignore_ament_install'
[0.194s] Level 1:colcon.colcon_core.package_identification:_identify(src/joystick_drivers) by extensions ['colcon_pkg']
[0.195s] Level 1:colcon.colcon_core.package_identification:_identify(src/joystick_drivers) by extension 'colcon_pkg'
[0.195s] Level 1:colcon.colcon_core.package_identification:_identify(src/joystick_drivers) by extensions ['colcon_meta']
[0.195s] Level 1:colcon.colcon_core.package_identification:_identify(src/joystick_drivers) by extension 'colcon_meta'
[0.195s] Level 1:colcon.colcon_core.package_identification:_identify(src/joystick_drivers) by extensions ['ros']
[0.195s] Level 1:colcon.colcon_core.package_identification:_identify(src/joystick_drivers) by extension 'ros'
[0.195s] Level 1:colcon.colcon_core.package_identification:_identify(src/joystick_drivers) by extensions ['cmake', 'python']
[0.195s] Level 1:colcon.colcon_core.package_identification:_identify(src/joystick_drivers) by extension 'cmake'
[0.195s] Level 1:colcon.colcon_core.package_identification:_identify(src/joystick_drivers) by extension 'python'
[0.195s] Level 1:colcon.colcon_core.package_identification:_identify(src/joystick_drivers) by extensions ['python_setup_py']
[0.195s] Level 1:colcon.colcon_core.package_identification:_identify(src/joystick_drivers) by extension 'python_setup_py'
[0.195s] Level 1:colcon.colcon_core.package_identification:_identify(src/joystick_drivers/joy) by extensions ['ignore', 'ignore_ament_install']
[0.195s] Level 1:colcon.colcon_core.package_identification:_identify(src/joystick_drivers/joy) by extension 'ignore'
[0.195s] Level 1:colcon.colcon_core.package_identification:_identify(src/joystick_drivers/joy) by extension 'ignore_ament_install'
[0.195s] Level 1:colcon.colcon_core.package_identification:_identify(src/joystick_drivers/joy) by extensions ['colcon_pkg']
[0.195s] Level 1:colcon.colcon_core.package_identification:_identify(src/joystick_drivers/joy) by extension 'colcon_pkg'
[0.195s] Level 1:colcon.colcon_core.package_identification:_identify(src/joystick_drivers/joy) by extensions ['colcon_meta']
[0.196s] Level 1:colcon.colcon_core.package_identification:_identify(src/joystick_drivers/joy) by extension 'colcon_meta'
[0.196s] Level 1:colcon.colcon_core.package_identification:_identify(src/joystick_drivers/joy) by extensions ['ros']
[0.196s] Level 1:colcon.colcon_core.package_identification:_identify(src/joystick_drivers/joy) by extension 'ros'
[0.196s] DEBUG:colcon.colcon_core.package_identification:Package 'src/joystick_drivers/joy' with type 'ros.ament_cmake' and name 'joy'
[0.197s] Level 1:colcon.colcon_core.package_identification:_identify(src/joystick_drivers/joy_linux) by extensions ['ignore', 'ignore_ament_install']
[0.197s] Level 1:colcon.colcon_core.package_identification:_identify(src/joystick_drivers/joy_linux) by extension 'ignore'
[0.197s] Level 1:colcon.colcon_core.package_identification:_identify(src/joystick_drivers/joy_linux) by extension 'ignore_ament_install'
[0.197s] Level 1:colcon.colcon_core.package_identification:_identify(src/joystick_drivers/joy_linux) by extensions ['colcon_pkg']
[0.197s] Level 1:colcon.colcon_core.package_identification:_identify(src/joystick_drivers/joy_linux) by extension 'colcon_pkg'
[0.197s] Level 1:colcon.colcon_core.package_identification:_identify(src/joystick_drivers/joy_linux) by extensions ['colcon_meta']
[0.197s] Level 1:colcon.colcon_core.package_identification:_identify(src/joystick_drivers/joy_linux) by extension 'colcon_meta'
[0.197s] Level 1:colcon.colcon_core.package_identification:_identify(src/joystick_drivers/joy_linux) by extensions ['ros']
[0.197s] Level 1:colcon.colcon_core.package_identification:_identify(src/joystick_drivers/joy_linux) by extension 'ros'
[0.198s] DEBUG:colcon.colcon_core.package_identification:Package 'src/joystick_drivers/joy_linux' with type 'ros.ament_cmake' and name 'joy_linux'
[0.198s] Level 1:colcon.colcon_core.package_identification:_identify(src/joystick_drivers/joystick_drivers) by extensions ['ignore', 'ignore_ament_install']
[0.198s] Level 1:colcon.colcon_core.package_identification:_identify(src/joystick_drivers/joystick_drivers) by extension 'ignore'
[0.198s] Level 1:colcon.colcon_core.package_identification:_identify(src/joystick_drivers/joystick_drivers) by extension 'ignore_ament_install'
[0.198s] Level 1:colcon.colcon_core.package_identification:_identify(src/joystick_drivers/joystick_drivers) by extensions ['colcon_pkg']
[0.198s] Level 1:colcon.colcon_core.package_identification:_identify(src/joystick_drivers/joystick_drivers) by extension 'colcon_pkg'
[0.198s] Level 1:colcon.colcon_core.package_identification:_identify(src/joystick_drivers/joystick_drivers) by extensions ['colcon_meta']
[0.198s] Level 1:colcon.colcon_core.package_identification:_identify(src/joystick_drivers/joystick_drivers) by extension 'colcon_meta'
[0.198s] Level 1:colcon.colcon_core.package_identification:_identify(src/joystick_drivers/joystick_drivers) by extensions ['ros']
[0.198s] Level 1:colcon.colcon_core.package_identification:_identify(src/joystick_drivers/joystick_drivers) by extension 'ros'
[0.198s] Level 1:colcon.colcon_core.package_identification:_identify(src/joystick_drivers/joystick_drivers) ignored
[0.198s] Level 1:colcon.colcon_core.package_identification:_identify(src/joystick_drivers/ps3joy) by extensions ['ignore', 'ignore_ament_install']
[0.199s] Level 1:colcon.colcon_core.package_identification:_identify(src/joystick_drivers/ps3joy) by extension 'ignore'
[0.199s] Level 1:colcon.colcon_core.package_identification:_identify(src/joystick_drivers/ps3joy) by extension 'ignore_ament_install'
[0.199s] Level 1:colcon.colcon_core.package_identification:_identify(src/joystick_drivers/ps3joy) by extensions ['colcon_pkg']
[0.199s] Level 1:colcon.colcon_core.package_identification:_identify(src/joystick_drivers/ps3joy) by extension 'colcon_pkg'
[0.199s] Level 1:colcon.colcon_core.package_identification:_identify(src/joystick_drivers/ps3joy) by extensions ['colcon_meta']
[0.199s] Level 1:colcon.colcon_core.package_identification:_identify(src/joystick_drivers/ps3joy) by extension 'colcon_meta'
[0.199s] Level 1:colcon.colcon_core.package_identification:_identify(src/joystick_drivers/ps3joy) by extensions ['ros']
[0.199s] Level 1:colcon.colcon_core.package_identification:_identify(src/joystick_drivers/ps3joy) by extension 'ros'
[0.199s] Level 1:colcon.colcon_core.package_identification:_identify(src/joystick_drivers/ps3joy) ignored
[0.199s] Level 1:colcon.colcon_core.package_identification:_identify(src/joystick_drivers/sdl2_vendor) by extensions ['ignore', 'ignore_ament_install']
[0.199s] Level 1:colcon.colcon_core.package_identification:_identify(src/joystick_drivers/sdl2_vendor) by extension 'ignore'
[0.199s] Level 1:colcon.colcon_core.package_identification:_identify(src/joystick_drivers/sdl2_vendor) by extension 'ignore_ament_install'
[0.199s] Level 1:colcon.colcon_core.package_identification:_identify(src/joystick_drivers/sdl2_vendor) by extensions ['colcon_pkg']
[0.199s] Level 1:colcon.colcon_core.package_identification:_identify(src/joystick_drivers/sdl2_vendor) by extension 'colcon_pkg'
[0.199s] Level 1:colcon.colcon_core.package_identification:_identify(src/joystick_drivers/sdl2_vendor) by extensions ['colcon_meta']
[0.199s] Level 1:colcon.colcon_core.package_identification:_identify(src/joystick_drivers/sdl2_vendor) by extension 'colcon_meta'
[0.199s] Level 1:colcon.colcon_core.package_identification:_identify(src/joystick_drivers/sdl2_vendor) by extensions ['ros']
[0.199s] Level 1:colcon.colcon_core.package_identification:_identify(src/joystick_drivers/sdl2_vendor) by extension 'ros'
[0.200s] DEBUG:colcon.colcon_core.package_identification:Package 'src/joystick_drivers/sdl2_vendor' with type 'ros.ament_cmake' and name 'sdl2_vendor'
[0.200s] Level 1:colcon.colcon_core.package_identification:_identify(src/joystick_drivers/spacenav) by extensions ['ignore', 'ignore_ament_install']
[0.200s] Level 1:colcon.colcon_core.package_identification:_identify(src/joystick_drivers/spacenav) by extension 'ignore'
[0.200s] Level 1:colcon.colcon_core.package_identification:_identify(src/joystick_drivers/spacenav) by extension 'ignore_ament_install'
[0.200s] Level 1:colcon.colcon_core.package_identification:_identify(src/joystick_drivers/spacenav) by extensions ['colcon_pkg']
[0.200s] Level 1:colcon.colcon_core.package_identification:_identify(src/joystick_drivers/spacenav) by extension 'colcon_pkg'
[0.200s] Level 1:colcon.colcon_core.package_identification:_identify(src/joystick_drivers/spacenav) by extensions ['colcon_meta']
[0.200s] Level 1:colcon.colcon_core.package_identification:_identify(src/joystick_drivers/spacenav) by extension 'colcon_meta'
[0.200s] Level 1:colcon.colcon_core.package_identification:_identify(src/joystick_drivers/spacenav) by extensions ['ros']
[0.200s] Level 1:colcon.colcon_core.package_identification:_identify(src/joystick_drivers/spacenav) by extension 'ros'
[0.201s] DEBUG:colcon.colcon_core.package_identification:Package 'src/joystick_drivers/spacenav' with type 'ros.ament_cmake' and name 'spacenav'
[0.201s] Level 1:colcon.colcon_core.package_identification:_identify(src/joystick_drivers/wiimote) by extensions ['ignore', 'ignore_ament_install']
[0.201s] Level 1:colcon.colcon_core.package_identification:_identify(src/joystick_drivers/wiimote) by extension 'ignore'
[0.201s] Level 1:colcon.colcon_core.package_identification:_identify(src/joystick_drivers/wiimote) by extension 'ignore_ament_install'
[0.201s] Level 1:colcon.colcon_core.package_identification:_identify(src/joystick_drivers/wiimote) by extensions ['colcon_pkg']
[0.201s] Level 1:colcon.colcon_core.package_identification:_identify(src/joystick_drivers/wiimote) by extension 'colcon_pkg'
[0.201s] Level 1:colcon.colcon_core.package_identification:_identify(src/joystick_drivers/wiimote) by extensions ['colcon_meta']
[0.201s] Level 1:colcon.colcon_core.package_identification:_identify(src/joystick_drivers/wiimote) by extension 'colcon_meta'
[0.202s] Level 1:colcon.colcon_core.package_identification:_identify(src/joystick_drivers/wiimote) by extensions ['ros']
[0.202s] Level 1:colcon.colcon_core.package_identification:_identify(src/joystick_drivers/wiimote) by extension 'ros'
[0.203s] DEBUG:colcon.colcon_core.package_identification:Package 'src/joystick_drivers/wiimote' with type 'ros.ament_cmake' and name 'wiimote'
[0.203s] Level 1:colcon.colcon_core.package_identification:_identify(src/joystick_drivers/wiimote_msgs) by extensions ['ignore', 'ignore_ament_install']
[0.203s] Level 1:colcon.colcon_core.package_identification:_identify(src/joystick_drivers/wiimote_msgs) by extension 'ignore'
[0.203s] Level 1:colcon.colcon_core.package_identification:_identify(src/joystick_drivers/wiimote_msgs) by extension 'ignore_ament_install'
[0.203s] Level 1:colcon.colcon_core.package_identification:_identify(src/joystick_drivers/wiimote_msgs) by extensions ['colcon_pkg']
[0.203s] Level 1:colcon.colcon_core.package_identification:_identify(src/joystick_drivers/wiimote_msgs) by extension 'colcon_pkg'
[0.203s] Level 1:colcon.colcon_core.package_identification:_identify(src/joystick_drivers/wiimote_msgs) by extensions ['colcon_meta']
[0.203s] Level 1:colcon.colcon_core.package_identification:_identify(src/joystick_drivers/wiimote_msgs) by extension 'colcon_meta'
[0.203s] Level 1:colcon.colcon_core.package_identification:_identify(src/joystick_drivers/wiimote_msgs) by extensions ['ros']
[0.203s] Level 1:colcon.colcon_core.package_identification:_identify(src/joystick_drivers/wiimote_msgs) by extension 'ros'
[0.204s] DEBUG:colcon.colcon_core.package_identification:Package 'src/joystick_drivers/wiimote_msgs' with type 'ros.ament_cmake' and name 'wiimote_msgs'
[0.204s] Level 1:colcon.colcon_core.package_discovery:discover_packages(recursive) using defaults
[0.204s] Level 1:colcon.colcon_core.package_discovery:discover_packages(ignore) discover
[0.204s] Level 1:colcon.colcon_core.package_discovery:discover_packages(ignore) using defaults
[0.204s] Level 1:colcon.colcon_core.package_discovery:discover_packages(path) discover
[0.204s] Level 1:colcon.colcon_core.package_discovery:discover_packages(path) using defaults
[0.223s] Level 1:colcon.colcon_core.package_discovery:discover_packages(prefix_path) check parameters
[0.223s] Level 1:colcon.colcon_core.package_discovery:discover_packages(prefix_path) discover
[0.225s] DEBUG:colcon.colcon_installed_package_information.package_discovery:Found 2 installed packages in /home/wilson/uros_ws/install
[0.225s] DEBUG:colcon.colcon_installed_package_information.package_discovery:Found 1 installed packages in /home/wilson/ros2_ws/install
[0.227s] DEBUG:colcon.colcon_installed_package_information.package_discovery:Found 287 installed packages in /opt/ros/jazzy
[0.229s] Level 1:colcon.colcon_core.package_discovery:discover_packages(prefix_path) using defaults
[0.276s] WARNING:colcon.colcon_core.package_selection:Some selected packages are already built in one or more underlay workspaces:
	'joy' is in: /opt/ros/jazzy
If a package in a merged underlay workspace is overridden and it installs headers, then all packages in the overlay must sort their include directories by workspace order. Failure to do so may result in build failures or undefined behavior at run time.
If the overridden package is used by another package in any underlay, then the overriding package in the overlay must be API and ABI compatible or undefined behavior at run time may occur.

If you understand the risks and want to override a package anyways, add the following to the command line:
	--allow-overriding joy

This may be promoted to an error in a future release of colcon-override-check.
[0.277s] Level 5:colcon.colcon_core.verb:set package 'control_rc' build argument 'cmake_args' from command line to 'None'
[0.277s] Level 5:colcon.colcon_core.verb:set package 'control_rc' build argument 'cmake_target' from command line to 'None'
[0.277s] Level 5:colcon.colcon_core.verb:set package 'control_rc' build argument 'cmake_target_skip_unavailable' from command line to 'False'
[0.277s] Level 5:colcon.colcon_core.verb:set package 'control_rc' build argument 'cmake_clean_cache' from command line to 'False'
[0.277s] Level 5:colcon.colcon_core.verb:set package 'control_rc' build argument 'cmake_clean_first' from command line to 'False'
[0.277s] Level 5:colcon.colcon_core.verb:set package 'control_rc' build argument 'cmake_force_configure' from command line to 'False'
[0.277s] Level 5:colcon.colcon_core.verb:set package 'control_rc' build argument 'ament_cmake_args' from command line to 'None'
[0.277s] Level 5:colcon.colcon_core.verb:set package 'control_rc' build argument 'catkin_cmake_args' from command line to 'None'
[0.277s] Level 5:colcon.colcon_core.verb:set package 'control_rc' build argument 'catkin_skip_building_tests' from command line to 'False'
[0.277s] DEBUG:colcon.colcon_core.verb:Building package 'control_rc' with the following arguments: {'ament_cmake_args': None, 'build_base': '/home/wilson/saurcon_ws/build/control_rc', 'catkin_cmake_args': None, 'catkin_skip_building_tests': False, 'cmake_args': None, 'cmake_clean_cache': False, 'cmake_clean_first': False, 'cmake_force_configure': False, 'cmake_target': None, 'cmake_target_skip_unavailable': False, 'install_base': '/home/wilson/saurcon_ws/install/control_rc', 'merge_install': False, 'path': '/home/wilson/saurcon_ws/src/control_rc', 'symlink_install': False, 'test_result_base': None}
[0.278s] Level 5:colcon.colcon_core.verb:set package 'joy_linux' build argument 'cmake_args' from command line to 'None'
[0.278s] Level 5:colcon.colcon_core.verb:set package 'joy_linux' build argument 'cmake_target' from command line to 'None'
[0.278s] Level 5:colcon.colcon_core.verb:set package 'joy_linux' build argument 'cmake_target_skip_unavailable' from command line to 'False'
[0.278s] Level 5:colcon.colcon_core.verb:set package 'joy_linux' build argument 'cmake_clean_cache' from command line to 'False'
[0.278s] Level 5:colcon.colcon_core.verb:set package 'joy_linux' build argument 'cmake_clean_first' from command line to 'False'
[0.278s] Level 5:colcon.colcon_core.verb:set package 'joy_linux' build argument 'cmake_force_configure' from command line to 'False'
[0.278s] Level 5:colcon.colcon_core.verb:set package 'joy_linux' build argument 'ament_cmake_args' from command line to 'None'
[0.278s] Level 5:colcon.colcon_core.verb:set package 'joy_linux' build argument 'catkin_cmake_args' from command line to 'None'
[0.278s] Level 5:colcon.colcon_core.verb:set package 'joy_linux' build argument 'catkin_skip_building_tests' from command line to 'False'
[0.278s] DEBUG:colcon.colcon_core.verb:Building package 'joy_linux' with the following arguments: {'ament_cmake_args': None, 'build_base': '/home/wilson/saurcon_ws/build/joy_linux', 'catkin_cmake_args': None, 'catkin_skip_building_tests': False, 'cmake_args': None, 'cmake_clean_cache': False, 'cmake_clean_first': False, 'cmake_force_configure': False, 'cmake_target': None, 'cmake_target_skip_unavailable': False, 'install_base': '/home/wilson/saurcon_ws/install/joy_linux', 'merge_install': False, 'path': '/home/wilson/saurcon_ws/src/joystick_drivers/joy_linux', 'symlink_install': False, 'test_result_base': None}
[0.279s] Level 5:colcon.colcon_core.verb:set package 'sdl2_vendor' build argument 'cmake_args' from command line to 'None'
[0.279s] Level 5:colcon.colcon_core.verb:set package 'sdl2_vendor' build argument 'cmake_target' from command line to 'None'
[0.279s] Level 5:colcon.colcon_core.verb:set package 'sdl2_vendor' build argument 'cmake_target_skip_unavailable' from command line to 'False'
[0.279s] Level 5:colcon.colcon_core.verb:set package 'sdl2_vendor' build argument 'cmake_clean_cache' from command line to 'False'
[0.279s] Level 5:colcon.colcon_core.verb:set package 'sdl2_vendor' build argument 'cmake_clean_first' from command line to 'False'
[0.279s] Level 5:colcon.colcon_core.verb:set package 'sdl2_vendor' build argument 'cmake_force_configure' from command line to 'False'
[0.279s] Level 5:colcon.colcon_core.verb:set package 'sdl2_vendor' build argument 'ament_cmake_args' from command line to 'None'
[0.279s] Level 5:colcon.colcon_core.verb:set package 'sdl2_vendor' build argument 'catkin_cmake_args' from command line to 'None'
[0.279s] Level 5:colcon.colcon_core.verb:set package 'sdl2_vendor' build argument 'catkin_skip_building_tests' from command line to 'False'
[0.279s] DEBUG:colcon.colcon_core.verb:Building package 'sdl2_vendor' with the following arguments: {'ament_cmake_args': None, 'build_base': '/home/wilson/saurcon_ws/build/sdl2_vendor', 'catkin_cmake_args': None, 'catkin_skip_building_tests': False, 'cmake_args': None, 'cmake_clean_cache': False, 'cmake_clean_first': False, 'cmake_force_configure': False, 'cmake_target': None, 'cmake_target_skip_unavailable': False, 'install_base': '/home/wilson/saurcon_ws/install/sdl2_vendor', 'merge_install': False, 'path': '/home/wilson/saurcon_ws/src/joystick_drivers/sdl2_vendor', 'symlink_install': False, 'test_result_base': None}
[0.280s] Level 5:colcon.colcon_core.verb:set package 'spacenav' build argument 'cmake_args' from command line to 'None'
[0.280s] Level 5:colcon.colcon_core.verb:set package 'spacenav' build argument 'cmake_target' from command line to 'None'
[0.280s] Level 5:colcon.colcon_core.verb:set package 'spacenav' build argument 'cmake_target_skip_unavailable' from command line to 'False'
[0.280s] Level 5:colcon.colcon_core.verb:set package 'spacenav' build argument 'cmake_clean_cache' from command line to 'False'
[0.280s] Level 5:colcon.colcon_core.verb:set package 'spacenav' build argument 'cmake_clean_first' from command line to 'False'
[0.280s] Level 5:colcon.colcon_core.verb:set package 'spacenav' build argument 'cmake_force_configure' from command line to 'False'
[0.280s] Level 5:colcon.colcon_core.verb:set package 'spacenav' build argument 'ament_cmake_args' from command line to 'None'
[0.280s] Level 5:colcon.colcon_core.verb:set package 'spacenav' build argument 'catkin_cmake_args' from command line to 'None'
[0.280s] Level 5:colcon.colcon_core.verb:set package 'spacenav' build argument 'catkin_skip_building_tests' from command line to 'False'
[0.280s] DEBUG:colcon.colcon_core.verb:Building package 'spacenav' with the following arguments: {'ament_cmake_args': None, 'build_base': '/home/wilson/saurcon_ws/build/spacenav', 'catkin_cmake_args': None, 'catkin_skip_building_tests': False, 'cmake_args': None, 'cmake_clean_cache': False, 'cmake_clean_first': False, 'cmake_force_configure': False, 'cmake_target': None, 'cmake_target_skip_unavailable': False, 'install_base': '/home/wilson/saurcon_ws/install/spacenav', 'merge_install': False, 'path': '/home/wilson/saurcon_ws/src/joystick_drivers/spacenav', 'symlink_install': False, 'test_result_base': None}
[0.281s] Level 5:colcon.colcon_core.verb:set package 'wiimote_msgs' build argument 'cmake_args' from command line to 'None'
[0.281s] Level 5:colcon.colcon_core.verb:set package 'wiimote_msgs' build argument 'cmake_target' from command line to 'None'
[0.281s] Level 5:colcon.colcon_core.verb:set package 'wiimote_msgs' build argument 'cmake_target_skip_unavailable' from command line to 'False'
[0.281s] Level 5:colcon.colcon_core.verb:set package 'wiimote_msgs' build argument 'cmake_clean_cache' from command line to 'False'
[0.281s] Level 5:colcon.colcon_core.verb:set package 'wiimote_msgs' build argument 'cmake_clean_first' from command line to 'False'
[0.281s] Level 5:colcon.colcon_core.verb:set package 'wiimote_msgs' build argument 'cmake_force_configure' from command line to 'False'
[0.281s] Level 5:colcon.colcon_core.verb:set package 'wiimote_msgs' build argument 'ament_cmake_args' from command line to 'None'
[0.281s] Level 5:colcon.colcon_core.verb:set package 'wiimote_msgs' build argument 'catkin_cmake_args' from command line to 'None'
[0.281s] Level 5:colcon.colcon_core.verb:set package 'wiimote_msgs' build argument 'catkin_skip_building_tests' from command line to 'False'
[0.281s] DEBUG:colcon.colcon_core.verb:Building package 'wiimote_msgs' with the following arguments: {'ament_cmake_args': None, 'build_base': '/home/wilson/saurcon_ws/build/wiimote_msgs', 'catkin_cmake_args': None, 'catkin_skip_building_tests': False, 'cmake_args': None, 'cmake_clean_cache': False, 'cmake_clean_first': False, 'cmake_force_configure': False, 'cmake_target': None, 'cmake_target_skip_unavailable': False, 'install_base': '/home/wilson/saurcon_ws/install/wiimote_msgs', 'merge_install': False, 'path': '/home/wilson/saurcon_ws/src/joystick_drivers/wiimote_msgs', 'symlink_install': False, 'test_result_base': None}
[0.281s] Level 5:colcon.colcon_core.verb:set package 'joy' build argument 'cmake_args' from command line to 'None'
[0.282s] Level 5:colcon.colcon_core.verb:set package 'joy' build argument 'cmake_target' from command line to 'None'
[0.282s] Level 5:colcon.colcon_core.verb:set package 'joy' build argument 'cmake_target_skip_unavailable' from command line to 'False'
[0.282s] Level 5:colcon.colcon_core.verb:set package 'joy' build argument 'cmake_clean_cache' from command line to 'False'
[0.282s] Level 5:colcon.colcon_core.verb:set package 'joy' build argument 'cmake_clean_first' from command line to 'False'
[0.282s] Level 5:colcon.colcon_core.verb:set package 'joy' build argument 'cmake_force_configure' from command line to 'False'
[0.282s] Level 5:colcon.colcon_core.verb:set package 'joy' build argument 'ament_cmake_args' from command line to 'None'
[0.282s] Level 5:colcon.colcon_core.verb:set package 'joy' build argument 'catkin_cmake_args' from command line to 'None'
[0.282s] Level 5:colcon.colcon_core.verb:set package 'joy' build argument 'catkin_skip_building_tests' from command line to 'False'
[0.282s] DEBUG:colcon.colcon_core.verb:Building package 'joy' with the following arguments: {'ament_cmake_args': None, 'build_base': '/home/wilson/saurcon_ws/build/joy', 'catkin_cmake_args': None, 'catkin_skip_building_tests': False, 'cmake_args': None, 'cmake_clean_cache': False, 'cmake_clean_first': False, 'cmake_force_configure': False, 'cmake_target': None, 'cmake_target_skip_unavailable': False, 'install_base': '/home/wilson/saurcon_ws/install/joy', 'merge_install': False, 'path': '/home/wilson/saurcon_ws/src/joystick_drivers/joy', 'symlink_install': False, 'test_result_base': None}
[0.282s] Level 5:colcon.colcon_core.verb:set package 'wiimote' build argument 'cmake_args' from command line to 'None'
[0.282s] Level 5:colcon.colcon_core.verb:set package 'wiimote' build argument 'cmake_target' from command line to 'None'
[0.282s] Level 5:colcon.colcon_core.verb:set package 'wiimote' build argument 'cmake_target_skip_unavailable' from command line to 'False'
[0.282s] Level 5:colcon.colcon_core.verb:set package 'wiimote' build argument 'cmake_clean_cache' from command line to 'False'
[0.282s] Level 5:colcon.colcon_core.verb:set package 'wiimote' build argument 'cmake_clean_first' from command line to 'False'
[0.282s] Level 5:colcon.colcon_core.verb:set package 'wiimote' build argument 'cmake_force_configure' from command line to 'False'
[0.282s] Level 5:colcon.colcon_core.verb:set package 'wiimote' build argument 'ament_cmake_args' from command line to 'None'
[0.282s] Level 5:colcon.colcon_core.verb:set package 'wiimote' build argument 'catkin_cmake_args' from command line to 'None'
[0.282s] Level 5:colcon.colcon_core.verb:set package 'wiimote' build argument 'catkin_skip_building_tests' from command line to 'False'
[0.282s] DEBUG:colcon.colcon_core.verb:Building package 'wiimote' with the following arguments: {'ament_cmake_args': None, 'build_base': '/home/wilson/saurcon_ws/build/wiimote', 'catkin_cmake_args': None, 'catkin_skip_building_tests': False, 'cmake_args': None, 'cmake_clean_cache': False, 'cmake_clean_first': False, 'cmake_force_configure': False, 'cmake_target': None, 'cmake_target_skip_unavailable': False, 'install_base': '/home/wilson/saurcon_ws/install/wiimote', 'merge_install': False, 'path': '/home/wilson/saurcon_ws/src/joystick_drivers/wiimote', 'symlink_install': False, 'test_result_base': None}
[0.283s] INFO:colcon.colcon_core.executor:Executing jobs using 'parallel' executor
[0.284s] DEBUG:colcon.colcon_parallel_executor.executor.parallel:run_until_complete
[0.284s] INFO:colcon.colcon_ros.task.ament_cmake.build:Building ROS package in '/home/wilson/saurcon_ws/src/joystick_drivers/sdl2_vendor' with build type 'ament_cmake'
[0.284s] INFO:colcon.colcon_cmake.task.cmake.build:Building CMake package in '/home/wilson/saurcon_ws/src/joystick_drivers/sdl2_vendor'
[0.286s] INFO:colcon.colcon_core.plugin_system:Skipping extension 'colcon_core.shell.bat': Not used on non-Windows systems
[0.286s] INFO:colcon.colcon_core.shell:Skip shell extension 'powershell' for command environment: Not usable outside of PowerShell
[0.286s] DEBUG:colcon.colcon_core.shell:Skip shell extension 'dsv' for command environment
[0.290s] INFO:colcon.colcon_ros.task.ament_cmake.build:Building ROS package in '/home/wilson/saurcon_ws/src/joystick_drivers/wiimote_msgs' with build type 'ament_cmake'
[0.290s] INFO:colcon.colcon_cmake.task.cmake.build:Building CMake package in '/home/wilson/saurcon_ws/src/joystick_drivers/wiimote_msgs'
[0.290s] INFO:colcon.colcon_core.shell:Skip shell extension 'powershell' for command environment: Not usable outside of PowerShell
[0.290s] DEBUG:colcon.colcon_core.shell:Skip shell extension 'dsv' for command environment
[0.294s] INFO:colcon.colcon_ros.task.ament_cmake.build:Building ROS package in '/home/wilson/saurcon_ws/src/control_rc' with build type 'ament_cmake'
[0.295s] INFO:colcon.colcon_cmake.task.cmake.build:Building CMake package in '/home/wilson/saurcon_ws/src/control_rc'
[0.295s] INFO:colcon.colcon_core.shell:Skip shell extension 'powershell' for command environment: Not usable outside of PowerShell
[0.295s] DEBUG:colcon.colcon_core.shell:Skip shell extension 'dsv' for command environment
[0.299s] INFO:colcon.colcon_ros.task.ament_cmake.build:Building ROS package in '/home/wilson/saurcon_ws/src/joystick_drivers/joy_linux' with build type 'ament_cmake'
[0.299s] INFO:colcon.colcon_cmake.task.cmake.build:Building CMake package in '/home/wilson/saurcon_ws/src/joystick_drivers/joy_linux'
[0.300s] INFO:colcon.colcon_core.shell:Skip shell extension 'powershell' for command environment: Not usable outside of PowerShell
[0.300s] DEBUG:colcon.colcon_core.shell:Skip shell extension 'dsv' for command environment
[0.308s] DEBUG:colcon.colcon_core.event_handler.log_command:Invoking command in '/home/wilson/saurcon_ws/build/sdl2_vendor': CMAKE_PREFIX_PATH=${CMAKE_PREFIX_PATH}:/opt/ros/jazzy DEBUGINFOD_URLS=https://debuginfod.ubuntu.com /usr/bin/cmake /home/wilson/saurcon_ws/src/joystick_drivers/sdl2_vendor -DCMAKE_INSTALL_PREFIX=/home/wilson/saurcon_ws/install/sdl2_vendor
[0.310s] DEBUG:colcon.colcon_core.event_handler.log_command:Invoking command in '/home/wilson/saurcon_ws/build/wiimote_msgs': CMAKE_PREFIX_PATH=${CMAKE_PREFIX_PATH}:/opt/ros/jazzy DEBUGINFOD_URLS=https://debuginfod.ubuntu.com /usr/bin/cmake /home/wilson/saurcon_ws/src/joystick_drivers/wiimote_msgs -DCMAKE_INSTALL_PREFIX=/home/wilson/saurcon_ws/install/wiimote_msgs
[0.318s] DEBUG:colcon.colcon_core.event_handler.log_command:Invoking command in '/home/wilson/saurcon_ws/build/control_rc': CMAKE_PREFIX_PATH=${CMAKE_PREFIX_PATH}:/opt/ros/jazzy DEBUGINFOD_URLS=https://debuginfod.ubuntu.com /usr/bin/cmake --build /home/wilson/saurcon_ws/build/control_rc -- -j4 -l4
[0.323s] DEBUG:colcon.colcon_core.event_handler.log_command:Invoking command in '/home/wilson/saurcon_ws/build/joy_linux': CMAKE_PREFIX_PATH=${CMAKE_PREFIX_PATH}:/opt/ros/jazzy DEBUGINFOD_URLS=https://debuginfod.ubuntu.com /usr/bin/cmake /home/wilson/saurcon_ws/src/joystick_drivers/joy_linux -DCMAKE_INSTALL_PREFIX=/home/wilson/saurcon_ws/install/joy_linux
[0.433s] DEBUG:colcon.colcon_core.event_handler.log_command:Invoked command in '/home/wilson/saurcon_ws/build/control_rc' returned '0': CMAKE_PREFIX_PATH=${CMAKE_PREFIX_PATH}:/opt/ros/jazzy DEBUGINFOD_URLS=https://debuginfod.ubuntu.com /usr/bin/cmake --build /home/wilson/saurcon_ws/build/control_rc -- -j4 -l4
[0.449s] DEBUG:colcon.colcon_core.event_handler.log_command:Invoking command in '/home/wilson/saurcon_ws/build/control_rc': CMAKE_PREFIX_PATH=${CMAKE_PREFIX_PATH}:/opt/ros/jazzy DEBUGINFOD_URLS=https://debuginfod.ubuntu.com /usr/bin/cmake --install /home/wilson/saurcon_ws/build/control_rc
[0.470s] Level 1:colcon.colcon_core.environment:create_environment_scripts_only(control_rc)
[0.471s] DEBUG:colcon.colcon_core.event_handler.log_command:Invoked command in '/home/wilson/saurcon_ws/build/control_rc' returned '0': CMAKE_PREFIX_PATH=${CMAKE_PREFIX_PATH}:/opt/ros/jazzy DEBUGINFOD_URLS=https://debuginfod.ubuntu.com /usr/bin/cmake --install /home/wilson/saurcon_ws/build/control_rc
[0.474s] Level 1:colcon.colcon_core.environment:checking '/home/wilson/saurcon_ws/install/control_rc' for CMake module files
[0.475s] Level 1:colcon.colcon_core.environment:checking '/home/wilson/saurcon_ws/install/control_rc' for CMake config files
[0.476s] Level 1:colcon.colcon_core.shell:create_environment_hook('control_rc', 'cmake_prefix_path')
[0.476s] INFO:colcon.colcon_core.shell:Creating environment hook '/home/wilson/saurcon_ws/install/control_rc/share/control_rc/hook/cmake_prefix_path.ps1'
[0.477s] INFO:colcon.colcon_core.shell:Creating environment descriptor '/home/wilson/saurcon_ws/install/control_rc/share/control_rc/hook/cmake_prefix_path.dsv'
[0.478s] INFO:colcon.colcon_core.shell:Creating environment hook '/home/wilson/saurcon_ws/install/control_rc/share/control_rc/hook/cmake_prefix_path.sh'
[0.479s] Level 1:colcon.colcon_core.environment:checking '/home/wilson/saurcon_ws/install/control_rc/lib'
[0.480s] Level 1:colcon.colcon_core.environment:checking '/home/wilson/saurcon_ws/install/control_rc/bin'
[0.480s] Level 1:colcon.colcon_core.environment:checking '/home/wilson/saurcon_ws/install/control_rc/lib/pkgconfig/control_rc.pc'
[0.480s] Level 1:colcon.colcon_core.environment:checking '/home/wilson/saurcon_ws/install/control_rc/lib/python3.12/site-packages'
[0.481s] Level 1:colcon.colcon_core.environment:checking '/home/wilson/saurcon_ws/install/control_rc/bin'
[0.481s] INFO:colcon.colcon_core.shell:Creating package script '/home/wilson/saurcon_ws/install/control_rc/share/control_rc/package.ps1'
[0.483s] INFO:colcon.colcon_core.shell:Creating package descriptor '/home/wilson/saurcon_ws/install/control_rc/share/control_rc/package.dsv'
[0.484s] INFO:colcon.colcon_core.shell:Creating package script '/home/wilson/saurcon_ws/install/control_rc/share/control_rc/package.sh'
[0.485s] INFO:colcon.colcon_core.shell:Creating package script '/home/wilson/saurcon_ws/install/control_rc/share/control_rc/package.bash'
[0.499s] INFO:colcon.colcon_core.shell:Creating package script '/home/wilson/saurcon_ws/install/control_rc/share/control_rc/package.zsh'
[0.500s] Level 1:colcon.colcon_core.environment:create_file_with_runtime_dependencies(/home/wilson/saurcon_ws/install/control_rc/share/colcon-core/packages/control_rc)
[0.501s] Level 1:colcon.colcon_core.environment:create_environment_scripts_only(control_rc)
[0.501s] Level 1:colcon.colcon_core.environment:checking '/home/wilson/saurcon_ws/install/control_rc' for CMake module files
[0.502s] Level 1:colcon.colcon_core.environment:checking '/home/wilson/saurcon_ws/install/control_rc' for CMake config files
[0.502s] Level 1:colcon.colcon_core.shell:create_environment_hook('control_rc', 'cmake_prefix_path')
[0.502s] INFO:colcon.colcon_core.shell:Creating environment hook '/home/wilson/saurcon_ws/install/control_rc/share/control_rc/hook/cmake_prefix_path.ps1'
[0.503s] INFO:colcon.colcon_core.shell:Creating environment descriptor '/home/wilson/saurcon_ws/install/control_rc/share/control_rc/hook/cmake_prefix_path.dsv'
[0.503s] INFO:colcon.colcon_core.shell:Creating environment hook '/home/wilson/saurcon_ws/install/control_rc/share/control_rc/hook/cmake_prefix_path.sh'
[0.504s] Level 1:colcon.colcon_core.environment:checking '/home/wilson/saurcon_ws/install/control_rc/lib'
[0.505s] Level 1:colcon.colcon_core.environment:checking '/home/wilson/saurcon_ws/install/control_rc/bin'
[0.505s] Level 1:colcon.colcon_core.environment:checking '/home/wilson/saurcon_ws/install/control_rc/lib/pkgconfig/control_rc.pc'
[0.505s] Level 1:colcon.colcon_core.environment:checking '/home/wilson/saurcon_ws/install/control_rc/lib/python3.12/site-packages'
[0.505s] Level 1:colcon.colcon_core.environment:checking '/home/wilson/saurcon_ws/install/control_rc/bin'
[0.506s] INFO:colcon.colcon_core.shell:Creating package script '/home/wilson/saurcon_ws/install/control_rc/share/control_rc/package.ps1'
[0.507s] INFO:colcon.colcon_core.shell:Creating package descriptor '/home/wilson/saurcon_ws/install/control_rc/share/control_rc/package.dsv'
[0.508s] INFO:colcon.colcon_core.shell:Creating package script '/home/wilson/saurcon_ws/install/control_rc/share/control_rc/package.sh'
[0.509s] INFO:colcon.colcon_core.shell:Creating package script '/home/wilson/saurcon_ws/install/control_rc/share/control_rc/package.bash'
[0.510s] INFO:colcon.colcon_core.shell:Creating package script '/home/wilson/saurcon_ws/install/control_rc/share/control_rc/package.zsh'
[0.511s] Level 1:colcon.colcon_core.environment:create_file_with_runtime_dependencies(/home/wilson/saurcon_ws/install/control_rc/share/colcon-core/packages/control_rc)
[0.512s] INFO:colcon.colcon_ros.task.ament_cmake.build:Building ROS package in '/home/wilson/saurcon_ws/src/joystick_drivers/spacenav' with build type 'ament_cmake'
[0.512s] INFO:colcon.colcon_cmake.task.cmake.build:Building CMake package in '/home/wilson/saurcon_ws/src/joystick_drivers/spacenav'
[0.512s] INFO:colcon.colcon_core.shell:Skip shell extension 'powershell' for command environment: Not usable outside of PowerShell
[0.512s] DEBUG:colcon.colcon_core.shell:Skip shell extension 'dsv' for command environment
[0.530s] DEBUG:colcon.colcon_core.event_handler.log_command:Invoking command in '/home/wilson/saurcon_ws/build/spacenav': CMAKE_PREFIX_PATH=${CMAKE_PREFIX_PATH}:/opt/ros/jazzy DEBUGINFOD_URLS=https://debuginfod.ubuntu.com /usr/bin/cmake /home/wilson/saurcon_ws/src/joystick_drivers/spacenav -DCMAKE_INSTALL_PREFIX=/home/wilson/saurcon_ws/install/spacenav
[1.663s] DEBUG:colcon.colcon_core.event_handler.log_command:Invoked command in '/home/wilson/saurcon_ws/build/sdl2_vendor' returned '0': CMAKE_PREFIX_PATH=${CMAKE_PREFIX_PATH}:/opt/ros/jazzy DEBUGINFOD_URLS=https://debuginfod.ubuntu.com /usr/bin/cmake /home/wilson/saurcon_ws/src/joystick_drivers/sdl2_vendor -DCMAKE_INSTALL_PREFIX=/home/wilson/saurcon_ws/install/sdl2_vendor
[1.665s] DEBUG:colcon.colcon_core.event_handler.log_command:Invoking command in '/home/wilson/saurcon_ws/build/sdl2_vendor': CMAKE_PREFIX_PATH=${CMAKE_PREFIX_PATH}:/opt/ros/jazzy DEBUGINFOD_URLS=https://debuginfod.ubuntu.com /usr/bin/cmake --build /home/wilson/saurcon_ws/build/sdl2_vendor -- -j4 -l4
[1.729s] DEBUG:colcon.colcon_core.event_handler.log_command:Invoked command in '/home/wilson/saurcon_ws/build/sdl2_vendor' returned '0': CMAKE_PREFIX_PATH=${CMAKE_PREFIX_PATH}:/opt/ros/jazzy DEBUGINFOD_URLS=https://debuginfod.ubuntu.com /usr/bin/cmake --build /home/wilson/saurcon_ws/build/sdl2_vendor -- -j4 -l4
[1.730s] DEBUG:colcon.colcon_core.event_handler.log_command:Invoking command in '/home/wilson/saurcon_ws/build/sdl2_vendor': CMAKE_PREFIX_PATH=${CMAKE_PREFIX_PATH}:/opt/ros/jazzy DEBUGINFOD_URLS=https://debuginfod.ubuntu.com /usr/bin/cmake --install /home/wilson/saurcon_ws/build/sdl2_vendor
[1.756s] Level 1:colcon.colcon_core.environment:create_environment_scripts_only(sdl2_vendor)
[1.756s] Level 1:colcon.colcon_core.environment:checking '/home/wilson/saurcon_ws/install/sdl2_vendor' for CMake module files
[1.757s] Level 1:colcon.colcon_core.environment:checking '/home/wilson/saurcon_ws/install/sdl2_vendor' for CMake config files
[1.757s] Level 1:colcon.colcon_core.shell:create_environment_hook('sdl2_vendor', 'cmake_prefix_path')
[1.757s] INFO:colcon.colcon_core.shell:Creating environment hook '/home/wilson/saurcon_ws/install/sdl2_vendor/share/sdl2_vendor/hook/cmake_prefix_path.ps1'
[1.758s] INFO:colcon.colcon_core.shell:Creating environment descriptor '/home/wilson/saurcon_ws/install/sdl2_vendor/share/sdl2_vendor/hook/cmake_prefix_path.dsv'
[1.759s] DEBUG:colcon.colcon_core.event_handler.log_command:Invoked command in '/home/wilson/saurcon_ws/build/sdl2_vendor' returned '0': CMAKE_PREFIX_PATH=${CMAKE_PREFIX_PATH}:/opt/ros/jazzy DEBUGINFOD_URLS=https://debuginfod.ubuntu.com /usr/bin/cmake --install /home/wilson/saurcon_ws/build/sdl2_vendor
[1.759s] INFO:colcon.colcon_core.shell:Creating environment hook '/home/wilson/saurcon_ws/install/sdl2_vendor/share/sdl2_vendor/hook/cmake_prefix_path.sh'
[1.760s] Level 1:colcon.colcon_core.environment:checking '/home/wilson/saurcon_ws/install/sdl2_vendor/bin'
[1.760s] Level 1:colcon.colcon_core.environment:checking '/home/wilson/saurcon_ws/install/sdl2_vendor/lib/pkgconfig/sdl2_vendor.pc'
[1.760s] Level 1:colcon.colcon_core.environment:checking '/home/wilson/saurcon_ws/install/sdl2_vendor/lib/python3.12/site-packages'
[1.761s] Level 1:colcon.colcon_core.environment:checking '/home/wilson/saurcon_ws/install/sdl2_vendor/bin'
[1.761s] INFO:colcon.colcon_core.shell:Creating package script '/home/wilson/saurcon_ws/install/sdl2_vendor/share/sdl2_vendor/package.ps1'
[1.762s] INFO:colcon.colcon_core.shell:Creating package descriptor '/home/wilson/saurcon_ws/install/sdl2_vendor/share/sdl2_vendor/package.dsv'
[1.762s] INFO:colcon.colcon_core.shell:Creating package script '/home/wilson/saurcon_ws/install/sdl2_vendor/share/sdl2_vendor/package.sh'
[1.763s] INFO:colcon.colcon_core.shell:Creating package script '/home/wilson/saurcon_ws/install/sdl2_vendor/share/sdl2_vendor/package.bash'
[1.764s] INFO:colcon.colcon_core.shell:Creating package script '/home/wilson/saurcon_ws/install/sdl2_vendor/share/sdl2_vendor/package.zsh'
[1.764s] Level 1:colcon.colcon_core.environment:create_file_with_runtime_dependencies(/home/wilson/saurcon_ws/install/sdl2_vendor/share/colcon-core/packages/sdl2_vendor)
[1.765s] Level 1:colcon.colcon_core.environment:create_environment_scripts_only(sdl2_vendor)
[1.765s] Level 1:colcon.colcon_core.environment:checking '/home/wilson/saurcon_ws/install/sdl2_vendor' for CMake module files
[1.766s] Level 1:colcon.colcon_core.environment:checking '/home/wilson/saurcon_ws/install/sdl2_vendor' for CMake config files
[1.766s] Level 1:colcon.colcon_core.shell:create_environment_hook('sdl2_vendor', 'cmake_prefix_path')
[1.767s] INFO:colcon.colcon_core.shell:Creating environment hook '/home/wilson/saurcon_ws/install/sdl2_vendor/share/sdl2_vendor/hook/cmake_prefix_path.ps1'
[1.767s] INFO:colcon.colcon_core.shell:Creating environment descriptor '/home/wilson/saurcon_ws/install/sdl2_vendor/share/sdl2_vendor/hook/cmake_prefix_path.dsv'
[1.768s] INFO:colcon.colcon_core.shell:Creating environment hook '/home/wilson/saurcon_ws/install/sdl2_vendor/share/sdl2_vendor/hook/cmake_prefix_path.sh'
[1.769s] Level 1:colcon.colcon_core.environment:checking '/home/wilson/saurcon_ws/install/sdl2_vendor/bin'
[1.769s] Level 1:colcon.colcon_core.environment:checking '/home/wilson/saurcon_ws/install/sdl2_vendor/lib/pkgconfig/sdl2_vendor.pc'
[1.769s] Level 1:colcon.colcon_core.environment:checking '/home/wilson/saurcon_ws/install/sdl2_vendor/lib/python3.12/site-packages'
[1.770s] Level 1:colcon.colcon_core.environment:checking '/home/wilson/saurcon_ws/install/sdl2_vendor/bin'
[1.770s] INFO:colcon.colcon_core.shell:Creating package script '/home/wilson/saurcon_ws/install/sdl2_vendor/share/sdl2_vendor/package.ps1'
[1.771s] INFO:colcon.colcon_core.shell:Creating package descriptor '/home/wilson/saurcon_ws/install/sdl2_vendor/share/sdl2_vendor/package.dsv'
[1.772s] INFO:colcon.colcon_core.shell:Creating package script '/home/wilson/saurcon_ws/install/sdl2_vendor/share/sdl2_vendor/package.sh'
[1.773s] INFO:colcon.colcon_core.shell:Creating package script '/home/wilson/saurcon_ws/install/sdl2_vendor/share/sdl2_vendor/package.bash'
[1.773s] INFO:colcon.colcon_core.shell:Creating package script '/home/wilson/saurcon_ws/install/sdl2_vendor/share/sdl2_vendor/package.zsh'
[1.774s] Level 1:colcon.colcon_core.environment:create_file_with_runtime_dependencies(/home/wilson/saurcon_ws/install/sdl2_vendor/share/colcon-core/packages/sdl2_vendor)
[1.776s] INFO:colcon.colcon_ros.task.ament_cmake.build:Building ROS package in '/home/wilson/saurcon_ws/src/joystick_drivers/joy' with build type 'ament_cmake'
[1.776s] INFO:colcon.colcon_cmake.task.cmake.build:Building CMake package in '/home/wilson/saurcon_ws/src/joystick_drivers/joy'
[1.777s] INFO:colcon.colcon_core.shell:Skip shell extension 'powershell' for command environment: Not usable outside of PowerShell
[1.777s] DEBUG:colcon.colcon_core.shell:Skip shell extension 'dsv' for command environment
[1.792s] DEBUG:colcon.colcon_core.event_handler.log_command:Invoking command in '/home/wilson/saurcon_ws/build/joy': AMENT_PREFIX_PATH=/home/wilson/saurcon_ws/install/sdl2_vendor:${AMENT_PREFIX_PATH} CMAKE_PREFIX_PATH=/home/wilson/saurcon_ws/install/sdl2_vendor:/home/wilson/uros_ws/install/micro_ros_agent:/home/wilson/uros_ws/install/micro_ros_msgs:/home/wilson/ros2_ws/install/micro_ros_agent:/opt/ros/jazzy/opt/gz_math_vendor:/opt/ros/jazzy/opt/gz_utils_vendor:/opt/ros/jazzy/opt/gz_cmake_vendor:/opt/ros/jazzy DEBUGINFOD_URLS=https://debuginfod.ubuntu.com /usr/bin/cmake /home/wilson/saurcon_ws/src/joystick_drivers/joy -DCMAKE_INSTALL_PREFIX=/home/wilson/saurcon_ws/install/joy
[3.049s] DEBUG:colcon.colcon_core.event_handler.log_command:Invoked command in '/home/wilson/saurcon_ws/build/spacenav' returned '0': CMAKE_PREFIX_PATH=${CMAKE_PREFIX_PATH}:/opt/ros/jazzy DEBUGINFOD_URLS=https://debuginfod.ubuntu.com /usr/bin/cmake /home/wilson/saurcon_ws/src/joystick_drivers/spacenav -DCMAKE_INSTALL_PREFIX=/home/wilson/saurcon_ws/install/spacenav
[3.050s] DEBUG:colcon.colcon_core.event_handler.log_command:Invoking command in '/home/wilson/saurcon_ws/build/spacenav': CMAKE_PREFIX_PATH=${CMAKE_PREFIX_PATH}:/opt/ros/jazzy DEBUGINFOD_URLS=https://debuginfod.ubuntu.com /usr/bin/cmake --build /home/wilson/saurcon_ws/build/spacenav -- -j4 -l4
[3.226s] DEBUG:colcon.colcon_core.event_handler.log_command:Invoked command in '/home/wilson/saurcon_ws/build/joy_linux' returned '0': CMAKE_PREFIX_PATH=${CMAKE_PREFIX_PATH}:/opt/ros/jazzy DEBUGINFOD_URLS=https://debuginfod.ubuntu.com /usr/bin/cmake /home/wilson/saurcon_ws/src/joystick_drivers/joy_linux -DCMAKE_INSTALL_PREFIX=/home/wilson/saurcon_ws/install/joy_linux
[3.226s] DEBUG:colcon.colcon_core.event_handler.log_command:Invoking command in '/home/wilson/saurcon_ws/build/joy_linux': CMAKE_PREFIX_PATH=${CMAKE_PREFIX_PATH}:/opt/ros/jazzy DEBUGINFOD_URLS=https://debuginfod.ubuntu.com /usr/bin/cmake --build /home/wilson/saurcon_ws/build/joy_linux -- -j4 -l4
[4.676s] DEBUG:colcon.colcon_core.event_handler.log_command:Invoked command in '/home/wilson/saurcon_ws/build/joy' returned '0': AMENT_PREFIX_PATH=/home/wilson/saurcon_ws/install/sdl2_vendor:${AMENT_PREFIX_PATH} CMAKE_PREFIX_PATH=/home/wilson/saurcon_ws/install/sdl2_vendor:/home/wilson/uros_ws/install/micro_ros_agent:/home/wilson/uros_ws/install/micro_ros_msgs:/home/wilson/ros2_ws/install/micro_ros_agent:/opt/ros/jazzy/opt/gz_math_vendor:/opt/ros/jazzy/opt/gz_utils_vendor:/opt/ros/jazzy/opt/gz_cmake_vendor:/opt/ros/jazzy DEBUGINFOD_URLS=https://debuginfod.ubuntu.com /usr/bin/cmake /home/wilson/saurcon_ws/src/joystick_drivers/joy -DCMAKE_INSTALL_PREFIX=/home/wilson/saurcon_ws/install/joy
[4.677s] DEBUG:colcon.colcon_core.event_handler.log_command:Invoking command in '/home/wilson/saurcon_ws/build/joy': AMENT_PREFIX_PATH=/home/wilson/saurcon_ws/install/sdl2_vendor:${AMENT_PREFIX_PATH} CMAKE_PREFIX_PATH=/home/wilson/saurcon_ws/install/sdl2_vendor:/home/wilson/uros_ws/install/micro_ros_agent:/home/wilson/uros_ws/install/micro_ros_msgs:/home/wilson/ros2_ws/install/micro_ros_agent:/opt/ros/jazzy/opt/gz_math_vendor:/opt/ros/jazzy/opt/gz_utils_vendor:/opt/ros/jazzy/opt/gz_cmake_vendor:/opt/ros/jazzy DEBUGINFOD_URLS=https://debuginfod.ubuntu.com /usr/bin/cmake --build /home/wilson/saurcon_ws/build/joy -- -j4 -l4
[11.734s] DEBUG:colcon.colcon_core.event_handler.log_command:Invoked command in '/home/wilson/saurcon_ws/build/wiimote_msgs' returned '0': CMAKE_PREFIX_PATH=${CMAKE_PREFIX_PATH}:/opt/ros/jazzy DEBUGINFOD_URLS=https://debuginfod.ubuntu.com /usr/bin/cmake /home/wilson/saurcon_ws/src/joystick_drivers/wiimote_msgs -DCMAKE_INSTALL_PREFIX=/home/wilson/saurcon_ws/install/wiimote_msgs
[11.736s] DEBUG:colcon.colcon_core.event_handler.log_command:Invoking command in '/home/wilson/saurcon_ws/build/wiimote_msgs': CMAKE_PREFIX_PATH=${CMAKE_PREFIX_PATH}:/opt/ros/jazzy DEBUGINFOD_URLS=https://debuginfod.ubuntu.com /usr/bin/cmake --build /home/wilson/saurcon_ws/build/wiimote_msgs -- -j4 -l4
[33.909s] DEBUG:colcon.colcon_core.event_handler.log_command:Invoked command in '/home/wilson/saurcon_ws/build/spacenav' returned '0': CMAKE_PREFIX_PATH=${CMAKE_PREFIX_PATH}:/opt/ros/jazzy DEBUGINFOD_URLS=https://debuginfod.ubuntu.com /usr/bin/cmake --build /home/wilson/saurcon_ws/build/spacenav -- -j4 -l4
[33.911s] DEBUG:colcon.colcon_core.event_handler.log_command:Invoking command in '/home/wilson/saurcon_ws/build/spacenav': CMAKE_PREFIX_PATH=${CMAKE_PREFIX_PATH}:/opt/ros/jazzy DEBUGINFOD_URLS=https://debuginfod.ubuntu.com /usr/bin/cmake --install /home/wilson/saurcon_ws/build/spacenav
[33.975s] Level 1:colcon.colcon_core.environment:create_environment_scripts_only(spacenav)
[33.975s] Level 1:colcon.colcon_core.environment:checking '/home/wilson/saurcon_ws/install/spacenav' for CMake module files
[33.976s] Level 1:colcon.colcon_core.environment:checking '/home/wilson/saurcon_ws/install/spacenav' for CMake config files
[33.979s] DEBUG:colcon.colcon_core.event_handler.log_command:Invoked command in '/home/wilson/saurcon_ws/build/spacenav' returned '0': CMAKE_PREFIX_PATH=${CMAKE_PREFIX_PATH}:/opt/ros/jazzy DEBUGINFOD_URLS=https://debuginfod.ubuntu.com /usr/bin/cmake --install /home/wilson/saurcon_ws/build/spacenav
[33.979s] Level 1:colcon.colcon_core.shell:create_environment_hook('spacenav', 'cmake_prefix_path')
[33.983s] INFO:colcon.colcon_core.shell:Creating environment hook '/home/wilson/saurcon_ws/install/spacenav/share/spacenav/hook/cmake_prefix_path.ps1'
[33.984s] INFO:colcon.colcon_core.shell:Creating environment descriptor '/home/wilson/saurcon_ws/install/spacenav/share/spacenav/hook/cmake_prefix_path.dsv'
[33.984s] INFO:colcon.colcon_core.shell:Creating environment hook '/home/wilson/saurcon_ws/install/spacenav/share/spacenav/hook/cmake_prefix_path.sh'
[33.988s] Level 1:colcon.colcon_core.environment:checking '/home/wilson/saurcon_ws/install/spacenav/lib'
[33.989s] Level 1:colcon.colcon_core.shell:create_environment_hook('spacenav', 'ld_library_path_lib')
[33.989s] INFO:colcon.colcon_core.shell:Creating environment hook '/home/wilson/saurcon_ws/install/spacenav/share/spacenav/hook/ld_library_path_lib.ps1'
[33.990s] INFO:colcon.colcon_core.shell:Creating environment descriptor '/home/wilson/saurcon_ws/install/spacenav/share/spacenav/hook/ld_library_path_lib.dsv'
[33.997s] INFO:colcon.colcon_core.shell:Creating environment hook '/home/wilson/saurcon_ws/install/spacenav/share/spacenav/hook/ld_library_path_lib.sh'
[34.000s] Level 1:colcon.colcon_core.environment:checking '/home/wilson/saurcon_ws/install/spacenav/bin'
[34.000s] Level 1:colcon.colcon_core.environment:checking '/home/wilson/saurcon_ws/install/spacenav/lib/pkgconfig/spacenav.pc'
[34.000s] Level 1:colcon.colcon_core.environment:checking '/home/wilson/saurcon_ws/install/spacenav/lib/python3.12/site-packages'
[34.001s] Level 1:colcon.colcon_core.environment:checking '/home/wilson/saurcon_ws/install/spacenav/bin'
[34.002s] INFO:colcon.colcon_core.shell:Creating package script '/home/wilson/saurcon_ws/install/spacenav/share/spacenav/package.ps1'
[34.003s] INFO:colcon.colcon_core.shell:Creating package descriptor '/home/wilson/saurcon_ws/install/spacenav/share/spacenav/package.dsv'
[34.007s] INFO:colcon.colcon_core.shell:Creating package script '/home/wilson/saurcon_ws/install/spacenav/share/spacenav/package.sh'
[34.008s] INFO:colcon.colcon_core.shell:Creating package script '/home/wilson/saurcon_ws/install/spacenav/share/spacenav/package.bash'
[34.009s] INFO:colcon.colcon_core.shell:Creating package script '/home/wilson/saurcon_ws/install/spacenav/share/spacenav/package.zsh'
[34.010s] Level 1:colcon.colcon_core.environment:create_file_with_runtime_dependencies(/home/wilson/saurcon_ws/install/spacenav/share/colcon-core/packages/spacenav)
[34.011s] Level 1:colcon.colcon_core.environment:create_environment_scripts_only(spacenav)
[34.011s] Level 1:colcon.colcon_core.environment:checking '/home/wilson/saurcon_ws/install/spacenav' for CMake module files
[34.016s] Level 1:colcon.colcon_core.environment:checking '/home/wilson/saurcon_ws/install/spacenav' for CMake config files
[34.016s] Level 1:colcon.colcon_core.shell:create_environment_hook('spacenav', 'cmake_prefix_path')
[34.016s] INFO:colcon.colcon_core.shell:Creating environment hook '/home/wilson/saurcon_ws/install/spacenav/share/spacenav/hook/cmake_prefix_path.ps1'
[34.017s] INFO:colcon.colcon_core.shell:Creating environment descriptor '/home/wilson/saurcon_ws/install/spacenav/share/spacenav/hook/cmake_prefix_path.dsv'
[34.023s] INFO:colcon.colcon_core.shell:Creating environment hook '/home/wilson/saurcon_ws/install/spacenav/share/spacenav/hook/cmake_prefix_path.sh'
[34.025s] Level 1:colcon.colcon_core.environment:checking '/home/wilson/saurcon_ws/install/spacenav/lib'
[34.025s] Level 1:colcon.colcon_core.shell:create_environment_hook('spacenav', 'ld_library_path_lib')
[34.025s] INFO:colcon.colcon_core.shell:Creating environment hook '/home/wilson/saurcon_ws/install/spacenav/share/spacenav/hook/ld_library_path_lib.ps1'
[34.028s] INFO:colcon.colcon_core.shell:Creating environment descriptor '/home/wilson/saurcon_ws/install/spacenav/share/spacenav/hook/ld_library_path_lib.dsv'
[34.029s] INFO:colcon.colcon_core.shell:Creating environment hook '/home/wilson/saurcon_ws/install/spacenav/share/spacenav/hook/ld_library_path_lib.sh'
[34.033s] Level 1:colcon.colcon_core.environment:checking '/home/wilson/saurcon_ws/install/spacenav/bin'
[34.033s] Level 1:colcon.colcon_core.environment:checking '/home/wilson/saurcon_ws/install/spacenav/lib/pkgconfig/spacenav.pc'
[34.034s] Level 1:colcon.colcon_core.environment:checking '/home/wilson/saurcon_ws/install/spacenav/lib/python3.12/site-packages'
[34.034s] Level 1:colcon.colcon_core.environment:checking '/home/wilson/saurcon_ws/install/spacenav/bin'
[34.035s] INFO:colcon.colcon_core.shell:Creating package script '/home/wilson/saurcon_ws/install/spacenav/share/spacenav/package.ps1'
[34.039s] INFO:colcon.colcon_core.shell:Creating package descriptor '/home/wilson/saurcon_ws/install/spacenav/share/spacenav/package.dsv'
[34.041s] INFO:colcon.colcon_core.shell:Creating package script '/home/wilson/saurcon_ws/install/spacenav/share/spacenav/package.sh'
[34.042s] INFO:colcon.colcon_core.shell:Creating package script '/home/wilson/saurcon_ws/install/spacenav/share/spacenav/package.bash'
[34.045s] INFO:colcon.colcon_core.shell:Creating package script '/home/wilson/saurcon_ws/install/spacenav/share/spacenav/package.zsh'
[34.048s] Level 1:colcon.colcon_core.environment:create_file_with_runtime_dependencies(/home/wilson/saurcon_ws/install/spacenav/share/colcon-core/packages/spacenav)
[36.177s] DEBUG:colcon.colcon_core.event_handler.log_command:Invoked command in '/home/wilson/saurcon_ws/build/joy_linux' returned '0': CMAKE_PREFIX_PATH=${CMAKE_PREFIX_PATH}:/opt/ros/jazzy DEBUGINFOD_URLS=https://debuginfod.ubuntu.com /usr/bin/cmake --build /home/wilson/saurcon_ws/build/joy_linux -- -j4 -l4
[36.178s] DEBUG:colcon.colcon_core.event_handler.log_command:Invoking command in '/home/wilson/saurcon_ws/build/joy_linux': CMAKE_PREFIX_PATH=${CMAKE_PREFIX_PATH}:/opt/ros/jazzy DEBUGINFOD_URLS=https://debuginfod.ubuntu.com /usr/bin/cmake --install /home/wilson/saurcon_ws/build/joy_linux
[36.217s] Level 1:colcon.colcon_core.environment:create_environment_scripts_only(joy_linux)
[36.217s] Level 1:colcon.colcon_core.environment:checking '/home/wilson/saurcon_ws/install/joy_linux' for CMake module files
[36.218s] Level 1:colcon.colcon_core.environment:checking '/home/wilson/saurcon_ws/install/joy_linux' for CMake config files
[36.219s] Level 1:colcon.colcon_core.shell:create_environment_hook('joy_linux', 'cmake_prefix_path')
[36.219s] INFO:colcon.colcon_core.shell:Creating environment hook '/home/wilson/saurcon_ws/install/joy_linux/share/joy_linux/hook/cmake_prefix_path.ps1'
[36.220s] DEBUG:colcon.colcon_core.event_handler.log_command:Invoked command in '/home/wilson/saurcon_ws/build/joy_linux' returned '0': CMAKE_PREFIX_PATH=${CMAKE_PREFIX_PATH}:/opt/ros/jazzy DEBUGINFOD_URLS=https://debuginfod.ubuntu.com /usr/bin/cmake --install /home/wilson/saurcon_ws/build/joy_linux
[36.220s] INFO:colcon.colcon_core.shell:Creating environment descriptor '/home/wilson/saurcon_ws/install/joy_linux/share/joy_linux/hook/cmake_prefix_path.dsv'
[36.221s] INFO:colcon.colcon_core.shell:Creating environment hook '/home/wilson/saurcon_ws/install/joy_linux/share/joy_linux/hook/cmake_prefix_path.sh'
[36.222s] Level 1:colcon.colcon_core.environment:checking '/home/wilson/saurcon_ws/install/joy_linux/lib'
[36.222s] Level 1:colcon.colcon_core.environment:checking '/home/wilson/saurcon_ws/install/joy_linux/bin'
[36.222s] Level 1:colcon.colcon_core.environment:checking '/home/wilson/saurcon_ws/install/joy_linux/lib/pkgconfig/joy_linux.pc'
[36.223s] Level 1:colcon.colcon_core.environment:checking '/home/wilson/saurcon_ws/install/joy_linux/lib/python3.12/site-packages'
[36.223s] Level 1:colcon.colcon_core.environment:checking '/home/wilson/saurcon_ws/install/joy_linux/bin'
[36.224s] INFO:colcon.colcon_core.shell:Creating package script '/home/wilson/saurcon_ws/install/joy_linux/share/joy_linux/package.ps1'
[36.225s] INFO:colcon.colcon_core.shell:Creating package descriptor '/home/wilson/saurcon_ws/install/joy_linux/share/joy_linux/package.dsv'
[36.225s] INFO:colcon.colcon_core.shell:Creating package script '/home/wilson/saurcon_ws/install/joy_linux/share/joy_linux/package.sh'
[36.226s] INFO:colcon.colcon_core.shell:Creating package script '/home/wilson/saurcon_ws/install/joy_linux/share/joy_linux/package.bash'
[36.227s] INFO:colcon.colcon_core.shell:Creating package script '/home/wilson/saurcon_ws/install/joy_linux/share/joy_linux/package.zsh'
[36.227s] Level 1:colcon.colcon_core.environment:create_file_with_runtime_dependencies(/home/wilson/saurcon_ws/install/joy_linux/share/colcon-core/packages/joy_linux)
[36.228s] Level 1:colcon.colcon_core.environment:create_environment_scripts_only(joy_linux)
[36.229s] Level 1:colcon.colcon_core.environment:checking '/home/wilson/saurcon_ws/install/joy_linux' for CMake module files
[36.230s] Level 1:colcon.colcon_core.environment:checking '/home/wilson/saurcon_ws/install/joy_linux' for CMake config files
[36.230s] Level 1:colcon.colcon_core.shell:create_environment_hook('joy_linux', 'cmake_prefix_path')
[36.230s] INFO:colcon.colcon_core.shell:Creating environment hook '/home/wilson/saurcon_ws/install/joy_linux/share/joy_linux/hook/cmake_prefix_path.ps1'
[36.231s] INFO:colcon.colcon_core.shell:Creating environment descriptor '/home/wilson/saurcon_ws/install/joy_linux/share/joy_linux/hook/cmake_prefix_path.dsv'
[36.232s] INFO:colcon.colcon_core.shell:Creating environment hook '/home/wilson/saurcon_ws/install/joy_linux/share/joy_linux/hook/cmake_prefix_path.sh'
[36.233s] Level 1:colcon.colcon_core.environment:checking '/home/wilson/saurcon_ws/install/joy_linux/lib'
[36.233s] Level 1:colcon.colcon_core.environment:checking '/home/wilson/saurcon_ws/install/joy_linux/bin'
[36.233s] Level 1:colcon.colcon_core.environment:checking '/home/wilson/saurcon_ws/install/joy_linux/lib/pkgconfig/joy_linux.pc'
[36.234s] Level 1:colcon.colcon_core.environment:checking '/home/wilson/saurcon_ws/install/joy_linux/lib/python3.12/site-packages'
[36.234s] Level 1:colcon.colcon_core.environment:checking '/home/wilson/saurcon_ws/install/joy_linux/bin'
[36.234s] INFO:colcon.colcon_core.shell:Creating package script '/home/wilson/saurcon_ws/install/joy_linux/share/joy_linux/package.ps1'
[36.235s] INFO:colcon.colcon_core.shell:Creating package descriptor '/home/wilson/saurcon_ws/install/joy_linux/share/joy_linux/package.dsv'
[36.236s] INFO:colcon.colcon_core.shell:Creating package script '/home/wilson/saurcon_ws/install/joy_linux/share/joy_linux/package.sh'
[36.237s] INFO:colcon.colcon_core.shell:Creating package script '/home/wilson/saurcon_ws/install/joy_linux/share/joy_linux/package.bash'
[36.238s] INFO:colcon.colcon_core.shell:Creating package script '/home/wilson/saurcon_ws/install/joy_linux/share/joy_linux/package.zsh'
[36.239s] Level 1:colcon.colcon_core.environment:create_file_with_runtime_dependencies(/home/wilson/saurcon_ws/install/joy_linux/share/colcon-core/packages/joy_linux)
[38.926s] DEBUG:colcon.colcon_core.event_handler.log_command:Invoked command in '/home/wilson/saurcon_ws/build/joy' returned '0': AMENT_PREFIX_PATH=/home/wilson/saurcon_ws/install/sdl2_vendor:${AMENT_PREFIX_PATH} CMAKE_PREFIX_PATH=/home/wilson/saurcon_ws/install/sdl2_vendor:/home/wilson/uros_ws/install/micro_ros_agent:/home/wilson/uros_ws/install/micro_ros_msgs:/home/wilson/ros2_ws/install/micro_ros_agent:/opt/ros/jazzy/opt/gz_math_vendor:/opt/ros/jazzy/opt/gz_utils_vendor:/opt/ros/jazzy/opt/gz_cmake_vendor:/opt/ros/jazzy DEBUGINFOD_URLS=https://debuginfod.ubuntu.com /usr/bin/cmake --build /home/wilson/saurcon_ws/build/joy -- -j4 -l4
[38.928s] DEBUG:colcon.colcon_core.event_handler.log_command:Invoking command in '/home/wilson/saurcon_ws/build/joy': AMENT_PREFIX_PATH=/home/wilson/saurcon_ws/install/sdl2_vendor:${AMENT_PREFIX_PATH} CMAKE_PREFIX_PATH=/home/wilson/saurcon_ws/install/sdl2_vendor:/home/wilson/uros_ws/install/micro_ros_agent:/home/wilson/uros_ws/install/micro_ros_msgs:/home/wilson/ros2_ws/install/micro_ros_agent:/opt/ros/jazzy/opt/gz_math_vendor:/opt/ros/jazzy/opt/gz_utils_vendor:/opt/ros/jazzy/opt/gz_cmake_vendor:/opt/ros/jazzy DEBUGINFOD_URLS=https://debuginfod.ubuntu.com /usr/bin/cmake --install /home/wilson/saurcon_ws/build/joy
[38.961s] Level 1:colcon.colcon_core.environment:create_environment_scripts_only(joy)
[38.961s] DEBUG:colcon.colcon_core.event_handler.log_command:Invoked command in '/home/wilson/saurcon_ws/build/joy' returned '0': AMENT_PREFIX_PATH=/home/wilson/saurcon_ws/install/sdl2_vendor:${AMENT_PREFIX_PATH} CMAKE_PREFIX_PATH=/home/wilson/saurcon_ws/install/sdl2_vendor:/home/wilson/uros_ws/install/micro_ros_agent:/home/wilson/uros_ws/install/micro_ros_msgs:/home/wilson/ros2_ws/install/micro_ros_agent:/opt/ros/jazzy/opt/gz_math_vendor:/opt/ros/jazzy/opt/gz_utils_vendor:/opt/ros/jazzy/opt/gz_cmake_vendor:/opt/ros/jazzy DEBUGINFOD_URLS=https://debuginfod.ubuntu.com /usr/bin/cmake --install /home/wilson/saurcon_ws/build/joy
[38.961s] Level 1:colcon.colcon_core.environment:checking '/home/wilson/saurcon_ws/install/joy' for CMake module files
[38.963s] Level 1:colcon.colcon_core.environment:checking '/home/wilson/saurcon_ws/install/joy' for CMake config files
[38.963s] Level 1:colcon.colcon_core.shell:create_environment_hook('joy', 'cmake_prefix_path')
[38.964s] INFO:colcon.colcon_core.shell:Creating environment hook '/home/wilson/saurcon_ws/install/joy/share/joy/hook/cmake_prefix_path.ps1'
[38.964s] INFO:colcon.colcon_core.shell:Creating environment descriptor '/home/wilson/saurcon_ws/install/joy/share/joy/hook/cmake_prefix_path.dsv'
[38.965s] INFO:colcon.colcon_core.shell:Creating environment hook '/home/wilson/saurcon_ws/install/joy/share/joy/hook/cmake_prefix_path.sh'
[38.966s] Level 1:colcon.colcon_core.environment:checking '/home/wilson/saurcon_ws/install/joy/lib'
[38.966s] Level 1:colcon.colcon_core.shell:create_environment_hook('joy', 'ld_library_path_lib')
[38.966s] INFO:colcon.colcon_core.shell:Creating environment hook '/home/wilson/saurcon_ws/install/joy/share/joy/hook/ld_library_path_lib.ps1'
[38.967s] INFO:colcon.colcon_core.shell:Creating environment descriptor '/home/wilson/saurcon_ws/install/joy/share/joy/hook/ld_library_path_lib.dsv'
[38.967s] INFO:colcon.colcon_core.shell:Creating environment hook '/home/wilson/saurcon_ws/install/joy/share/joy/hook/ld_library_path_lib.sh'
[38.968s] Level 1:colcon.colcon_core.environment:checking '/home/wilson/saurcon_ws/install/joy/bin'
[38.968s] Level 1:colcon.colcon_core.environment:checking '/home/wilson/saurcon_ws/install/joy/lib/pkgconfig/joy.pc'
[38.968s] Level 1:colcon.colcon_core.environment:checking '/home/wilson/saurcon_ws/install/joy/lib/python3.12/site-packages'
[38.969s] Level 1:colcon.colcon_core.environment:checking '/home/wilson/saurcon_ws/install/joy/bin'
[38.969s] INFO:colcon.colcon_core.shell:Creating package script '/home/wilson/saurcon_ws/install/joy/share/joy/package.ps1'
[38.970s] INFO:colcon.colcon_core.shell:Creating package descriptor '/home/wilson/saurcon_ws/install/joy/share/joy/package.dsv'
[38.971s] INFO:colcon.colcon_core.shell:Creating package script '/home/wilson/saurcon_ws/install/joy/share/joy/package.sh'
[38.972s] INFO:colcon.colcon_core.shell:Creating package script '/home/wilson/saurcon_ws/install/joy/share/joy/package.bash'
[38.972s] INFO:colcon.colcon_core.shell:Creating package script '/home/wilson/saurcon_ws/install/joy/share/joy/package.zsh'
[38.973s] Level 1:colcon.colcon_core.environment:create_file_with_runtime_dependencies(/home/wilson/saurcon_ws/install/joy/share/colcon-core/packages/joy)
[38.974s] Level 1:colcon.colcon_core.environment:create_environment_scripts_only(joy)
[38.974s] Level 1:colcon.colcon_core.environment:checking '/home/wilson/saurcon_ws/install/joy' for CMake module files
[38.976s] Level 1:colcon.colcon_core.environment:checking '/home/wilson/saurcon_ws/install/joy' for CMake config files
[38.976s] Level 1:colcon.colcon_core.shell:create_environment_hook('joy', 'cmake_prefix_path')
[38.977s] INFO:colcon.colcon_core.shell:Creating environment hook '/home/wilson/saurcon_ws/install/joy/share/joy/hook/cmake_prefix_path.ps1'
[38.978s] INFO:colcon.colcon_core.shell:Creating environment descriptor '/home/wilson/saurcon_ws/install/joy/share/joy/hook/cmake_prefix_path.dsv'
[38.978s] INFO:colcon.colcon_core.shell:Creating environment hook '/home/wilson/saurcon_ws/install/joy/share/joy/hook/cmake_prefix_path.sh'
[38.979s] Level 1:colcon.colcon_core.environment:checking '/home/wilson/saurcon_ws/install/joy/lib'
[38.980s] Level 1:colcon.colcon_core.shell:create_environment_hook('joy', 'ld_library_path_lib')
[38.980s] INFO:colcon.colcon_core.shell:Creating environment hook '/home/wilson/saurcon_ws/install/joy/share/joy/hook/ld_library_path_lib.ps1'
[38.980s] INFO:colcon.colcon_core.shell:Creating environment descriptor '/home/wilson/saurcon_ws/install/joy/share/joy/hook/ld_library_path_lib.dsv'
[38.981s] INFO:colcon.colcon_core.shell:Creating environment hook '/home/wilson/saurcon_ws/install/joy/share/joy/hook/ld_library_path_lib.sh'
[38.982s] Level 1:colcon.colcon_core.environment:checking '/home/wilson/saurcon_ws/install/joy/bin'
[38.982s] Level 1:colcon.colcon_core.environment:checking '/home/wilson/saurcon_ws/install/joy/lib/pkgconfig/joy.pc'
[38.982s] Level 1:colcon.colcon_core.environment:checking '/home/wilson/saurcon_ws/install/joy/lib/python3.12/site-packages'
[38.983s] Level 1:colcon.colcon_core.environment:checking '/home/wilson/saurcon_ws/install/joy/bin'
[38.983s] INFO:colcon.colcon_core.shell:Creating package script '/home/wilson/saurcon_ws/install/joy/share/joy/package.ps1'
[38.984s] INFO:colcon.colcon_core.shell:Creating package descriptor '/home/wilson/saurcon_ws/install/joy/share/joy/package.dsv'
[38.985s] INFO:colcon.colcon_core.shell:Creating package script '/home/wilson/saurcon_ws/install/joy/share/joy/package.sh'
[38.986s] INFO:colcon.colcon_core.shell:Creating package script '/home/wilson/saurcon_ws/install/joy/share/joy/package.bash'
[38.987s] INFO:colcon.colcon_core.shell:Creating package script '/home/wilson/saurcon_ws/install/joy/share/joy/package.zsh'
[38.987s] Level 1:colcon.colcon_core.environment:create_file_with_runtime_dependencies(/home/wilson/saurcon_ws/install/joy/share/colcon-core/packages/joy)
[39.912s] DEBUG:colcon.colcon_core.event_handler.log_command:Invoked command in '/home/wilson/saurcon_ws/build/wiimote_msgs' returned '0': CMAKE_PREFIX_PATH=${CMAKE_PREFIX_PATH}:/opt/ros/jazzy DEBUGINFOD_URLS=https://debuginfod.ubuntu.com /usr/bin/cmake --build /home/wilson/saurcon_ws/build/wiimote_msgs -- -j4 -l4
[39.912s] DEBUG:colcon.colcon_core.event_handler.log_command:Invoking command in '/home/wilson/saurcon_ws/build/wiimote_msgs': CMAKE_PREFIX_PATH=${CMAKE_PREFIX_PATH}:/opt/ros/jazzy DEBUGINFOD_URLS=https://debuginfod.ubuntu.com /usr/bin/cmake --install /home/wilson/saurcon_ws/build/wiimote_msgs
[40.014s] Level 1:colcon.colcon_core.environment:create_environment_scripts_only(wiimote_msgs)
[40.015s] Level 1:colcon.colcon_core.environment:checking '/home/wilson/saurcon_ws/install/wiimote_msgs' for CMake module files
[40.015s] DEBUG:colcon.colcon_core.event_handler.log_command:Invoked command in '/home/wilson/saurcon_ws/build/wiimote_msgs' returned '0': CMAKE_PREFIX_PATH=${CMAKE_PREFIX_PATH}:/opt/ros/jazzy DEBUGINFOD_URLS=https://debuginfod.ubuntu.com /usr/bin/cmake --install /home/wilson/saurcon_ws/build/wiimote_msgs
[40.016s] Level 1:colcon.colcon_core.environment:checking '/home/wilson/saurcon_ws/install/wiimote_msgs' for CMake config files
[40.016s] Level 1:colcon.colcon_core.shell:create_environment_hook('wiimote_msgs', 'cmake_prefix_path')
[40.016s] INFO:colcon.colcon_core.shell:Creating environment hook '/home/wilson/saurcon_ws/install/wiimote_msgs/share/wiimote_msgs/hook/cmake_prefix_path.ps1'
[40.017s] INFO:colcon.colcon_core.shell:Creating environment descriptor '/home/wilson/saurcon_ws/install/wiimote_msgs/share/wiimote_msgs/hook/cmake_prefix_path.dsv'
[40.017s] INFO:colcon.colcon_core.shell:Creating environment hook '/home/wilson/saurcon_ws/install/wiimote_msgs/share/wiimote_msgs/hook/cmake_prefix_path.sh'
[40.018s] Level 1:colcon.colcon_core.environment:checking '/home/wilson/saurcon_ws/install/wiimote_msgs/lib'
[40.018s] Level 1:colcon.colcon_core.shell:create_environment_hook('wiimote_msgs', 'ld_library_path_lib')
[40.018s] INFO:colcon.colcon_core.shell:Creating environment hook '/home/wilson/saurcon_ws/install/wiimote_msgs/share/wiimote_msgs/hook/ld_library_path_lib.ps1'
[40.018s] INFO:colcon.colcon_core.shell:Creating environment descriptor '/home/wilson/saurcon_ws/install/wiimote_msgs/share/wiimote_msgs/hook/ld_library_path_lib.dsv'
[40.018s] INFO:colcon.colcon_core.shell:Creating environment hook '/home/wilson/saurcon_ws/install/wiimote_msgs/share/wiimote_msgs/hook/ld_library_path_lib.sh'
[40.019s] Level 1:colcon.colcon_core.environment:checking '/home/wilson/saurcon_ws/install/wiimote_msgs/bin'
[40.019s] Level 1:colcon.colcon_core.environment:checking '/home/wilson/saurcon_ws/install/wiimote_msgs/lib/pkgconfig/wiimote_msgs.pc'
[40.019s] Level 1:colcon.colcon_core.environment:checking '/home/wilson/saurcon_ws/install/wiimote_msgs/lib/python3.12/site-packages'
[40.019s] Level 1:colcon.colcon_core.shell:create_environment_hook('wiimote_msgs', 'pythonpath')
[40.019s] INFO:colcon.colcon_core.shell:Creating environment hook '/home/wilson/saurcon_ws/install/wiimote_msgs/share/wiimote_msgs/hook/pythonpath.ps1'
[40.020s] INFO:colcon.colcon_core.shell:Creating environment descriptor '/home/wilson/saurcon_ws/install/wiimote_msgs/share/wiimote_msgs/hook/pythonpath.dsv'
[40.020s] INFO:colcon.colcon_core.shell:Creating environment hook '/home/wilson/saurcon_ws/install/wiimote_msgs/share/wiimote_msgs/hook/pythonpath.sh'
[40.021s] Level 1:colcon.colcon_core.environment:checking '/home/wilson/saurcon_ws/install/wiimote_msgs/bin'
[40.021s] INFO:colcon.colcon_core.shell:Creating package script '/home/wilson/saurcon_ws/install/wiimote_msgs/share/wiimote_msgs/package.ps1'
[40.021s] INFO:colcon.colcon_core.shell:Creating package descriptor '/home/wilson/saurcon_ws/install/wiimote_msgs/share/wiimote_msgs/package.dsv'
[40.022s] INFO:colcon.colcon_core.shell:Creating package script '/home/wilson/saurcon_ws/install/wiimote_msgs/share/wiimote_msgs/package.sh'
[40.022s] INFO:colcon.colcon_core.shell:Creating package script '/home/wilson/saurcon_ws/install/wiimote_msgs/share/wiimote_msgs/package.bash'
[40.023s] INFO:colcon.colcon_core.shell:Creating package script '/home/wilson/saurcon_ws/install/wiimote_msgs/share/wiimote_msgs/package.zsh'
[40.023s] Level 1:colcon.colcon_core.environment:create_file_with_runtime_dependencies(/home/wilson/saurcon_ws/install/wiimote_msgs/share/colcon-core/packages/wiimote_msgs)
[40.023s] Level 1:colcon.colcon_core.environment:create_environment_scripts_only(wiimote_msgs)
[40.024s] Level 1:colcon.colcon_core.environment:checking '/home/wilson/saurcon_ws/install/wiimote_msgs' for CMake module files
[40.024s] Level 1:colcon.colcon_core.environment:checking '/home/wilson/saurcon_ws/install/wiimote_msgs' for CMake config files
[40.024s] Level 1:colcon.colcon_core.shell:create_environment_hook('wiimote_msgs', 'cmake_prefix_path')
[40.025s] INFO:colcon.colcon_core.shell:Creating environment hook '/home/wilson/saurcon_ws/install/wiimote_msgs/share/wiimote_msgs/hook/cmake_prefix_path.ps1'
[40.025s] INFO:colcon.colcon_core.shell:Creating environment descriptor '/home/wilson/saurcon_ws/install/wiimote_msgs/share/wiimote_msgs/hook/cmake_prefix_path.dsv'
[40.025s] INFO:colcon.colcon_core.shell:Creating environment hook '/home/wilson/saurcon_ws/install/wiimote_msgs/share/wiimote_msgs/hook/cmake_prefix_path.sh'
[40.026s] Level 1:colcon.colcon_core.environment:checking '/home/wilson/saurcon_ws/install/wiimote_msgs/lib'
[40.026s] Level 1:colcon.colcon_core.shell:create_environment_hook('wiimote_msgs', 'ld_library_path_lib')
[40.026s] INFO:colcon.colcon_core.shell:Creating environment hook '/home/wilson/saurcon_ws/install/wiimote_msgs/share/wiimote_msgs/hook/ld_library_path_lib.ps1'
[40.027s] INFO:colcon.colcon_core.shell:Creating environment descriptor '/home/wilson/saurcon_ws/install/wiimote_msgs/share/wiimote_msgs/hook/ld_library_path_lib.dsv'
[40.027s] INFO:colcon.colcon_core.shell:Creating environment hook '/home/wilson/saurcon_ws/install/wiimote_msgs/share/wiimote_msgs/hook/ld_library_path_lib.sh'
[40.027s] Level 1:colcon.colcon_core.environment:checking '/home/wilson/saurcon_ws/install/wiimote_msgs/bin'
[40.027s] Level 1:colcon.colcon_core.environment:checking '/home/wilson/saurcon_ws/install/wiimote_msgs/lib/pkgconfig/wiimote_msgs.pc'
[40.028s] Level 1:colcon.colcon_core.environment:checking '/home/wilson/saurcon_ws/install/wiimote_msgs/lib/python3.12/site-packages'
[40.028s] Level 1:colcon.colcon_core.shell:create_environment_hook('wiimote_msgs', 'pythonpath')
[40.028s] INFO:colcon.colcon_core.shell:Creating environment hook '/home/wilson/saurcon_ws/install/wiimote_msgs/share/wiimote_msgs/hook/pythonpath.ps1'
[40.028s] INFO:colcon.colcon_core.shell:Creating environment descriptor '/home/wilson/saurcon_ws/install/wiimote_msgs/share/wiimote_msgs/hook/pythonpath.dsv'
[40.029s] INFO:colcon.colcon_core.shell:Creating environment hook '/home/wilson/saurcon_ws/install/wiimote_msgs/share/wiimote_msgs/hook/pythonpath.sh'
[40.029s] Level 1:colcon.colcon_core.environment:checking '/home/wilson/saurcon_ws/install/wiimote_msgs/bin'
[40.029s] INFO:colcon.colcon_core.shell:Creating package script '/home/wilson/saurcon_ws/install/wiimote_msgs/share/wiimote_msgs/package.ps1'
[40.030s] INFO:colcon.colcon_core.shell:Creating package descriptor '/home/wilson/saurcon_ws/install/wiimote_msgs/share/wiimote_msgs/package.dsv'
[40.031s] INFO:colcon.colcon_core.shell:Creating package script '/home/wilson/saurcon_ws/install/wiimote_msgs/share/wiimote_msgs/package.sh'
[40.031s] INFO:colcon.colcon_core.shell:Creating package script '/home/wilson/saurcon_ws/install/wiimote_msgs/share/wiimote_msgs/package.bash'
[40.031s] INFO:colcon.colcon_core.shell:Creating package script '/home/wilson/saurcon_ws/install/wiimote_msgs/share/wiimote_msgs/package.zsh'
[40.032s] Level 1:colcon.colcon_core.environment:create_file_with_runtime_dependencies(/home/wilson/saurcon_ws/install/wiimote_msgs/share/colcon-core/packages/wiimote_msgs)
[40.032s] INFO:colcon.colcon_ros.task.ament_cmake.build:Building ROS package in '/home/wilson/saurcon_ws/src/joystick_drivers/wiimote' with build type 'ament_cmake'
[40.032s] INFO:colcon.colcon_cmake.task.cmake.build:Building CMake package in '/home/wilson/saurcon_ws/src/joystick_drivers/wiimote'
[40.033s] INFO:colcon.colcon_core.shell:Skip shell extension 'powershell' for command environment: Not usable outside of PowerShell
[40.033s] DEBUG:colcon.colcon_core.shell:Skip shell extension 'dsv' for command environment
[40.048s] DEBUG:colcon.colcon_core.event_handler.log_command:Invoking command in '/home/wilson/saurcon_ws/build/wiimote': AMENT_PREFIX_PATH=/home/wilson/saurcon_ws/install/wiimote_msgs:${AMENT_PREFIX_PATH} CMAKE_PREFIX_PATH=/home/wilson/saurcon_ws/install/wiimote_msgs:/home/wilson/uros_ws/install/micro_ros_agent:/home/wilson/uros_ws/install/micro_ros_msgs:/home/wilson/ros2_ws/install/micro_ros_agent:/opt/ros/jazzy/opt/gz_math_vendor:/opt/ros/jazzy/opt/gz_utils_vendor:/opt/ros/jazzy/opt/gz_cmake_vendor:/opt/ros/jazzy DEBUGINFOD_URLS=https://debuginfod.ubuntu.com LD_LIBRARY_PATH=/home/wilson/saurcon_ws/install/wiimote_msgs/lib:${LD_LIBRARY_PATH} PYTHONPATH=/home/wilson/saurcon_ws/install/wiimote_msgs/lib/python3.12/site-packages:${PYTHONPATH} /usr/bin/cmake /home/wilson/saurcon_ws/src/joystick_drivers/wiimote -DCMAKE_INSTALL_PREFIX=/home/wilson/saurcon_ws/install/wiimote
[42.058s] DEBUG:colcon.colcon_core.event_handler.log_command:Invoked command in '/home/wilson/saurcon_ws/build/wiimote' returned '0': AMENT_PREFIX_PATH=/home/wilson/saurcon_ws/install/wiimote_msgs:${AMENT_PREFIX_PATH} CMAKE_PREFIX_PATH=/home/wilson/saurcon_ws/install/wiimote_msgs:/home/wilson/uros_ws/install/micro_ros_agent:/home/wilson/uros_ws/install/micro_ros_msgs:/home/wilson/ros2_ws/install/micro_ros_agent:/opt/ros/jazzy/opt/gz_math_vendor:/opt/ros/jazzy/opt/gz_utils_vendor:/opt/ros/jazzy/opt/gz_cmake_vendor:/opt/ros/jazzy DEBUGINFOD_URLS=https://debuginfod.ubuntu.com LD_LIBRARY_PATH=/home/wilson/saurcon_ws/install/wiimote_msgs/lib:${LD_LIBRARY_PATH} PYTHONPATH=/home/wilson/saurcon_ws/install/wiimote_msgs/lib/python3.12/site-packages:${PYTHONPATH} /usr/bin/cmake /home/wilson/saurcon_ws/src/joystick_drivers/wiimote -DCMAKE_INSTALL_PREFIX=/home/wilson/saurcon_ws/install/wiimote
[42.060s] DEBUG:colcon.colcon_core.event_handler.log_command:Invoking command in '/home/wilson/saurcon_ws/build/wiimote': AMENT_PREFIX_PATH=/home/wilson/saurcon_ws/install/wiimote_msgs:${AMENT_PREFIX_PATH} CMAKE_PREFIX_PATH=/home/wilson/saurcon_ws/install/wiimote_msgs:/home/wilson/uros_ws/install/micro_ros_agent:/home/wilson/uros_ws/install/micro_ros_msgs:/home/wilson/ros2_ws/install/micro_ros_agent:/opt/ros/jazzy/opt/gz_math_vendor:/opt/ros/jazzy/opt/gz_utils_vendor:/opt/ros/jazzy/opt/gz_cmake_vendor:/opt/ros/jazzy DEBUGINFOD_URLS=https://debuginfod.ubuntu.com LD_LIBRARY_PATH=/home/wilson/saurcon_ws/install/wiimote_msgs/lib:${LD_LIBRARY_PATH} PYTHONPATH=/home/wilson/saurcon_ws/install/wiimote_msgs/lib/python3.12/site-packages:${PYTHONPATH} /usr/bin/cmake --build /home/wilson/saurcon_ws/build/wiimote -- -j4 -l4
[73.504s] DEBUG:colcon.colcon_core.event_handler.log_command:Invoked command in '/home/wilson/saurcon_ws/build/wiimote' returned '0': AMENT_PREFIX_PATH=/home/wilson/saurcon_ws/install/wiimote_msgs:${AMENT_PREFIX_PATH} CMAKE_PREFIX_PATH=/home/wilson/saurcon_ws/install/wiimote_msgs:/home/wilson/uros_ws/install/micro_ros_agent:/home/wilson/uros_ws/install/micro_ros_msgs:/home/wilson/ros2_ws/install/micro_ros_agent:/opt/ros/jazzy/opt/gz_math_vendor:/opt/ros/jazzy/opt/gz_utils_vendor:/opt/ros/jazzy/opt/gz_cmake_vendor:/opt/ros/jazzy DEBUGINFOD_URLS=https://debuginfod.ubuntu.com LD_LIBRARY_PATH=/home/wilson/saurcon_ws/install/wiimote_msgs/lib:${LD_LIBRARY_PATH} PYTHONPATH=/home/wilson/saurcon_ws/install/wiimote_msgs/lib/python3.12/site-packages:${PYTHONPATH} /usr/bin/cmake --build /home/wilson/saurcon_ws/build/wiimote -- -j4 -l4
[73.506s] DEBUG:colcon.colcon_core.event_handler.log_command:Invoking command in '/home/wilson/saurcon_ws/build/wiimote': AMENT_PREFIX_PATH=/home/wilson/saurcon_ws/install/wiimote_msgs:${AMENT_PREFIX_PATH} CMAKE_PREFIX_PATH=/home/wilson/saurcon_ws/install/wiimote_msgs:/home/wilson/uros_ws/install/micro_ros_agent:/home/wilson/uros_ws/install/micro_ros_msgs:/home/wilson/ros2_ws/install/micro_ros_agent:/opt/ros/jazzy/opt/gz_math_vendor:/opt/ros/jazzy/opt/gz_utils_vendor:/opt/ros/jazzy/opt/gz_cmake_vendor:/opt/ros/jazzy DEBUGINFOD_URLS=https://debuginfod.ubuntu.com LD_LIBRARY_PATH=/home/wilson/saurcon_ws/install/wiimote_msgs/lib:${LD_LIBRARY_PATH} PYTHONPATH=/home/wilson/saurcon_ws/install/wiimote_msgs/lib/python3.12/site-packages:${PYTHONPATH} /usr/bin/cmake --install /home/wilson/saurcon_ws/build/wiimote
[73.540s] Level 1:colcon.colcon_core.environment:create_environment_scripts_only(wiimote)
[73.540s] Level 1:colcon.colcon_core.environment:checking '/home/wilson/saurcon_ws/install/wiimote' for CMake module files
[73.541s] DEBUG:colcon.colcon_core.event_handler.log_command:Invoked command in '/home/wilson/saurcon_ws/build/wiimote' returned '0': AMENT_PREFIX_PATH=/home/wilson/saurcon_ws/install/wiimote_msgs:${AMENT_PREFIX_PATH} CMAKE_PREFIX_PATH=/home/wilson/saurcon_ws/install/wiimote_msgs:/home/wilson/uros_ws/install/micro_ros_agent:/home/wilson/uros_ws/install/micro_ros_msgs:/home/wilson/ros2_ws/install/micro_ros_agent:/opt/ros/jazzy/opt/gz_math_vendor:/opt/ros/jazzy/opt/gz_utils_vendor:/opt/ros/jazzy/opt/gz_cmake_vendor:/opt/ros/jazzy DEBUGINFOD_URLS=https://debuginfod.ubuntu.com LD_LIBRARY_PATH=/home/wilson/saurcon_ws/install/wiimote_msgs/lib:${LD_LIBRARY_PATH} PYTHONPATH=/home/wilson/saurcon_ws/install/wiimote_msgs/lib/python3.12/site-packages:${PYTHONPATH} /usr/bin/cmake --install /home/wilson/saurcon_ws/build/wiimote
[73.541s] Level 1:colcon.colcon_core.environment:checking '/home/wilson/saurcon_ws/install/wiimote' for CMake config files
[73.541s] Level 1:colcon.colcon_core.shell:create_environment_hook('wiimote', 'cmake_prefix_path')
[73.542s] INFO:colcon.colcon_core.shell:Creating environment hook '/home/wilson/saurcon_ws/install/wiimote/share/wiimote/hook/cmake_prefix_path.ps1'
[73.542s] INFO:colcon.colcon_core.shell:Creating environment descriptor '/home/wilson/saurcon_ws/install/wiimote/share/wiimote/hook/cmake_prefix_path.dsv'
[73.542s] INFO:colcon.colcon_core.shell:Creating environment hook '/home/wilson/saurcon_ws/install/wiimote/share/wiimote/hook/cmake_prefix_path.sh'
[73.543s] Level 1:colcon.colcon_core.environment:checking '/home/wilson/saurcon_ws/install/wiimote/lib'
[73.543s] Level 1:colcon.colcon_core.shell:create_environment_hook('wiimote', 'ld_library_path_lib')
[73.543s] INFO:colcon.colcon_core.shell:Creating environment hook '/home/wilson/saurcon_ws/install/wiimote/share/wiimote/hook/ld_library_path_lib.ps1'
[73.543s] INFO:colcon.colcon_core.shell:Creating environment descriptor '/home/wilson/saurcon_ws/install/wiimote/share/wiimote/hook/ld_library_path_lib.dsv'
[73.544s] INFO:colcon.colcon_core.shell:Creating environment hook '/home/wilson/saurcon_ws/install/wiimote/share/wiimote/hook/ld_library_path_lib.sh'
[73.544s] Level 1:colcon.colcon_core.environment:checking '/home/wilson/saurcon_ws/install/wiimote/bin'
[73.544s] Level 1:colcon.colcon_core.environment:checking '/home/wilson/saurcon_ws/install/wiimote/lib/pkgconfig/wiimote.pc'
[73.544s] Level 1:colcon.colcon_core.environment:checking '/home/wilson/saurcon_ws/install/wiimote/lib/python3.12/site-packages'
[73.544s] Level 1:colcon.colcon_core.environment:checking '/home/wilson/saurcon_ws/install/wiimote/bin'
[73.545s] INFO:colcon.colcon_core.shell:Creating package script '/home/wilson/saurcon_ws/install/wiimote/share/wiimote/package.ps1'
[73.545s] INFO:colcon.colcon_core.shell:Creating package descriptor '/home/wilson/saurcon_ws/install/wiimote/share/wiimote/package.dsv'
[73.546s] INFO:colcon.colcon_core.shell:Creating package script '/home/wilson/saurcon_ws/install/wiimote/share/wiimote/package.sh'
[73.546s] INFO:colcon.colcon_core.shell:Creating package script '/home/wilson/saurcon_ws/install/wiimote/share/wiimote/package.bash'
[73.546s] INFO:colcon.colcon_core.shell:Creating package script '/home/wilson/saurcon_ws/install/wiimote/share/wiimote/package.zsh'
[73.547s] Level 1:colcon.colcon_core.environment:create_file_with_runtime_dependencies(/home/wilson/saurcon_ws/install/wiimote/share/colcon-core/packages/wiimote)
[73.547s] Level 1:colcon.colcon_core.environment:create_environment_scripts_only(wiimote)
[73.547s] Level 1:colcon.colcon_core.environment:checking '/home/wilson/saurcon_ws/install/wiimote' for CMake module files
[73.548s] Level 1:colcon.colcon_core.environment:checking '/home/wilson/saurcon_ws/install/wiimote' for CMake config files
[73.548s] Level 1:colcon.colcon_core.shell:create_environment_hook('wiimote', 'cmake_prefix_path')
[73.548s] INFO:colcon.colcon_core.shell:Creating environment hook '/home/wilson/saurcon_ws/install/wiimote/share/wiimote/hook/cmake_prefix_path.ps1'
[73.548s] INFO:colcon.colcon_core.shell:Creating environment descriptor '/home/wilson/saurcon_ws/install/wiimote/share/wiimote/hook/cmake_prefix_path.dsv'
[73.549s] INFO:colcon.colcon_core.shell:Creating environment hook '/home/wilson/saurcon_ws/install/wiimote/share/wiimote/hook/cmake_prefix_path.sh'
[73.549s] Level 1:colcon.colcon_core.environment:checking '/home/wilson/saurcon_ws/install/wiimote/lib'
[73.549s] Level 1:colcon.colcon_core.shell:create_environment_hook('wiimote', 'ld_library_path_lib')
[73.550s] INFO:colcon.colcon_core.shell:Creating environment hook '/home/wilson/saurcon_ws/install/wiimote/share/wiimote/hook/ld_library_path_lib.ps1'
[73.550s] INFO:colcon.colcon_core.shell:Creating environment descriptor '/home/wilson/saurcon_ws/install/wiimote/share/wiimote/hook/ld_library_path_lib.dsv'
[73.550s] INFO:colcon.colcon_core.shell:Creating environment hook '/home/wilson/saurcon_ws/install/wiimote/share/wiimote/hook/ld_library_path_lib.sh'
[73.551s] Level 1:colcon.colcon_core.environment:checking '/home/wilson/saurcon_ws/install/wiimote/bin'
[73.551s] Level 1:colcon.colcon_core.environment:checking '/home/wilson/saurcon_ws/install/wiimote/lib/pkgconfig/wiimote.pc'
[73.551s] Level 1:colcon.colcon_core.environment:checking '/home/wilson/saurcon_ws/install/wiimote/lib/python3.12/site-packages'
[73.551s] Level 1:colcon.colcon_core.environment:checking '/home/wilson/saurcon_ws/install/wiimote/bin'
[73.552s] INFO:colcon.colcon_core.shell:Creating package script '/home/wilson/saurcon_ws/install/wiimote/share/wiimote/package.ps1'
[73.552s] INFO:colcon.colcon_core.shell:Creating package descriptor '/home/wilson/saurcon_ws/install/wiimote/share/wiimote/package.dsv'
[73.553s] INFO:colcon.colcon_core.shell:Creating package script '/home/wilson/saurcon_ws/install/wiimote/share/wiimote/package.sh'
[73.553s] INFO:colcon.colcon_core.shell:Creating package script '/home/wilson/saurcon_ws/install/wiimote/share/wiimote/package.bash'
[73.554s] INFO:colcon.colcon_core.shell:Creating package script '/home/wilson/saurcon_ws/install/wiimote/share/wiimote/package.zsh'
[73.554s] Level 1:colcon.colcon_core.environment:create_file_with_runtime_dependencies(/home/wilson/saurcon_ws/install/wiimote/share/colcon-core/packages/wiimote)
[73.554s] DEBUG:colcon.colcon_parallel_executor.executor.parallel:closing loop
[73.555s] DEBUG:colcon.colcon_parallel_executor.executor.parallel:loop closed
[73.555s] DEBUG:colcon.colcon_parallel_executor.executor.parallel:run_until_complete finished with '0'
[73.555s] DEBUG:colcon.colcon_core.event_reactor:joining thread
[73.578s] INFO:colcon.colcon_core.plugin_system:Skipping extension 'colcon_notification.desktop_notification.terminal_notifier': Not used on non-Darwin systems
[73.578s] INFO:colcon.colcon_core.plugin_system:Skipping extension 'colcon_notification.desktop_notification.win32': Not used on non-Windows systems
[73.578s] INFO:colcon.colcon_notification.desktop_notification:Sending desktop notification using 'notify2'
[73.595s] DEBUG:colcon.colcon_core.event_reactor:joined thread
[73.595s] INFO:colcon.colcon_core.shell:Creating prefix script '/home/wilson/saurcon_ws/install/local_setup.ps1'
[73.596s] INFO:colcon.colcon_core.shell:Creating prefix util module '/home/wilson/saurcon_ws/install/_local_setup_util_ps1.py'
[73.598s] INFO:colcon.colcon_core.shell:Creating prefix chain script '/home/wilson/saurcon_ws/install/setup.ps1'
[73.600s] INFO:colcon.colcon_core.shell:Creating prefix script '/home/wilson/saurcon_ws/install/local_setup.sh'
[73.601s] INFO:colcon.colcon_core.shell:Creating prefix util module '/home/wilson/saurcon_ws/install/_local_setup_util_sh.py'
[73.601s] INFO:colcon.colcon_core.shell:Creating prefix chain script '/home/wilson/saurcon_ws/install/setup.sh'
[73.603s] INFO:colcon.colcon_core.shell:Creating prefix script '/home/wilson/saurcon_ws/install/local_setup.bash'
[73.605s] INFO:colcon.colcon_core.shell:Creating prefix chain script '/home/wilson/saurcon_ws/install/setup.bash'
[73.606s] INFO:colcon.colcon_core.shell:Creating prefix script '/home/wilson/saurcon_ws/install/local_setup.zsh'
[73.608s] INFO:colcon.colcon_core.shell:Creating prefix chain script '/home/wilson/saurcon_ws/install/setup.zsh'
