[0.154s] DEBUG:colcon:Command line arguments: ['/usr/bin/colcon', 'build', '--packages-select', 'control_rc']
[0.154s] DEBUG:colcon:Parsed command line arguments: Namespace(log_base=None, log_level=None, verb_name='build', build_base='build', install_base='install', merge_install=False, symlink_install=False, test_result_base=None, continue_on_error=False, executor='parallel', parallel_workers=4, event_handlers=None, ignore_user_meta=False, metas=['./colcon.meta'], base_paths=['.'], packages_ignore=None, packages_ignore_regex=None, paths=None, packages_up_to=None, packages_up_to_regex=None, packages_above=None, packages_above_and_dependencies=None, packages_above_depth=None, packages_select_by_dep=None, packages_skip_by_dep=None, packages_skip_up_to=None, packages_select_build_failed=False, packages_skip_build_finished=False, packages_select_test_failures=False, packages_skip_test_passed=False, packages_select=['control_rc'], packages_skip=None, packages_select_regex=None, packages_skip_regex=None, packages_start=None, packages_end=None, allow_overriding=[], cmake_args=None, cmake_target=None, cmake_target_skip_unavailable=False, cmake_clean_cache=False, cmake_clean_first=False, cmake_force_configure=False, ament_cmake_args=None, catkin_cmake_args=None, catkin_skip_building_tests=False, mixin_files=None, mixin=None, verb_parser=<colcon_mixin.mixin.mixin_argument.MixinArgumentDecorator object at 0x75666ca83ef0>, verb_extension=<colcon_core.verb.build.BuildVerb object at 0x75666ca83b90>, main=<bound method BuildVerb.main of <colcon_core.verb.build.BuildVerb object at 0x75666ca83b90>>, mixin_verb=('build',))
[0.233s] Level 1:colcon.colcon_core.package_discovery:discover_packages(colcon_meta) check parameters
[0.233s] Level 1:colcon.colcon_core.package_discovery:discover_packages(recursive) check parameters
[0.233s] Level 1:colcon.colcon_core.package_discovery:discover_packages(ignore) check parameters
[0.233s] Level 1:colcon.colcon_core.package_discovery:discover_packages(path) check parameters
[0.233s] Level 1:colcon.colcon_core.package_discovery:discover_packages(colcon_meta) discover
[0.233s] Level 1:colcon.colcon_core.package_discovery:discover_packages(recursive) discover
[0.234s] INFO:colcon.colcon_core.package_discovery:Crawling recursively for packages in '/home/wilson/saurcon_ws'
[0.234s] Level 1:colcon.colcon_core.package_identification:_identify(.) by extensions ['ignore', 'ignore_ament_install']
[0.234s] Level 1:colcon.colcon_core.package_identification:_identify(.) by extension 'ignore'
[0.234s] Level 1:colcon.colcon_core.package_identification:_identify(.) by extension 'ignore_ament_install'
[0.234s] Level 1:colcon.colcon_core.package_identification:_identify(.) by extensions ['colcon_pkg']
[0.234s] Level 1:colcon.colcon_core.package_identification:_identify(.) by extension 'colcon_pkg'
[0.234s] Level 1:colcon.colcon_core.package_identification:_identify(.) by extensions ['colcon_meta']
[0.234s] Level 1:colcon.colcon_core.package_identification:_identify(.) by extension 'colcon_meta'
[0.234s] Level 1:colcon.colcon_core.package_identification:_identify(.) by extensions ['ros']
[0.234s] Level 1:colcon.colcon_core.package_identification:_identify(.) by extension 'ros'
[0.278s] Level 1:colcon.colcon_core.package_identification:_identify(.) by extensions ['cmake', 'python']
[0.278s] Level 1:colcon.colcon_core.package_identification:_identify(.) by extension 'cmake'
[0.278s] Level 1:colcon.colcon_core.package_identification:_identify(.) by extension 'python'
[0.278s] Level 1:colcon.colcon_core.package_identification:_identify(.) by extensions ['python_setup_py']
[0.278s] Level 1:colcon.colcon_core.package_identification:_identify(.) by extension 'python_setup_py'
[0.278s] Level 1:colcon.colcon_core.package_identification:_identify(build) by extensions ['ignore', 'ignore_ament_install']
[0.279s] Level 1:colcon.colcon_core.package_identification:_identify(build) by extension 'ignore'
[0.279s] Level 1:colcon.colcon_core.package_identification:_identify(build) ignored
[0.279s] Level 1:colcon.colcon_core.package_identification:_identify(install) by extensions ['ignore', 'ignore_ament_install']
[0.279s] Level 1:colcon.colcon_core.package_identification:_identify(install) by extension 'ignore'
[0.279s] Level 1:colcon.colcon_core.package_identification:_identify(install) ignored
[0.279s] Level 1:colcon.colcon_core.package_identification:_identify(log) by extensions ['ignore', 'ignore_ament_install']
[0.280s] Level 1:colcon.colcon_core.package_identification:_identify(log) by extension 'ignore'
[0.280s] Level 1:colcon.colcon_core.package_identification:_identify(log) ignored
[0.280s] Level 1:colcon.colcon_core.package_identification:_identify(src) by extensions ['ignore', 'ignore_ament_install']
[0.280s] Level 1:colcon.colcon_core.package_identification:_identify(src) by extension 'ignore'
[0.280s] Level 1:colcon.colcon_core.package_identification:_identify(src) by extension 'ignore_ament_install'
[0.280s] Level 1:colcon.colcon_core.package_identification:_identify(src) by extensions ['colcon_pkg']
[0.280s] Level 1:colcon.colcon_core.package_identification:_identify(src) by extension 'colcon_pkg'
[0.280s] Level 1:colcon.colcon_core.package_identification:_identify(src) by extensions ['colcon_meta']
[0.280s] Level 1:colcon.colcon_core.package_identification:_identify(src) by extension 'colcon_meta'
[0.281s] Level 1:colcon.colcon_core.package_identification:_identify(src) by extensions ['ros']
[0.281s] Level 1:colcon.colcon_core.package_identification:_identify(src) by extension 'ros'
[0.281s] Level 1:colcon.colcon_core.package_identification:_identify(src) by extensions ['cmake', 'python']
[0.281s] Level 1:colcon.colcon_core.package_identification:_identify(src) by extension 'cmake'
[0.281s] Level 1:colcon.colcon_core.package_identification:_identify(src) by extension 'python'
[0.281s] Level 1:colcon.colcon_core.package_identification:_identify(src) by extensions ['python_setup_py']
[0.281s] Level 1:colcon.colcon_core.package_identification:_identify(src) by extension 'python_setup_py'
[0.281s] Level 1:colcon.colcon_core.package_identification:_identify(src/control_rc) by extensions ['ignore', 'ignore_ament_install']
[0.281s] Level 1:colcon.colcon_core.package_identification:_identify(src/control_rc) by extension 'ignore'
[0.281s] Level 1:colcon.colcon_core.package_identification:_identify(src/control_rc) by extension 'ignore_ament_install'
[0.282s] Level 1:colcon.colcon_core.package_identification:_identify(src/control_rc) by extensions ['colcon_pkg']
[0.282s] Level 1:colcon.colcon_core.package_identification:_identify(src/control_rc) by extension 'colcon_pkg'
[0.282s] Level 1:colcon.colcon_core.package_identification:_identify(src/control_rc) by extensions ['colcon_meta']
[0.282s] Level 1:colcon.colcon_core.package_identification:_identify(src/control_rc) by extension 'colcon_meta'
[0.282s] Level 1:colcon.colcon_core.package_identification:_identify(src/control_rc) by extensions ['ros']
[0.282s] Level 1:colcon.colcon_core.package_identification:_identify(src/control_rc) by extension 'ros'
[0.287s] DEBUG:colcon.colcon_core.package_identification:Package 'src/control_rc' with type 'ros.ament_cmake' and name 'control_rc'
[0.287s] Level 1:colcon.colcon_core.package_identification:_identify(src/joystick_drivers) by extensions ['ignore', 'ignore_ament_install']
[0.287s] Level 1:colcon.colcon_core.package_identification:_identify(src/joystick_drivers) by extension 'ignore'
[0.287s] Level 1:colcon.colcon_core.package_identification:_identify(src/joystick_drivers) by extension 'ignore_ament_install'
[0.287s] Level 1:colcon.colcon_core.package_identification:_identify(src/joystick_drivers) by extensions ['colcon_pkg']
[0.288s] Level 1:colcon.colcon_core.package_identification:_identify(src/joystick_drivers) by extension 'colcon_pkg'
[0.288s] Level 1:colcon.colcon_core.package_identification:_identify(src/joystick_drivers) by extensions ['colcon_meta']
[0.288s] Level 1:colcon.colcon_core.package_identification:_identify(src/joystick_drivers) by extension 'colcon_meta'
[0.288s] Level 1:colcon.colcon_core.package_identification:_identify(src/joystick_drivers) by extensions ['ros']
[0.288s] Level 1:colcon.colcon_core.package_identification:_identify(src/joystick_drivers) by extension 'ros'
[0.288s] Level 1:colcon.colcon_core.package_identification:_identify(src/joystick_drivers) by extensions ['cmake', 'python']
[0.288s] Level 1:colcon.colcon_core.package_identification:_identify(src/joystick_drivers) by extension 'cmake'
[0.288s] Level 1:colcon.colcon_core.package_identification:_identify(src/joystick_drivers) by extension 'python'
[0.288s] Level 1:colcon.colcon_core.package_identification:_identify(src/joystick_drivers) by extensions ['python_setup_py']
[0.288s] Level 1:colcon.colcon_core.package_identification:_identify(src/joystick_drivers) by extension 'python_setup_py'
[0.288s] Level 1:colcon.colcon_core.package_identification:_identify(src/joystick_drivers/joy) by extensions ['ignore', 'ignore_ament_install']
[0.289s] Level 1:colcon.colcon_core.package_identification:_identify(src/joystick_drivers/joy) by extension 'ignore'
[0.289s] Level 1:colcon.colcon_core.package_identification:_identify(src/joystick_drivers/joy) by extension 'ignore_ament_install'
[0.289s] Level 1:colcon.colcon_core.package_identification:_identify(src/joystick_drivers/joy) by extensions ['colcon_pkg']
[0.289s] Level 1:colcon.colcon_core.package_identification:_identify(src/joystick_drivers/joy) by extension 'colcon_pkg'
[0.289s] Level 1:colcon.colcon_core.package_identification:_identify(src/joystick_drivers/joy) by extensions ['colcon_meta']
[0.289s] Level 1:colcon.colcon_core.package_identification:_identify(src/joystick_drivers/joy) by extension 'colcon_meta'
[0.289s] Level 1:colcon.colcon_core.package_identification:_identify(src/joystick_drivers/joy) by extensions ['ros']
[0.289s] Level 1:colcon.colcon_core.package_identification:_identify(src/joystick_drivers/joy) by extension 'ros'
[0.291s] DEBUG:colcon.colcon_core.package_identification:Package 'src/joystick_drivers/joy' with type 'ros.ament_cmake' and name 'joy'
[0.291s] Level 1:colcon.colcon_core.package_identification:_identify(src/joystick_drivers/joy_linux) by extensions ['ignore', 'ignore_ament_install']
[0.291s] Level 1:colcon.colcon_core.package_identification:_identify(src/joystick_drivers/joy_linux) by extension 'ignore'
[0.291s] Level 1:colcon.colcon_core.package_identification:_identify(src/joystick_drivers/joy_linux) by extension 'ignore_ament_install'
[0.291s] Level 1:colcon.colcon_core.package_identification:_identify(src/joystick_drivers/joy_linux) by extensions ['colcon_pkg']
[0.292s] Level 1:colcon.colcon_core.package_identification:_identify(src/joystick_drivers/joy_linux) by extension 'colcon_pkg'
[0.292s] Level 1:colcon.colcon_core.package_identification:_identify(src/joystick_drivers/joy_linux) by extensions ['colcon_meta']
[0.292s] Level 1:colcon.colcon_core.package_identification:_identify(src/joystick_drivers/joy_linux) by extension 'colcon_meta'
[0.292s] Level 1:colcon.colcon_core.package_identification:_identify(src/joystick_drivers/joy_linux) by extensions ['ros']
[0.292s] Level 1:colcon.colcon_core.package_identification:_identify(src/joystick_drivers/joy_linux) by extension 'ros'
[0.293s] DEBUG:colcon.colcon_core.package_identification:Package 'src/joystick_drivers/joy_linux' with type 'ros.ament_cmake' and name 'joy_linux'
[0.294s] Level 1:colcon.colcon_core.package_identification:_identify(src/joystick_drivers/joystick_drivers) by extensions ['ignore', 'ignore_ament_install']
[0.294s] Level 1:colcon.colcon_core.package_identification:_identify(src/joystick_drivers/joystick_drivers) by extension 'ignore'
[0.294s] Level 1:colcon.colcon_core.package_identification:_identify(src/joystick_drivers/joystick_drivers) by extension 'ignore_ament_install'
[0.294s] Level 1:colcon.colcon_core.package_identification:_identify(src/joystick_drivers/joystick_drivers) by extensions ['colcon_pkg']
[0.294s] Level 1:colcon.colcon_core.package_identification:_identify(src/joystick_drivers/joystick_drivers) by extension 'colcon_pkg'
[0.294s] Level 1:colcon.colcon_core.package_identification:_identify(src/joystick_drivers/joystick_drivers) by extensions ['colcon_meta']
[0.294s] Level 1:colcon.colcon_core.package_identification:_identify(src/joystick_drivers/joystick_drivers) by extension 'colcon_meta'
[0.294s] Level 1:colcon.colcon_core.package_identification:_identify(src/joystick_drivers/joystick_drivers) by extensions ['ros']
[0.294s] Level 1:colcon.colcon_core.package_identification:_identify(src/joystick_drivers/joystick_drivers) by extension 'ros'
[0.294s] Level 1:colcon.colcon_core.package_identification:_identify(src/joystick_drivers/joystick_drivers) ignored
[0.295s] Level 1:colcon.colcon_core.package_identification:_identify(src/joystick_drivers/ps3joy) by extensions ['ignore', 'ignore_ament_install']
[0.295s] Level 1:colcon.colcon_core.package_identification:_identify(src/joystick_drivers/ps3joy) by extension 'ignore'
[0.295s] Level 1:colcon.colcon_core.package_identification:_identify(src/joystick_drivers/ps3joy) by extension 'ignore_ament_install'
[0.295s] Level 1:colcon.colcon_core.package_identification:_identify(src/joystick_drivers/ps3joy) by extensions ['colcon_pkg']
[0.295s] Level 1:colcon.colcon_core.package_identification:_identify(src/joystick_drivers/ps3joy) by extension 'colcon_pkg'
[0.295s] Level 1:colcon.colcon_core.package_identification:_identify(src/joystick_drivers/ps3joy) by extensions ['colcon_meta']
[0.295s] Level 1:colcon.colcon_core.package_identification:_identify(src/joystick_drivers/ps3joy) by extension 'colcon_meta'
[0.295s] Level 1:colcon.colcon_core.package_identification:_identify(src/joystick_drivers/ps3joy) by extensions ['ros']
[0.295s] Level 1:colcon.colcon_core.package_identification:_identify(src/joystick_drivers/ps3joy) by extension 'ros'
[0.295s] Level 1:colcon.colcon_core.package_identification:_identify(src/joystick_drivers/ps3joy) ignored
[0.296s] Level 1:colcon.colcon_core.package_identification:_identify(src/joystick_drivers/sdl2_vendor) by extensions ['ignore', 'ignore_ament_install']
[0.296s] Level 1:colcon.colcon_core.package_identification:_identify(src/joystick_drivers/sdl2_vendor) by extension 'ignore'
[0.296s] Level 1:colcon.colcon_core.package_identification:_identify(src/joystick_drivers/sdl2_vendor) by extension 'ignore_ament_install'
[0.296s] Level 1:colcon.colcon_core.package_identification:_identify(src/joystick_drivers/sdl2_vendor) by extensions ['colcon_pkg']
[0.296s] Level 1:colcon.colcon_core.package_identification:_identify(src/joystick_drivers/sdl2_vendor) by extension 'colcon_pkg'
[0.296s] Level 1:colcon.colcon_core.package_identification:_identify(src/joystick_drivers/sdl2_vendor) by extensions ['colcon_meta']
[0.296s] Level 1:colcon.colcon_core.package_identification:_identify(src/joystick_drivers/sdl2_vendor) by extension 'colcon_meta'
[0.296s] Level 1:colcon.colcon_core.package_identification:_identify(src/joystick_drivers/sdl2_vendor) by extensions ['ros']
[0.296s] Level 1:colcon.colcon_core.package_identification:_identify(src/joystick_drivers/sdl2_vendor) by extension 'ros'
[0.297s] DEBUG:colcon.colcon_core.package_identification:Package 'src/joystick_drivers/sdl2_vendor' with type 'ros.ament_cmake' and name 'sdl2_vendor'
[0.297s] Level 1:colcon.colcon_core.package_identification:_identify(src/joystick_drivers/spacenav) by extensions ['ignore', 'ignore_ament_install']
[0.297s] Level 1:colcon.colcon_core.package_identification:_identify(src/joystick_drivers/spacenav) by extension 'ignore'
[0.297s] Level 1:colcon.colcon_core.package_identification:_identify(src/joystick_drivers/spacenav) by extension 'ignore_ament_install'
[0.298s] Level 1:colcon.colcon_core.package_identification:_identify(src/joystick_drivers/spacenav) by extensions ['colcon_pkg']
[0.298s] Level 1:colcon.colcon_core.package_identification:_identify(src/joystick_drivers/spacenav) by extension 'colcon_pkg'
[0.298s] Level 1:colcon.colcon_core.package_identification:_identify(src/joystick_drivers/spacenav) by extensions ['colcon_meta']
[0.298s] Level 1:colcon.colcon_core.package_identification:_identify(src/joystick_drivers/spacenav) by extension 'colcon_meta'
[0.298s] Level 1:colcon.colcon_core.package_identification:_identify(src/joystick_drivers/spacenav) by extensions ['ros']
[0.298s] Level 1:colcon.colcon_core.package_identification:_identify(src/joystick_drivers/spacenav) by extension 'ros'
[0.299s] DEBUG:colcon.colcon_core.package_identification:Package 'src/joystick_drivers/spacenav' with type 'ros.ament_cmake' and name 'spacenav'
[0.300s] Level 1:colcon.colcon_core.package_discovery:discover_packages(recursive) using defaults
[0.300s] Level 1:colcon.colcon_core.package_discovery:discover_packages(ignore) discover
[0.300s] Level 1:colcon.colcon_core.package_discovery:discover_packages(ignore) using defaults
[0.300s] Level 1:colcon.colcon_core.package_discovery:discover_packages(path) discover
[0.300s] Level 1:colcon.colcon_core.package_discovery:discover_packages(path) using defaults
[0.339s] INFO:colcon.colcon_core.package_selection:Skipping not selected package 'joy_linux' in 'src/joystick_drivers/joy_linux'
[0.339s] INFO:colcon.colcon_core.package_selection:Skipping not selected package 'sdl2_vendor' in 'src/joystick_drivers/sdl2_vendor'
[0.339s] INFO:colcon.colcon_core.package_selection:Skipping not selected package 'spacenav' in 'src/joystick_drivers/spacenav'
[0.339s] INFO:colcon.colcon_core.package_selection:Skipping not selected package 'joy' in 'src/joystick_drivers/joy'
[0.340s] Level 1:colcon.colcon_core.package_discovery:discover_packages(prefix_path) check parameters
[0.340s] Level 1:colcon.colcon_core.package_discovery:discover_packages(prefix_path) discover
[0.345s] DEBUG:colcon.colcon_installed_package_information.package_discovery:Found 7 installed packages in /home/wilson/saurcon_ws/install
[0.346s] DEBUG:colcon.colcon_installed_package_information.package_discovery:Found 2 installed packages in /home/wilson/uros_ws/install
[0.347s] DEBUG:colcon.colcon_installed_package_information.package_discovery:Found 1 installed packages in /home/wilson/ros2_ws/install
[0.351s] DEBUG:colcon.colcon_installed_package_information.package_discovery:Found 287 installed packages in /opt/ros/jazzy
[0.355s] Level 1:colcon.colcon_core.package_discovery:discover_packages(prefix_path) using defaults
[0.462s] Level 5:colcon.colcon_core.verb:set package 'control_rc' build argument 'cmake_args' from command line to 'None'
[0.462s] Level 5:colcon.colcon_core.verb:set package 'control_rc' build argument 'cmake_target' from command line to 'None'
[0.462s] Level 5:colcon.colcon_core.verb:set package 'control_rc' build argument 'cmake_target_skip_unavailable' from command line to 'False'
[0.462s] Level 5:colcon.colcon_core.verb:set package 'control_rc' build argument 'cmake_clean_cache' from command line to 'False'
[0.462s] Level 5:colcon.colcon_core.verb:set package 'control_rc' build argument 'cmake_clean_first' from command line to 'False'
[0.462s] Level 5:colcon.colcon_core.verb:set package 'control_rc' build argument 'cmake_force_configure' from command line to 'False'
[0.462s] Level 5:colcon.colcon_core.verb:set package 'control_rc' build argument 'ament_cmake_args' from command line to 'None'
[0.462s] Level 5:colcon.colcon_core.verb:set package 'control_rc' build argument 'catkin_cmake_args' from command line to 'None'
[0.462s] Level 5:colcon.colcon_core.verb:set package 'control_rc' build argument 'catkin_skip_building_tests' from command line to 'False'
[0.462s] DEBUG:colcon.colcon_core.verb:Building package 'control_rc' with the following arguments: {'ament_cmake_args': None, 'build_base': '/home/wilson/saurcon_ws/build/control_rc', 'catkin_cmake_args': None, 'catkin_skip_building_tests': False, 'cmake_args': None, 'cmake_clean_cache': False, 'cmake_clean_first': False, 'cmake_force_configure': False, 'cmake_target': None, 'cmake_target_skip_unavailable': False, 'install_base': '/home/wilson/saurcon_ws/install/control_rc', 'merge_install': False, 'path': '/home/wilson/saurcon_ws/src/control_rc', 'symlink_install': False, 'test_result_base': None}
[0.463s] INFO:colcon.colcon_core.executor:Executing jobs using 'parallel' executor
[0.464s] DEBUG:colcon.colcon_parallel_executor.executor.parallel:run_until_complete
[0.464s] INFO:colcon.colcon_ros.task.ament_cmake.build:Building ROS package in '/home/wilson/saurcon_ws/src/control_rc' with build type 'ament_cmake'
[0.464s] INFO:colcon.colcon_cmake.task.cmake.build:Building CMake package in '/home/wilson/saurcon_ws/src/control_rc'
[0.468s] INFO:colcon.colcon_core.plugin_system:Skipping extension 'colcon_core.shell.bat': Not used on non-Windows systems
[0.468s] INFO:colcon.colcon_core.shell:Skip shell extension 'powershell' for command environment: Not usable outside of PowerShell
[0.469s] DEBUG:colcon.colcon_core.shell:Skip shell extension 'dsv' for command environment
[0.489s] DEBUG:colcon.colcon_core.event_handler.log_command:Invoking command in '/home/wilson/saurcon_ws/build/control_rc': CMAKE_PREFIX_PATH=${CMAKE_PREFIX_PATH}:/opt/ros/jazzy DEBUGINFOD_URLS=https://debuginfod.ubuntu.com /usr/bin/cmake --build /home/wilson/saurcon_ws/build/control_rc -- -j4 -l4
[9.917s] DEBUG:colcon.colcon_core.event_handler.log_command:Invoked command in '/home/wilson/saurcon_ws/build/control_rc' returned '0': CMAKE_PREFIX_PATH=${CMAKE_PREFIX_PATH}:/opt/ros/jazzy DEBUGINFOD_URLS=https://debuginfod.ubuntu.com /usr/bin/cmake --build /home/wilson/saurcon_ws/build/control_rc -- -j4 -l4
[9.937s] DEBUG:colcon.colcon_core.event_handler.log_command:Invoking command in '/home/wilson/saurcon_ws/build/control_rc': CMAKE_PREFIX_PATH=${CMAKE_PREFIX_PATH}:/opt/ros/jazzy DEBUGINFOD_URLS=https://debuginfod.ubuntu.com /usr/bin/cmake --install /home/wilson/saurcon_ws/build/control_rc
[9.962s] Level 1:colcon.colcon_core.environment:create_environment_scripts_only(control_rc)
[9.963s] DEBUG:colcon.colcon_core.event_handler.log_command:Invoked command in '/home/wilson/saurcon_ws/build/control_rc' returned '0': CMAKE_PREFIX_PATH=${CMAKE_PREFIX_PATH}:/opt/ros/jazzy DEBUGINFOD_URLS=https://debuginfod.ubuntu.com /usr/bin/cmake --install /home/wilson/saurcon_ws/build/control_rc
[9.967s] Level 1:colcon.colcon_core.environment:checking '/home/wilson/saurcon_ws/install/control_rc' for CMake module files
[9.969s] Level 1:colcon.colcon_core.environment:checking '/home/wilson/saurcon_ws/install/control_rc' for CMake config files
[9.969s] Level 1:colcon.colcon_core.shell:create_environment_hook('control_rc', 'cmake_prefix_path')
[9.970s] INFO:colcon.colcon_core.shell:Creating environment hook '/home/wilson/saurcon_ws/install/control_rc/share/control_rc/hook/cmake_prefix_path.ps1'
[9.971s] INFO:colcon.colcon_core.shell:Creating environment descriptor '/home/wilson/saurcon_ws/install/control_rc/share/control_rc/hook/cmake_prefix_path.dsv'
[9.972s] INFO:colcon.colcon_core.shell:Creating environment hook '/home/wilson/saurcon_ws/install/control_rc/share/control_rc/hook/cmake_prefix_path.sh'
[9.973s] Level 1:colcon.colcon_core.environment:checking '/home/wilson/saurcon_ws/install/control_rc/lib'
[9.974s] Level 1:colcon.colcon_core.environment:checking '/home/wilson/saurcon_ws/install/control_rc/bin'
[9.974s] Level 1:colcon.colcon_core.environment:checking '/home/wilson/saurcon_ws/install/control_rc/lib/pkgconfig/control_rc.pc'
[9.974s] Level 1:colcon.colcon_core.environment:checking '/home/wilson/saurcon_ws/install/control_rc/lib/python3.12/site-packages'
[9.975s] Level 1:colcon.colcon_core.environment:checking '/home/wilson/saurcon_ws/install/control_rc/bin'
[9.975s] INFO:colcon.colcon_core.shell:Creating package script '/home/wilson/saurcon_ws/install/control_rc/share/control_rc/package.ps1'
[9.976s] INFO:colcon.colcon_core.shell:Creating package descriptor '/home/wilson/saurcon_ws/install/control_rc/share/control_rc/package.dsv'
[9.976s] INFO:colcon.colcon_core.shell:Creating package script '/home/wilson/saurcon_ws/install/control_rc/share/control_rc/package.sh'
[9.977s] INFO:colcon.colcon_core.shell:Creating package script '/home/wilson/saurcon_ws/install/control_rc/share/control_rc/package.bash'
[9.978s] INFO:colcon.colcon_core.shell:Creating package script '/home/wilson/saurcon_ws/install/control_rc/share/control_rc/package.zsh'
[9.979s] Level 1:colcon.colcon_core.environment:create_file_with_runtime_dependencies(/home/wilson/saurcon_ws/install/control_rc/share/colcon-core/packages/control_rc)
[9.979s] Level 1:colcon.colcon_core.environment:create_environment_scripts_only(control_rc)
[9.979s] Level 1:colcon.colcon_core.environment:checking '/home/wilson/saurcon_ws/install/control_rc' for CMake module files
[9.980s] Level 1:colcon.colcon_core.environment:checking '/home/wilson/saurcon_ws/install/control_rc' for CMake config files
[9.980s] Level 1:colcon.colcon_core.shell:create_environment_hook('control_rc', 'cmake_prefix_path')
[9.980s] INFO:colcon.colcon_core.shell:Creating environment hook '/home/wilson/saurcon_ws/install/control_rc/share/control_rc/hook/cmake_prefix_path.ps1'
[9.981s] INFO:colcon.colcon_core.shell:Creating environment descriptor '/home/wilson/saurcon_ws/install/control_rc/share/control_rc/hook/cmake_prefix_path.dsv'
[9.981s] INFO:colcon.colcon_core.shell:Creating environment hook '/home/wilson/saurcon_ws/install/control_rc/share/control_rc/hook/cmake_prefix_path.sh'
[9.982s] Level 1:colcon.colcon_core.environment:checking '/home/wilson/saurcon_ws/install/control_rc/lib'
[9.982s] Level 1:colcon.colcon_core.environment:checking '/home/wilson/saurcon_ws/install/control_rc/bin'
[9.982s] Level 1:colcon.colcon_core.environment:checking '/home/wilson/saurcon_ws/install/control_rc/lib/pkgconfig/control_rc.pc'
[9.983s] Level 1:colcon.colcon_core.environment:checking '/home/wilson/saurcon_ws/install/control_rc/lib/python3.12/site-packages'
[9.983s] Level 1:colcon.colcon_core.environment:checking '/home/wilson/saurcon_ws/install/control_rc/bin'
[9.984s] INFO:colcon.colcon_core.shell:Creating package script '/home/wilson/saurcon_ws/install/control_rc/share/control_rc/package.ps1'
[9.984s] INFO:colcon.colcon_core.shell:Creating package descriptor '/home/wilson/saurcon_ws/install/control_rc/share/control_rc/package.dsv'
[9.985s] INFO:colcon.colcon_core.shell:Creating package script '/home/wilson/saurcon_ws/install/control_rc/share/control_rc/package.sh'
[9.986s] INFO:colcon.colcon_core.shell:Creating package script '/home/wilson/saurcon_ws/install/control_rc/share/control_rc/package.bash'
[9.987s] INFO:colcon.colcon_core.shell:Creating package script '/home/wilson/saurcon_ws/install/control_rc/share/control_rc/package.zsh'
[9.987s] Level 1:colcon.colcon_core.environment:create_file_with_runtime_dependencies(/home/wilson/saurcon_ws/install/control_rc/share/colcon-core/packages/control_rc)
[9.987s] DEBUG:colcon.colcon_parallel_executor.executor.parallel:closing loop
[9.988s] DEBUG:colcon.colcon_parallel_executor.executor.parallel:loop closed
[9.988s] DEBUG:colcon.colcon_parallel_executor.executor.parallel:run_until_complete finished with '0'
[9.988s] DEBUG:colcon.colcon_core.event_reactor:joining thread
[9.998s] INFO:colcon.colcon_core.plugin_system:Skipping extension 'colcon_notification.desktop_notification.terminal_notifier': Not used on non-Darwin systems
[9.998s] INFO:colcon.colcon_core.plugin_system:Skipping extension 'colcon_notification.desktop_notification.win32': Not used on non-Windows systems
[9.998s] INFO:colcon.colcon_notification.desktop_notification:Sending desktop notification using 'notify2'
[10.019s] DEBUG:colcon.colcon_core.event_reactor:joined thread
[10.019s] INFO:colcon.colcon_core.shell:Creating prefix script '/home/wilson/saurcon_ws/install/local_setup.ps1'
[10.020s] INFO:colcon.colcon_core.shell:Creating prefix util module '/home/wilson/saurcon_ws/install/_local_setup_util_ps1.py'
[10.022s] INFO:colcon.colcon_core.shell:Creating prefix chain script '/home/wilson/saurcon_ws/install/setup.ps1'
[10.023s] INFO:colcon.colcon_core.shell:Creating prefix script '/home/wilson/saurcon_ws/install/local_setup.sh'
[10.024s] INFO:colcon.colcon_core.shell:Creating prefix util module '/home/wilson/saurcon_ws/install/_local_setup_util_sh.py'
[10.024s] INFO:colcon.colcon_core.shell:Creating prefix chain script '/home/wilson/saurcon_ws/install/setup.sh'
[10.026s] INFO:colcon.colcon_core.shell:Creating prefix script '/home/wilson/saurcon_ws/install/local_setup.bash'
[10.026s] INFO:colcon.colcon_core.shell:Creating prefix chain script '/home/wilson/saurcon_ws/install/setup.bash'
[10.027s] INFO:colcon.colcon_core.shell:Creating prefix script '/home/wilson/saurcon_ws/install/local_setup.zsh'
[10.028s] INFO:colcon.colcon_core.shell:Creating prefix chain script '/home/wilson/saurcon_ws/install/setup.zsh'
