[0.023s] Invoking command in '/home/wilson/saurcon_ws/build/control_rc': CMAKE_PREFIX_PATH=${CMAKE_PREFIX_PATH}:/opt/ros/jazzy DEBUGINFOD_URLS=https://debuginfod.ubuntu.com /usr/bin/cmake --build /home/wilson/saurcon_ws/build/control_rc -- -j4 -l4
[0.120s] [100%] Built target talker
[0.139s] Invoked command in '/home/wilson/saurcon_ws/build/control_rc' returned '0': CMAKE_PREFIX_PATH=${CMAKE_PREFIX_PATH}:/opt/ros/jazzy DEBUGINFOD_URLS=https://debuginfod.ubuntu.com /usr/bin/cmake --build /home/wilson/saurcon_ws/build/control_rc -- -j4 -l4
[0.154s] Invoking command in '/home/wilson/saurcon_ws/build/control_rc': CMAKE_PREFIX_PATH=${CMAKE_PREFIX_PATH}:/opt/ros/jazzy DEBUGINFOD_URLS=https://debuginfod.ubuntu.com /usr/bin/cmake --install /home/wilson/saurcon_ws/build/control_rc
[0.168s] -- Install configuration: ""
[0.168s] -- Up-to-date: /home/wilson/saurcon_ws/install/control_rc/lib/control_rc/talker
[0.169s] -- Up-to-date: /home/wilson/saurcon_ws/install/control_rc/share/ament_index/resource_index/package_run_dependencies/control_rc
[0.169s] -- Up-to-date: /home/wilson/saurcon_ws/install/control_rc/share/ament_index/resource_index/parent_prefix_path/control_rc
[0.170s] -- Up-to-date: /home/wilson/saurcon_ws/install/control_rc/share/control_rc/environment/ament_prefix_path.sh
[0.170s] -- Up-to-date: /home/wilson/saurcon_ws/install/control_rc/share/control_rc/environment/ament_prefix_path.dsv
[0.170s] -- Up-to-date: /home/wilson/saurcon_ws/install/control_rc/share/control_rc/environment/path.sh
[0.171s] -- Up-to-date: /home/wilson/saurcon_ws/install/control_rc/share/control_rc/environment/path.dsv
[0.171s] -- Up-to-date: /home/wilson/saurcon_ws/install/control_rc/share/control_rc/local_setup.bash
[0.171s] -- Up-to-date: /home/wilson/saurcon_ws/install/control_rc/share/control_rc/local_setup.sh
[0.172s] -- Up-to-date: /home/wilson/saurcon_ws/install/control_rc/share/control_rc/local_setup.zsh
[0.172s] -- Up-to-date: /home/wilson/saurcon_ws/install/control_rc/share/control_rc/local_setup.dsv
[0.173s] -- Installing: /home/wilson/saurcon_ws/install/control_rc/share/control_rc/package.dsv
[0.173s] -- Up-to-date: /home/wilson/saurcon_ws/install/control_rc/share/ament_index/resource_index/packages/control_rc
[0.173s] -- Up-to-date: /home/wilson/saurcon_ws/install/control_rc/share/control_rc/cmake/control_rcConfig.cmake
[0.173s] -- Up-to-date: /home/wilson/saurcon_ws/install/control_rc/share/control_rc/cmake/control_rcConfig-version.cmake
[0.174s] -- Up-to-date: /home/wilson/saurcon_ws/install/control_rc/share/control_rc/package.xml
[0.176s] Invoked command in '/home/wilson/saurcon_ws/build/control_rc' returned '0': CMAKE_PREFIX_PATH=${CMAKE_PREFIX_PATH}:/opt/ros/jazzy DEBUGINFOD_URLS=https://debuginfod.ubuntu.com /usr/bin/cmake --install /home/wilson/saurcon_ws/build/control_rc
