[0.076s] Invoking command in '/home/wilson/saurcon_ws/build/spacenav': CMAKE_PREFIX_PATH=${CMAKE_PREFIX_PATH}:/opt/ros/jazzy DEBUGINFOD_URLS=https://debuginfod.ubuntu.com /usr/bin/cmake --build /home/wilson/saurcon_ws/build/spacenav -- -j4 -l4
[0.291s] [ 50%] Built target spacenav_node
[0.297s] [100%] Built target spacenav
[0.341s] Invoked command in '/home/wilson/saurcon_ws/build/spacenav' returned '0': CMAKE_PREFIX_PATH=${CMAKE_PREFIX_PATH}:/opt/ros/jazzy DEBUGINFOD_URLS=https://debuginfod.ubuntu.com /usr/bin/cmake --build /home/wilson/saurcon_ws/build/spacenav -- -j4 -l4
[0.344s] Invoking command in '/home/wilson/saurcon_ws/build/spacenav': CMAKE_PREFIX_PATH=${CMAKE_PREFIX_PATH}:/opt/ros/jazzy DEBUGINFOD_URLS=https://debuginfod.ubuntu.com /usr/bin/cmake --install /home/wilson/saurcon_ws/build/spacenav
[0.363s] -- Install configuration: ""
[0.364s] -- Up-to-date: /home/wilson/saurcon_ws/install/spacenav/lib/libspacenav.so
[0.371s] -- Up-to-date: /home/wilson/saurcon_ws/install/spacenav/lib/spacenav/spacenav_node
[0.371s] -- Up-to-date: /home/wilson/saurcon_ws/install/spacenav/include/spacenav
[0.371s] -- Up-to-date: /home/wilson/saurcon_ws/install/spacenav/include/spacenav/spacenav
[0.371s] -- Up-to-date: /home/wilson/saurcon_ws/install/spacenav/include/spacenav/spacenav/spacenav.hpp
[0.375s] -- Up-to-date: /home/wilson/saurcon_ws/install/spacenav/share/spacenav//launch
[0.375s] -- Up-to-date: /home/wilson/saurcon_ws/install/spacenav/share/spacenav//launch/no_deadband-launch.py
[0.375s] -- Up-to-date: /home/wilson/saurcon_ws/install/spacenav/share/spacenav//launch/classic-launch.py
[0.376s] -- Up-to-date: /home/wilson/saurcon_ws/install/spacenav/share/spacenav//launch/static_deadband-launch.py
[0.377s] -- Up-to-date: /home/wilson/saurcon_ws/install/spacenav/share/ament_index/resource_index/package_run_dependencies/spacenav
[0.377s] -- Up-to-date: /home/wilson/saurcon_ws/install/spacenav/share/ament_index/resource_index/parent_prefix_path/spacenav
[0.377s] -- Up-to-date: /home/wilson/saurcon_ws/install/spacenav/share/spacenav/environment/ament_prefix_path.sh
[0.378s] -- Up-to-date: /home/wilson/saurcon_ws/install/spacenav/share/spacenav/environment/ament_prefix_path.dsv
[0.378s] -- Up-to-date: /home/wilson/saurcon_ws/install/spacenav/share/spacenav/environment/path.sh
[0.378s] -- Up-to-date: /home/wilson/saurcon_ws/install/spacenav/share/spacenav/environment/path.dsv
[0.378s] -- Up-to-date: /home/wilson/saurcon_ws/install/spacenav/share/spacenav/local_setup.bash
[0.379s] -- Up-to-date: /home/wilson/saurcon_ws/install/spacenav/share/spacenav/local_setup.sh
[0.379s] -- Up-to-date: /home/wilson/saurcon_ws/install/spacenav/share/spacenav/local_setup.zsh
[0.379s] -- Up-to-date: /home/wilson/saurcon_ws/install/spacenav/share/spacenav/local_setup.dsv
[0.379s] -- Installing: /home/wilson/saurcon_ws/install/spacenav/share/spacenav/package.dsv
[0.381s] -- Up-to-date: /home/wilson/saurcon_ws/install/spacenav/share/ament_index/resource_index/packages/spacenav
[0.381s] -- Up-to-date: /home/wilson/saurcon_ws/install/spacenav/share/ament_index/resource_index/rclcpp_components/spacenav
[0.381s] -- Up-to-date: /home/wilson/saurcon_ws/install/spacenav/share/spacenav/cmake/export_spacenavExport.cmake
[0.381s] -- Up-to-date: /home/wilson/saurcon_ws/install/spacenav/share/spacenav/cmake/export_spacenavExport-noconfig.cmake
[0.381s] -- Up-to-date: /home/wilson/saurcon_ws/install/spacenav/share/spacenav/cmake/ament_cmake_export_targets-extras.cmake
[0.383s] -- Up-to-date: /home/wilson/saurcon_ws/install/spacenav/share/spacenav/cmake/spacenavConfig.cmake
[0.383s] -- Up-to-date: /home/wilson/saurcon_ws/install/spacenav/share/spacenav/cmake/spacenavConfig-version.cmake
[0.390s] -- Up-to-date: /home/wilson/saurcon_ws/install/spacenav/share/spacenav/package.xml
[0.417s] Invoked command in '/home/wilson/saurcon_ws/build/spacenav' returned '0': CMAKE_PREFIX_PATH=${CMAKE_PREFIX_PATH}:/opt/ros/jazzy DEBUGINFOD_URLS=https://debuginfod.ubuntu.com /usr/bin/cmake --install /home/wilson/saurcon_ws/build/spacenav
