[0.070s] Invoking command in '/home/wilson/saurcon_ws/build/joy_linux': CMAKE_PREFIX_PATH=${CMAKE_PREFIX_PATH}:/opt/ros/jazzy DEBUGINFOD_URLS=https://debuginfod.ubuntu.com /usr/bin/cmake --build /home/wilson/saurcon_ws/build/joy_linux -- -j4 -l4
[0.239s] [100%] Built target joy_linux_node
[0.327s] Invoked command in '/home/wilson/saurcon_ws/build/joy_linux' returned '0': CMAKE_PREFIX_PATH=${CMAKE_PREFIX_PATH}:/opt/ros/jazzy DEBUGINFOD_URLS=https://debuginfod.ubuntu.com /usr/bin/cmake --build /home/wilson/saurcon_ws/build/joy_linux -- -j4 -l4
[0.328s] Invoking command in '/home/wilson/saurcon_ws/build/joy_linux': CMAKE_PREFIX_PATH=${CMAKE_PREFIX_PATH}:/opt/ros/jazzy DEBUGINFOD_URLS=https://debuginfod.ubuntu.com /usr/bin/cmake --install /home/wilson/saurcon_ws/build/joy_linux
[0.361s] -- Install configuration: ""
[0.361s] -- Up-to-date: /home/wilson/saurcon_ws/install/joy_linux/lib/joy_linux/joy_linux_node
[0.361s] -- Up-to-date: /home/wilson/saurcon_ws/install/joy_linux/share/ament_index/resource_index/package_run_dependencies/joy_linux
[0.365s] -- Up-to-date: /home/wilson/saurcon_ws/install/joy_linux/share/ament_index/resource_index/parent_prefix_path/joy_linux
[0.365s] -- Up-to-date: /home/wilson/saurcon_ws/install/joy_linux/share/joy_linux/environment/ament_prefix_path.sh
[0.365s] -- Up-to-date: /home/wilson/saurcon_ws/install/joy_linux/share/joy_linux/environment/ament_prefix_path.dsv
[0.366s] -- Up-to-date: /home/wilson/saurcon_ws/install/joy_linux/share/joy_linux/environment/path.sh
[0.366s] -- Up-to-date: /home/wilson/saurcon_ws/install/joy_linux/share/joy_linux/environment/path.dsv
[0.366s] -- Up-to-date: /home/wilson/saurcon_ws/install/joy_linux/share/joy_linux/local_setup.bash
[0.366s] -- Up-to-date: /home/wilson/saurcon_ws/install/joy_linux/share/joy_linux/local_setup.sh
[0.366s] -- Up-to-date: /home/wilson/saurcon_ws/install/joy_linux/share/joy_linux/local_setup.zsh
[0.366s] -- Up-to-date: /home/wilson/saurcon_ws/install/joy_linux/share/joy_linux/local_setup.dsv
[0.370s] -- Installing: /home/wilson/saurcon_ws/install/joy_linux/share/joy_linux/package.dsv
[0.370s] -- Up-to-date: /home/wilson/saurcon_ws/install/joy_linux/share/ament_index/resource_index/packages/joy_linux
[0.370s] -- Up-to-date: /home/wilson/saurcon_ws/install/joy_linux/share/joy_linux/cmake/joy_linuxConfig.cmake
[0.371s] -- Up-to-date: /home/wilson/saurcon_ws/install/joy_linux/share/joy_linux/cmake/joy_linuxConfig-version.cmake
[0.371s] -- Up-to-date: /home/wilson/saurcon_ws/install/joy_linux/share/joy_linux/package.xml
[0.423s] Invoked command in '/home/wilson/saurcon_ws/build/joy_linux' returned '0': CMAKE_PREFIX_PATH=${CMAKE_PREFIX_PATH}:/opt/ros/jazzy DEBUGINFOD_URLS=https://debuginfod.ubuntu.com /usr/bin/cmake --install /home/wilson/saurcon_ws/build/joy_linux
