[0.009s] Invoking command in '/home/wilson/saurcon_ws/build/joy': AMENT_PREFIX_PATH=/home/wilson/saurcon_ws/install/sdl2_vendor:${AMENT_PREFIX_PATH} CMAKE_PREFIX_PATH=/home/wilson/saurcon_ws/install/sdl2_vendor:/home/wilson/uros_ws/install/micro_ros_agent:/home/wilson/uros_ws/install/micro_ros_msgs:/home/wilson/ros2_ws/install/micro_ros_agent:/opt/ros/jazzy/opt/gz_math_vendor:/opt/ros/jazzy/opt/gz_utils_vendor:/opt/ros/jazzy/opt/gz_cmake_vendor:/opt/ros/jazzy DEBUGINFOD_URLS=https://debuginfod.ubuntu.com /usr/bin/cmake /home/wilson/saurcon_ws/src/joystick_drivers/joy -DCMAKE_INSTALL_PREFIX=/home/wilson/saurcon_ws/install/joy
[0.102s] -- The C compiler identification is GNU 13.3.0
[0.202s] -- The CXX compiler identification is GNU 13.3.0
[0.227s] -- Detecting C compiler ABI info
[0.372s] -- Detecting C compiler ABI info - done
[0.393s] -- Check for working C compiler: /usr/bin/cc - skipped
[0.394s] -- Detecting C compile features
[0.395s] -- Detecting C compile features - done
[0.411s] -- Detecting CXX compiler ABI info
[0.587s] -- Detecting CXX compiler ABI info - done
[0.607s] -- Check for working CXX compiler: /usr/bin/c++ - skipped
[0.607s] -- Detecting CXX compile features
[0.609s] -- Detecting CXX compile features - done
[0.617s] -- Found ament_cmake_ros: 0.12.0 (/opt/ros/jazzy/share/ament_cmake_ros/cmake)
[0.912s] -- Found Python3: /usr/bin/python3 (found version "3.12.3") found components: Interpreter 
[1.122s] -- Found rclcpp: 28.1.6 (/opt/ros/jazzy/share/rclcpp/cmake)
[1.212s] -- Found rosidl_generator_c: 4.6.5 (/opt/ros/jazzy/share/rosidl_generator_c/cmake)
[1.240s] -- Found rosidl_generator_cpp: 4.6.5 (/opt/ros/jazzy/share/rosidl_generator_cpp/cmake)
[1.278s] -- Using all available rosidl_typesupport_c: rosidl_typesupport_fastrtps_c;rosidl_typesupport_introspection_c
[1.333s] -- Using all available rosidl_typesupport_cpp: rosidl_typesupport_fastrtps_cpp;rosidl_typesupport_introspection_cpp
[1.560s] -- Found rmw_implementation_cmake: 7.3.1 (/opt/ros/jazzy/share/rmw_implementation_cmake/cmake)
[1.563s] -- Found rmw_fastrtps_cpp: 8.4.1 (/opt/ros/jazzy/share/rmw_fastrtps_cpp/cmake)
[1.771s] -- Found OpenSSL: /usr/lib/x86_64-linux-gnu/libcrypto.so (found version "3.0.13")  
[1.809s] -- Found FastRTPS: /opt/ros/jazzy/include (Required is at least version "2.13") 
[1.856s] -- Using RMW implementation 'rmw_fastrtps_cpp' as default
[2.050s] -- Found rclcpp_components: 28.1.6 (/opt/ros/jazzy/share/rclcpp_components/cmake)
[2.138s] -- Found sdl2_vendor: 3.3.0 (/home/wilson/saurcon_ws/install/sdl2_vendor/share/sdl2_vendor/cmake)
[2.148s] -- Found sensor_msgs: 5.3.5 (/opt/ros/jazzy/share/sensor_msgs/cmake)
[2.325s] -- Found ament_lint_auto: 0.17.1 (/opt/ros/jazzy/share/ament_lint_auto/cmake)
[2.669s] -- Added test 'cppcheck' to perform static code analysis on C / C++ code
[2.670s] -- Configured cppcheck include dirs: $<BUILD_INTERFACE:/home/wilson/saurcon_ws/src/joystick_drivers/joy/include>
[2.670s] -- Configured cppcheck exclude dirs and/or files: 
[2.676s] -- Added test 'cpplint' to check C / C++ code against the Google style
[2.677s] -- Configured cpplint exclude dirs and/or files: 
[2.677s] -- Added test 'flake8' to check Python code syntax and style conventions
[2.680s] -- Configured 'flake8' exclude dirs and/or files: 
[2.682s] -- Added test 'lint_cmake' to check CMake code style
[2.687s] -- Added test 'pep257' to check Python code against some of the docstring style conventions in PEP 257
[2.690s] -- Added test 'uncrustify' to check C / C++ code style
[2.693s] -- Configured uncrustify additional arguments: 
[2.696s] -- Added test 'xmllint' to check XML markup files
[2.702s] -- Configuring done (2.7s)
[2.812s] -- Generating done (0.1s)
[2.852s] -- Build files have been written to: /home/wilson/saurcon_ws/build/joy
[2.893s] Invoked command in '/home/wilson/saurcon_ws/build/joy' returned '0': AMENT_PREFIX_PATH=/home/wilson/saurcon_ws/install/sdl2_vendor:${AMENT_PREFIX_PATH} CMAKE_PREFIX_PATH=/home/wilson/saurcon_ws/install/sdl2_vendor:/home/wilson/uros_ws/install/micro_ros_agent:/home/wilson/uros_ws/install/micro_ros_msgs:/home/wilson/ros2_ws/install/micro_ros_agent:/opt/ros/jazzy/opt/gz_math_vendor:/opt/ros/jazzy/opt/gz_utils_vendor:/opt/ros/jazzy/opt/gz_cmake_vendor:/opt/ros/jazzy DEBUGINFOD_URLS=https://debuginfod.ubuntu.com /usr/bin/cmake /home/wilson/saurcon_ws/src/joystick_drivers/joy -DCMAKE_INSTALL_PREFIX=/home/wilson/saurcon_ws/install/joy
[2.894s] Invoking command in '/home/wilson/saurcon_ws/build/joy': AMENT_PREFIX_PATH=/home/wilson/saurcon_ws/install/sdl2_vendor:${AMENT_PREFIX_PATH} CMAKE_PREFIX_PATH=/home/wilson/saurcon_ws/install/sdl2_vendor:/home/wilson/uros_ws/install/micro_ros_agent:/home/wilson/uros_ws/install/micro_ros_msgs:/home/wilson/ros2_ws/install/micro_ros_agent:/opt/ros/jazzy/opt/gz_math_vendor:/opt/ros/jazzy/opt/gz_utils_vendor:/opt/ros/jazzy/opt/gz_cmake_vendor:/opt/ros/jazzy DEBUGINFOD_URLS=https://debuginfod.ubuntu.com /usr/bin/cmake --build /home/wilson/saurcon_ws/build/joy -- -j4 -l4
[3.045s] [ 10%] [32mBuilding CXX object CMakeFiles/joy.dir/src/joy.cpp.o[0m
[3.051s] [ 20%] [32mBuilding CXX object CMakeFiles/game_controller_node.dir/rclcpp_components/node_main_game_controller_node.cpp.o[0m
[3.056s] [ 30%] [32mBuilding CXX object CMakeFiles/joy_node.dir/rclcpp_components/node_main_joy_node.cpp.o[0m
[3.066s] [ 40%] [32mBuilding CXX object CMakeFiles/game_controller.dir/src/game_controller.cpp.o[0m
[15.692s] [ 50%] [32m[1mLinking CXX executable game_controller_node[0m
[15.949s] [ 60%] [32m[1mLinking CXX executable joy_node[0m
[16.288s] [ 60%] Built target game_controller_node
[16.363s] [ 70%] [32mBuilding CXX object CMakeFiles/joy_enumerate_devices.dir/src/joy_enumerate_devices.cpp.o[0m
[16.643s] [ 70%] Built target joy_node
[18.706s] [ 80%] [32m[1mLinking CXX executable joy_enumerate_devices[0m
[20.144s] [ 80%] Built target joy_enumerate_devices
[34.512s] [ 90%] [32m[1mLinking CXX shared library libgame_controller.so[0m
[35.042s] [ 90%] Built target game_controller
[36.697s] [100%] [32m[1mLinking CXX shared library libjoy.so[0m
[37.129s] [100%] Built target joy
[37.143s] Invoked command in '/home/wilson/saurcon_ws/build/joy' returned '0': AMENT_PREFIX_PATH=/home/wilson/saurcon_ws/install/sdl2_vendor:${AMENT_PREFIX_PATH} CMAKE_PREFIX_PATH=/home/wilson/saurcon_ws/install/sdl2_vendor:/home/wilson/uros_ws/install/micro_ros_agent:/home/wilson/uros_ws/install/micro_ros_msgs:/home/wilson/ros2_ws/install/micro_ros_agent:/opt/ros/jazzy/opt/gz_math_vendor:/opt/ros/jazzy/opt/gz_utils_vendor:/opt/ros/jazzy/opt/gz_cmake_vendor:/opt/ros/jazzy DEBUGINFOD_URLS=https://debuginfod.ubuntu.com /usr/bin/cmake --build /home/wilson/saurcon_ws/build/joy -- -j4 -l4
[37.145s] Invoking command in '/home/wilson/saurcon_ws/build/joy': AMENT_PREFIX_PATH=/home/wilson/saurcon_ws/install/sdl2_vendor:${AMENT_PREFIX_PATH} CMAKE_PREFIX_PATH=/home/wilson/saurcon_ws/install/sdl2_vendor:/home/wilson/uros_ws/install/micro_ros_agent:/home/wilson/uros_ws/install/micro_ros_msgs:/home/wilson/ros2_ws/install/micro_ros_agent:/opt/ros/jazzy/opt/gz_math_vendor:/opt/ros/jazzy/opt/gz_utils_vendor:/opt/ros/jazzy/opt/gz_cmake_vendor:/opt/ros/jazzy DEBUGINFOD_URLS=https://debuginfod.ubuntu.com /usr/bin/cmake --install /home/wilson/saurcon_ws/build/joy
[37.155s] -- Install configuration: ""
[37.155s] -- Installing: /home/wilson/saurcon_ws/install/joy/lib/libjoy.so
[37.161s] -- Set non-toolchain portion of runtime path of "/home/wilson/saurcon_ws/install/joy/lib/libjoy.so" to ""
[37.161s] -- Installing: /home/wilson/saurcon_ws/install/joy/lib/joy/joy_node
[37.162s] -- Set non-toolchain portion of runtime path of "/home/wilson/saurcon_ws/install/joy/lib/joy/joy_node" to ""
[37.162s] -- Installing: /home/wilson/saurcon_ws/install/joy/lib/libgame_controller.so
[37.168s] -- Set non-toolchain portion of runtime path of "/home/wilson/saurcon_ws/install/joy/lib/libgame_controller.so" to ""
[37.168s] -- Installing: /home/wilson/saurcon_ws/install/joy/lib/joy/game_controller_node
[37.169s] -- Set non-toolchain portion of runtime path of "/home/wilson/saurcon_ws/install/joy/lib/joy/game_controller_node" to ""
[37.169s] -- Installing: /home/wilson/saurcon_ws/install/joy/lib/joy/joy_enumerate_devices
[37.169s] -- Installing: /home/wilson/saurcon_ws/install/joy/include/joy
[37.169s] -- Installing: /home/wilson/saurcon_ws/install/joy/include/joy/joy
[37.170s] -- Installing: /home/wilson/saurcon_ws/install/joy/include/joy/joy/game_controller.hpp
[37.170s] -- Installing: /home/wilson/saurcon_ws/install/joy/include/joy/joy/joy.hpp
[37.170s] -- Installing: /home/wilson/saurcon_ws/install/joy/share/joy/config
[37.170s] -- Installing: /home/wilson/saurcon_ws/install/joy/share/joy/config/joy-params.yaml
[37.171s] -- Installing: /home/wilson/saurcon_ws/install/joy/share/joy/launch
[37.171s] -- Installing: /home/wilson/saurcon_ws/install/joy/share/joy/launch/joy-launch.py
[37.171s] -- Installing: /home/wilson/saurcon_ws/install/joy/share/joy/launch/joy-composed-launch.py
[37.172s] -- Installing: /home/wilson/saurcon_ws/install/joy/share/ament_index/resource_index/package_run_dependencies/joy
[37.172s] -- Installing: /home/wilson/saurcon_ws/install/joy/share/ament_index/resource_index/parent_prefix_path/joy
[37.172s] -- Installing: /home/wilson/saurcon_ws/install/joy/share/joy/environment/ament_prefix_path.sh
[37.172s] -- Installing: /home/wilson/saurcon_ws/install/joy/share/joy/environment/ament_prefix_path.dsv
[37.173s] -- Installing: /home/wilson/saurcon_ws/install/joy/share/joy/environment/path.sh
[37.173s] -- Installing: /home/wilson/saurcon_ws/install/joy/share/joy/environment/path.dsv
[37.173s] -- Installing: /home/wilson/saurcon_ws/install/joy/share/joy/local_setup.bash
[37.173s] -- Installing: /home/wilson/saurcon_ws/install/joy/share/joy/local_setup.sh
[37.173s] -- Installing: /home/wilson/saurcon_ws/install/joy/share/joy/local_setup.zsh
[37.174s] -- Installing: /home/wilson/saurcon_ws/install/joy/share/joy/local_setup.dsv
[37.174s] -- Installing: /home/wilson/saurcon_ws/install/joy/share/joy/package.dsv
[37.174s] -- Installing: /home/wilson/saurcon_ws/install/joy/share/ament_index/resource_index/packages/joy
[37.174s] -- Installing: /home/wilson/saurcon_ws/install/joy/share/ament_index/resource_index/rclcpp_components/joy
[37.174s] -- Installing: /home/wilson/saurcon_ws/install/joy/share/joy/cmake/export_joyExport.cmake
[37.175s] -- Installing: /home/wilson/saurcon_ws/install/joy/share/joy/cmake/export_joyExport-noconfig.cmake
[37.175s] -- Installing: /home/wilson/saurcon_ws/install/joy/share/joy/cmake/export_game_controllerExport.cmake
[37.175s] -- Installing: /home/wilson/saurcon_ws/install/joy/share/joy/cmake/export_game_controllerExport-noconfig.cmake
[37.175s] -- Installing: /home/wilson/saurcon_ws/install/joy/share/joy/cmake/ament_cmake_export_targets-extras.cmake
[37.176s] -- Installing: /home/wilson/saurcon_ws/install/joy/share/joy/cmake/ament_cmake_export_dependencies-extras.cmake
[37.176s] -- Installing: /home/wilson/saurcon_ws/install/joy/share/joy/cmake/joyConfig.cmake
[37.176s] -- Installing: /home/wilson/saurcon_ws/install/joy/share/joy/cmake/joyConfig-version.cmake
[37.176s] -- Installing: /home/wilson/saurcon_ws/install/joy/share/joy/package.xml
[37.179s] Invoked command in '/home/wilson/saurcon_ws/build/joy' returned '0': AMENT_PREFIX_PATH=/home/wilson/saurcon_ws/install/sdl2_vendor:${AMENT_PREFIX_PATH} CMAKE_PREFIX_PATH=/home/wilson/saurcon_ws/install/sdl2_vendor:/home/wilson/uros_ws/install/micro_ros_agent:/home/wilson/uros_ws/install/micro_ros_msgs:/home/wilson/ros2_ws/install/micro_ros_agent:/opt/ros/jazzy/opt/gz_math_vendor:/opt/ros/jazzy/opt/gz_utils_vendor:/opt/ros/jazzy/opt/gz_cmake_vendor:/opt/ros/jazzy DEBUGINFOD_URLS=https://debuginfod.ubuntu.com /usr/bin/cmake --install /home/wilson/saurcon_ws/build/joy
