[0.015s] Invoking command in '/home/wilson/saurcon_ws/build/control_rc': CMAKE_PREFIX_PATH=${CMAKE_PREFIX_PATH}:/opt/ros/jazzy DEBUGINFOD_URLS=https://debuginfod.ubuntu.com /usr/bin/cmake --build /home/wilson/saurcon_ws/build/control_rc -- -j4 -l4
[0.047s] -- Found ament_cmake: 2.5.3 (/opt/ros/jazzy/share/ament_cmake/cmake)
[0.304s] -- Found rclcpp: 28.1.6 (/opt/ros/jazzy/share/rclcpp/cmake)
[0.338s] -- Found rosidl_generator_c: 4.6.5 (/opt/ros/jazzy/share/rosidl_generator_c/cmake)
[0.349s] -- Found rosidl_generator_cpp: 4.6.5 (/opt/ros/jazzy/share/rosidl_generator_cpp/cmake)
[0.364s] -- Using all available rosidl_typesupport_c: rosidl_typesupport_fastrtps_c;rosidl_typesupport_introspection_c
[0.381s] -- Using all available rosidl_typesupport_cpp: rosidl_typesupport_fastrtps_cpp;rosidl_typesupport_introspection_cpp
[0.473s] -- Found rmw_implementation_cmake: 7.3.1 (/opt/ros/jazzy/share/rmw_implementation_cmake/cmake)
[0.475s] -- Found rmw_fastrtps_cpp: 8.4.1 (/opt/ros/jazzy/share/rmw_fastrtps_cpp/cmake)
[0.552s] -- Using RMW implementation 'rmw_fastrtps_cpp' as default
[0.630s] -- Found std_msgs: 5.3.5 (/opt/ros/jazzy/share/std_msgs/cmake)
[0.647s] -- Found sensor_msgs: 5.3.5 (/opt/ros/jazzy/share/sensor_msgs/cmake)
[0.802s] -- Configuring done (0.8s)
[0.825s] -- Generating done (0.0s)
[0.832s] -- Build files have been written to: /home/wilson/saurcon_ws/build/control_rc
[0.874s] [ 25%] [32mBuilding CXX object CMakeFiles/xbox_ctrl_sub.dir/src/sub_xbox_ctrl.cpp.o[0m
[0.883s] [ 50%] [32mBuilding CXX object CMakeFiles/talker.dir/src/publisher_control_rc.cpp.o[0m
[6.168s] [ 75%] [32m[1mLinking CXX executable talker[0m
[6.481s] [ 75%] Built target talker
[9.809s] [100%] [32m[1mLinking CXX executable xbox_ctrl_sub[0m
[10.237s] [100%] Built target xbox_ctrl_sub
[10.255s] Invoked command in '/home/wilson/saurcon_ws/build/control_rc' returned '0': CMAKE_PREFIX_PATH=${CMAKE_PREFIX_PATH}:/opt/ros/jazzy DEBUGINFOD_URLS=https://debuginfod.ubuntu.com /usr/bin/cmake --build /home/wilson/saurcon_ws/build/control_rc -- -j4 -l4
[10.269s] Invoking command in '/home/wilson/saurcon_ws/build/control_rc': CMAKE_PREFIX_PATH=${CMAKE_PREFIX_PATH}:/opt/ros/jazzy DEBUGINFOD_URLS=https://debuginfod.ubuntu.com /usr/bin/cmake --install /home/wilson/saurcon_ws/build/control_rc
[10.278s] -- Install configuration: ""
[10.284s] -- Installing: /home/wilson/saurcon_ws/install/control_rc/lib/control_rc/talker
[10.286s] -- Set non-toolchain portion of runtime path of "/home/wilson/saurcon_ws/install/control_rc/lib/control_rc/talker" to ""
[10.286s] -- Installing: /home/wilson/saurcon_ws/install/control_rc/lib/control_rc/xbox_ctrl_sub
[10.291s] -- Set non-toolchain portion of runtime path of "/home/wilson/saurcon_ws/install/control_rc/lib/control_rc/xbox_ctrl_sub" to ""
[10.291s] -- Installing: /home/wilson/saurcon_ws/install/control_rc/share/ament_index/resource_index/package_run_dependencies/control_rc
[10.293s] -- Installing: /home/wilson/saurcon_ws/install/control_rc/share/ament_index/resource_index/parent_prefix_path/control_rc
[10.296s] -- Up-to-date: /home/wilson/saurcon_ws/install/control_rc/share/control_rc/environment/ament_prefix_path.sh
[10.297s] -- Up-to-date: /home/wilson/saurcon_ws/install/control_rc/share/control_rc/environment/ament_prefix_path.dsv
[10.297s] -- Up-to-date: /home/wilson/saurcon_ws/install/control_rc/share/control_rc/environment/path.sh
[10.297s] -- Up-to-date: /home/wilson/saurcon_ws/install/control_rc/share/control_rc/environment/path.dsv
[10.297s] -- Up-to-date: /home/wilson/saurcon_ws/install/control_rc/share/control_rc/local_setup.bash
[10.298s] -- Up-to-date: /home/wilson/saurcon_ws/install/control_rc/share/control_rc/local_setup.sh
[10.298s] -- Up-to-date: /home/wilson/saurcon_ws/install/control_rc/share/control_rc/local_setup.zsh
[10.298s] -- Up-to-date: /home/wilson/saurcon_ws/install/control_rc/share/control_rc/local_setup.dsv
[10.298s] -- Installing: /home/wilson/saurcon_ws/install/control_rc/share/control_rc/package.dsv
[10.298s] -- Up-to-date: /home/wilson/saurcon_ws/install/control_rc/share/ament_index/resource_index/packages/control_rc
[10.298s] -- Up-to-date: /home/wilson/saurcon_ws/install/control_rc/share/control_rc/cmake/control_rcConfig.cmake
[10.298s] -- Up-to-date: /home/wilson/saurcon_ws/install/control_rc/share/control_rc/cmake/control_rcConfig-version.cmake
[10.299s] -- Installing: /home/wilson/saurcon_ws/install/control_rc/share/control_rc/package.xml
[10.300s] Invoked command in '/home/wilson/saurcon_ws/build/control_rc' returned '0': CMAKE_PREFIX_PATH=${CMAKE_PREFIX_PATH}:/opt/ros/jazzy DEBUGINFOD_URLS=https://debuginfod.ubuntu.com /usr/bin/cmake --install /home/wilson/saurcon_ws/build/control_rc
