[0.013s] Invoking command in '/home/wilson/saurcon_ws/build/control_rc': CMAKE_PREFIX_PATH=${CMAKE_PREFIX_PATH}:/opt/ros/jazzy DEBUGINFOD_URLS=https://debuginfod.ubuntu.com /usr/bin/cmake /home/wilson/saurcon_ws/src/control_rc -DCMAKE_INSTALL_PREFIX=/home/wilson/saurcon_ws/install/control_rc
[0.160s] -- The C compiler identification is GNU 13.3.0
[0.287s] -- The CXX compiler identification is GNU 13.3.0
[0.308s] -- Detecting C compiler ABI info
[0.400s] -- Detecting C compiler ABI info - done
[0.411s] -- Check for working C compiler: /usr/bin/cc - skipped
[0.412s] -- Detecting C compile features
[0.413s] -- Detecting C compile features - done
[0.422s] -- Detecting CXX compiler ABI info
[0.530s] -- Detecting CXX compiler ABI info - done
[0.540s] -- Check for working CXX compiler: /usr/bin/c++ - skipped
[0.541s] -- Detecting CXX compile features
[0.541s] -- Detecting CXX compile features - done
[0.545s] -- Found ament_cmake: 2.5.3 (/opt/ros/jazzy/share/ament_cmake/cmake)
[0.695s] -- Found Python3: /usr/bin/python3 (found version "3.12.3") found components: Interpreter 
[0.810s] -- Found ament_lint_auto: 0.17.1 (/opt/ros/jazzy/share/ament_lint_auto/cmake)
[0.923s] -- Added test 'lint_cmake' to check CMake code style
[0.925s] -- Added test 'xmllint' to check XML markup files
[0.927s] -- Configuring done (0.9s)
[0.930s] -- Generating done (0.0s)
[0.932s] -- Build files have been written to: /home/wilson/saurcon_ws/build/control_rc
[0.937s] Invoked command in '/home/wilson/saurcon_ws/build/control_rc' returned '0': CMAKE_PREFIX_PATH=${CMAKE_PREFIX_PATH}:/opt/ros/jazzy DEBUGINFOD_URLS=https://debuginfod.ubuntu.com /usr/bin/cmake /home/wilson/saurcon_ws/src/control_rc -DCMAKE_INSTALL_PREFIX=/home/wilson/saurcon_ws/install/control_rc
[0.938s] Invoking command in '/home/wilson/saurcon_ws/build/control_rc': CMAKE_PREFIX_PATH=${CMAKE_PREFIX_PATH}:/opt/ros/jazzy DEBUGINFOD_URLS=https://debuginfod.ubuntu.com /usr/bin/cmake --build /home/wilson/saurcon_ws/build/control_rc -- -j4 -l4
[0.978s] Invoked command in '/home/wilson/saurcon_ws/build/control_rc' returned '0': CMAKE_PREFIX_PATH=${CMAKE_PREFIX_PATH}:/opt/ros/jazzy DEBUGINFOD_URLS=https://debuginfod.ubuntu.com /usr/bin/cmake --build /home/wilson/saurcon_ws/build/control_rc -- -j4 -l4
[0.987s] Invoking command in '/home/wilson/saurcon_ws/build/control_rc': CMAKE_PREFIX_PATH=${CMAKE_PREFIX_PATH}:/opt/ros/jazzy DEBUGINFOD_URLS=https://debuginfod.ubuntu.com /usr/bin/cmake --install /home/wilson/saurcon_ws/build/control_rc
[0.995s] -- Install configuration: ""
[0.995s] -- Installing: /home/wilson/saurcon_ws/install/control_rc/share/ament_index/resource_index/package_run_dependencies/control_rc
[0.996s] -- Installing: /home/wilson/saurcon_ws/install/control_rc/share/ament_index/resource_index/parent_prefix_path/control_rc
[0.996s] -- Installing: /home/wilson/saurcon_ws/install/control_rc/share/control_rc/environment/ament_prefix_path.sh
[0.996s] -- Installing: /home/wilson/saurcon_ws/install/control_rc/share/control_rc/environment/ament_prefix_path.dsv
[0.996s] -- Installing: /home/wilson/saurcon_ws/install/control_rc/share/control_rc/environment/path.sh
[0.997s] -- Installing: /home/wilson/saurcon_ws/install/control_rc/share/control_rc/environment/path.dsv
[0.997s] -- Installing: /home/wilson/saurcon_ws/install/control_rc/share/control_rc/local_setup.bash
[0.997s] -- Installing: /home/wilson/saurcon_ws/install/control_rc/share/control_rc/local_setup.sh
[0.997s] -- Installing: /home/wilson/saurcon_ws/install/control_rc/share/control_rc/local_setup.zsh
[0.997s] -- Installing: /home/wilson/saurcon_ws/install/control_rc/share/control_rc/local_setup.dsv
[0.998s] -- Installing: /home/wilson/saurcon_ws/install/control_rc/share/control_rc/package.dsv
[0.998s] -- Installing: /home/wilson/saurcon_ws/install/control_rc/share/ament_index/resource_index/packages/control_rc
[0.998s] -- Installing: /home/wilson/saurcon_ws/install/control_rc/share/control_rc/cmake/control_rcConfig.cmake
[0.998s] -- Installing: /home/wilson/saurcon_ws/install/control_rc/share/control_rc/cmake/control_rcConfig-version.cmake
[0.998s] -- Installing: /home/wilson/saurcon_ws/install/control_rc/share/control_rc/package.xml
[1.001s] Invoked command in '/home/wilson/saurcon_ws/build/control_rc' returned '0': CMAKE_PREFIX_PATH=${CMAKE_PREFIX_PATH}:/opt/ros/jazzy DEBUGINFOD_URLS=https://debuginfod.ubuntu.com /usr/bin/cmake --install /home/wilson/saurcon_ws/build/control_rc
