-- The C compiler identification is GNU 13.3.0
-- The CXX compiler identification is GNU 13.3.0
-- Detecting C compiler ABI info
-- Detecting C compiler ABI info - done
-- Check for working C compiler: /usr/bin/cc - skipped
-- Detecting C compile features
-- Detecting C compile features - done
-- Detecting CXX compiler ABI info
-- Detecting CXX compiler ABI info - done
-- Check for working CXX compiler: /usr/bin/c++ - skipped
-- Detecting CXX compile features
-- Detecting CXX compile features - done
-- Found ament_cmake: 2.5.3 (/opt/ros/jazzy/share/ament_cmake/cmake)
-- Found Python3: /usr/bin/python3 (found version "3.12.3") found components: Interpreter 
-- Found rclcpp: 28.1.6 (/opt/ros/jazzy/share/rclcpp/cmake)
-- Found rosidl_generator_c: 4.6.5 (/opt/ros/jazzy/share/rosidl_generator_c/cmake)
-- Found rosidl_generator_cpp: 4.6.5 (/opt/ros/jazzy/share/rosidl_generator_cpp/cmake)
-- Using all available rosidl_typesupport_c: rosidl_typesupport_fastrtps_c;rosidl_typesupport_introspection_c
-- Using all available rosidl_typesupport_cpp: rosidl_typesupport_fastrtps_cpp;rosidl_typesupport_introspection_cpp
-- Found rmw_implementation_cmake: 7.3.1 (/opt/ros/jazzy/share/rmw_implementation_cmake/cmake)
-- Found rmw_fastrtps_cpp: 8.4.1 (/opt/ros/jazzy/share/rmw_fastrtps_cpp/cmake)
-- Found OpenSSL: /usr/lib/x86_64-linux-gnu/libcrypto.so (found version "3.0.13")  
-- Found FastRTPS: /opt/ros/jazzy/include (Required is at least version "2.13") 
-- Using RMW implementation 'rmw_fastrtps_cpp' as default
-- Found std_msgs: 5.3.5 (/opt/ros/jazzy/share/std_msgs/cmake)
-- Found sensor_msgs: 5.3.5 (/opt/ros/jazzy/share/sensor_msgs/cmake)
-- Configuring done (2.5s)
-- Generating done (0.0s)
-- Build files have been written to: /home/wilson/saurcon_ws/src/build/control_rc
[ 25%] [32mBuilding CXX object CMakeFiles/xbox_ctrl_sub.dir/src/sub_xbox_ctrl.cpp.o[0m
[ 50%] [32mBuilding CXX object CMakeFiles/talker.dir/src/publisher_control_rc.cpp.o[0m
[ 75%] [32m[1mLinking CXX executable talker[0m
[ 75%] Built target talker
[100%] [32m[1mLinking CXX executable xbox_ctrl_sub[0m
[100%] Built target xbox_ctrl_sub
-- Install configuration: ""
-- Installing: /home/wilson/saurcon_ws/src/install/control_rc/lib/control_rc/talker
-- Set non-toolchain portion of runtime path of "/home/wilson/saurcon_ws/src/install/control_rc/lib/control_rc/talker" to ""
-- Installing: /home/wilson/saurcon_ws/src/install/control_rc/lib/control_rc/xbox_ctrl_sub
-- Set non-toolchain portion of runtime path of "/home/wilson/saurcon_ws/src/install/control_rc/lib/control_rc/xbox_ctrl_sub" to ""
-- Installing: /home/wilson/saurcon_ws/src/install/control_rc/share/ament_index/resource_index/package_run_dependencies/control_rc
-- Installing: /home/wilson/saurcon_ws/src/install/control_rc/share/ament_index/resource_index/parent_prefix_path/control_rc
-- Installing: /home/wilson/saurcon_ws/src/install/control_rc/share/control_rc/environment/ament_prefix_path.sh
-- Installing: /home/wilson/saurcon_ws/src/install/control_rc/share/control_rc/environment/ament_prefix_path.dsv
-- Installing: /home/wilson/saurcon_ws/src/install/control_rc/share/control_rc/environment/path.sh
-- Installing: /home/wilson/saurcon_ws/src/install/control_rc/share/control_rc/environment/path.dsv
-- Installing: /home/wilson/saurcon_ws/src/install/control_rc/share/control_rc/local_setup.bash
-- Installing: /home/wilson/saurcon_ws/src/install/control_rc/share/control_rc/local_setup.sh
-- Installing: /home/wilson/saurcon_ws/src/install/control_rc/share/control_rc/local_setup.zsh
-- Installing: /home/wilson/saurcon_ws/src/install/control_rc/share/control_rc/local_setup.dsv
-- Installing: /home/wilson/saurcon_ws/src/install/control_rc/share/control_rc/package.dsv
-- Installing: /home/wilson/saurcon_ws/src/install/control_rc/share/ament_index/resource_index/packages/control_rc
-- Installing: /home/wilson/saurcon_ws/src/install/control_rc/share/control_rc/cmake/control_rcConfig.cmake
-- Installing: /home/wilson/saurcon_ws/src/install/control_rc/share/control_rc/cmake/control_rcConfig-version.cmake
-- Installing: /home/wilson/saurcon_ws/src/install/control_rc/share/control_rc/package.xml
