[0.336s] DEBUG:colcon:Command line arguments: ['/usr/bin/colcon', 'list', '-p', '--base-paths', '/home/wilson/saurcon_ws/src']
[0.336s] DEBUG:colcon:Parsed command line arguments: Namespace(log_base=None, log_level=None, verb_name='list', build_base='build', ignore_user_meta=False, metas=['./colcon.meta'], base_paths=['/home/wilson/saurcon_ws/src'], packages_ignore=None, packages_ignore_regex=None, paths=None, packages_up_to=None, packages_up_to_regex=None, packages_above=None, packages_above_and_dependencies=None, packages_above_depth=None, packages_select_by_dep=None, packages_skip_by_dep=None, packages_skip_up_to=None, packages_select_build_failed=False, packages_skip_build_finished=False, packages_select_test_failures=False, packages_skip_test_passed=False, packages_select=None, packages_skip=None, packages_select_regex=None, packages_skip_regex=None, packages_start=None, packages_end=None, allow_overriding=[], topological_order=False, names_only=False, paths_only=True, topological_graph=False, topological_graph_dot=False, topological_graph_density=False, topological_graph_legend=False, topological_graph_dot_cluster=False, topological_graph_dot_include_skipped=False, mixin_files=None, mixin=None, verb_parser=<colcon_mixin.mixin.mixin_argument.MixinArgumentDecorator object at 0x7088bbb98ef0>, verb_extension=<colcon_package_information.verb.list.ListVerb object at 0x7088bbcc0290>, main=<bound method ListVerb.main of <colcon_package_information.verb.list.ListVerb object at 0x7088bbcc0290>>, mixin_verb=('list',))
[0.444s] Level 1:colcon.colcon_core.package_discovery:discover_packages(colcon_meta) check parameters
[0.444s] Level 1:colcon.colcon_core.package_discovery:discover_packages(recursive) check parameters
[0.445s] Level 1:colcon.colcon_core.package_discovery:discover_packages(ignore) check parameters
[0.445s] Level 1:colcon.colcon_core.package_discovery:discover_packages(path) check parameters
[0.445s] Level 1:colcon.colcon_core.package_discovery:discover_packages(recursive) discover
[0.445s] INFO:colcon.colcon_core.package_discovery:Crawling recursively for packages in '/home/wilson/saurcon_ws/src'
[0.445s] Level 1:colcon.colcon_core.package_identification:_identify(/home/wilson/saurcon_ws/src) by extensions ['ignore', 'ignore_ament_install']
[0.445s] Level 1:colcon.colcon_core.package_identification:_identify(/home/wilson/saurcon_ws/src) by extension 'ignore'
[0.445s] Level 1:colcon.colcon_core.package_identification:_identify(/home/wilson/saurcon_ws/src) by extension 'ignore_ament_install'
[0.446s] Level 1:colcon.colcon_core.package_identification:_identify(/home/wilson/saurcon_ws/src) by extensions ['colcon_pkg']
[0.446s] Level 1:colcon.colcon_core.package_identification:_identify(/home/wilson/saurcon_ws/src) by extension 'colcon_pkg'
[0.446s] Level 1:colcon.colcon_core.package_identification:_identify(/home/wilson/saurcon_ws/src) by extensions ['colcon_meta']
[0.446s] Level 1:colcon.colcon_core.package_identification:_identify(/home/wilson/saurcon_ws/src) by extension 'colcon_meta'
[0.446s] Level 1:colcon.colcon_core.package_identification:_identify(/home/wilson/saurcon_ws/src) by extensions ['ros']
[0.446s] Level 1:colcon.colcon_core.package_identification:_identify(/home/wilson/saurcon_ws/src) by extension 'ros'
[0.517s] Level 1:colcon.colcon_core.package_identification:_identify(/home/wilson/saurcon_ws/src) by extensions ['cmake', 'python']
[0.518s] Level 1:colcon.colcon_core.package_identification:_identify(/home/wilson/saurcon_ws/src) by extension 'cmake'
[0.518s] Level 1:colcon.colcon_core.package_identification:_identify(/home/wilson/saurcon_ws/src) by extension 'python'
[0.518s] Level 1:colcon.colcon_core.package_identification:_identify(/home/wilson/saurcon_ws/src) by extensions ['python_setup_py']
[0.518s] Level 1:colcon.colcon_core.package_identification:_identify(/home/wilson/saurcon_ws/src) by extension 'python_setup_py'
[0.518s] Level 1:colcon.colcon_core.package_identification:_identify(/home/wilson/saurcon_ws/src/build) by extensions ['ignore', 'ignore_ament_install']
[0.519s] Level 1:colcon.colcon_core.package_identification:_identify(/home/wilson/saurcon_ws/src/build) by extension 'ignore'
[0.519s] Level 1:colcon.colcon_core.package_identification:_identify(/home/wilson/saurcon_ws/src/build) ignored
[0.519s] Level 1:colcon.colcon_core.package_identification:_identify(/home/wilson/saurcon_ws/src/control_rc) by extensions ['ignore', 'ignore_ament_install']
[0.519s] Level 1:colcon.colcon_core.package_identification:_identify(/home/wilson/saurcon_ws/src/control_rc) by extension 'ignore'
[0.520s] Level 1:colcon.colcon_core.package_identification:_identify(/home/wilson/saurcon_ws/src/control_rc) by extension 'ignore_ament_install'
[0.520s] Level 1:colcon.colcon_core.package_identification:_identify(/home/wilson/saurcon_ws/src/control_rc) by extensions ['colcon_pkg']
[0.520s] Level 1:colcon.colcon_core.package_identification:_identify(/home/wilson/saurcon_ws/src/control_rc) by extension 'colcon_pkg'
[0.520s] Level 1:colcon.colcon_core.package_identification:_identify(/home/wilson/saurcon_ws/src/control_rc) by extensions ['colcon_meta']
[0.520s] Level 1:colcon.colcon_core.package_identification:_identify(/home/wilson/saurcon_ws/src/control_rc) by extension 'colcon_meta'
[0.520s] Level 1:colcon.colcon_core.package_identification:_identify(/home/wilson/saurcon_ws/src/control_rc) by extensions ['ros']
[0.520s] Level 1:colcon.colcon_core.package_identification:_identify(/home/wilson/saurcon_ws/src/control_rc) by extension 'ros'
[0.526s] DEBUG:colcon.colcon_core.package_identification:Package '/home/wilson/saurcon_ws/src/control_rc' with type 'ros.ament_cmake' and name 'control_rc'
[0.526s] Level 1:colcon.colcon_core.package_identification:_identify(/home/wilson/saurcon_ws/src/install) by extensions ['ignore', 'ignore_ament_install']
[0.526s] Level 1:colcon.colcon_core.package_identification:_identify(/home/wilson/saurcon_ws/src/install) by extension 'ignore'
[0.526s] Level 1:colcon.colcon_core.package_identification:_identify(/home/wilson/saurcon_ws/src/install) ignored
[0.527s] Level 1:colcon.colcon_core.package_identification:_identify(/home/wilson/saurcon_ws/src/joystick_drivers) by extensions ['ignore', 'ignore_ament_install']
[0.527s] Level 1:colcon.colcon_core.package_identification:_identify(/home/wilson/saurcon_ws/src/joystick_drivers) by extension 'ignore'
[0.527s] Level 1:colcon.colcon_core.package_identification:_identify(/home/wilson/saurcon_ws/src/joystick_drivers) by extension 'ignore_ament_install'
[0.527s] Level 1:colcon.colcon_core.package_identification:_identify(/home/wilson/saurcon_ws/src/joystick_drivers) by extensions ['colcon_pkg']
[0.527s] Level 1:colcon.colcon_core.package_identification:_identify(/home/wilson/saurcon_ws/src/joystick_drivers) by extension 'colcon_pkg'
[0.527s] Level 1:colcon.colcon_core.package_identification:_identify(/home/wilson/saurcon_ws/src/joystick_drivers) by extensions ['colcon_meta']
[0.527s] Level 1:colcon.colcon_core.package_identification:_identify(/home/wilson/saurcon_ws/src/joystick_drivers) by extension 'colcon_meta'
[0.528s] Level 1:colcon.colcon_core.package_identification:_identify(/home/wilson/saurcon_ws/src/joystick_drivers) by extensions ['ros']
[0.528s] Level 1:colcon.colcon_core.package_identification:_identify(/home/wilson/saurcon_ws/src/joystick_drivers) by extension 'ros'
[0.528s] Level 1:colcon.colcon_core.package_identification:_identify(/home/wilson/saurcon_ws/src/joystick_drivers) by extensions ['cmake', 'python']
[0.528s] Level 1:colcon.colcon_core.package_identification:_identify(/home/wilson/saurcon_ws/src/joystick_drivers) by extension 'cmake'
[0.528s] Level 1:colcon.colcon_core.package_identification:_identify(/home/wilson/saurcon_ws/src/joystick_drivers) by extension 'python'
[0.528s] Level 1:colcon.colcon_core.package_identification:_identify(/home/wilson/saurcon_ws/src/joystick_drivers) by extensions ['python_setup_py']
[0.528s] Level 1:colcon.colcon_core.package_identification:_identify(/home/wilson/saurcon_ws/src/joystick_drivers) by extension 'python_setup_py'
[0.529s] Level 1:colcon.colcon_core.package_identification:_identify(/home/wilson/saurcon_ws/src/joystick_drivers/joy) by extensions ['ignore', 'ignore_ament_install']
[0.529s] Level 1:colcon.colcon_core.package_identification:_identify(/home/wilson/saurcon_ws/src/joystick_drivers/joy) by extension 'ignore'
[0.529s] Level 1:colcon.colcon_core.package_identification:_identify(/home/wilson/saurcon_ws/src/joystick_drivers/joy) by extension 'ignore_ament_install'
[0.529s] Level 1:colcon.colcon_core.package_identification:_identify(/home/wilson/saurcon_ws/src/joystick_drivers/joy) by extensions ['colcon_pkg']
[0.529s] Level 1:colcon.colcon_core.package_identification:_identify(/home/wilson/saurcon_ws/src/joystick_drivers/joy) by extension 'colcon_pkg'
[0.529s] Level 1:colcon.colcon_core.package_identification:_identify(/home/wilson/saurcon_ws/src/joystick_drivers/joy) by extensions ['colcon_meta']
[0.530s] Level 1:colcon.colcon_core.package_identification:_identify(/home/wilson/saurcon_ws/src/joystick_drivers/joy) by extension 'colcon_meta'
[0.530s] Level 1:colcon.colcon_core.package_identification:_identify(/home/wilson/saurcon_ws/src/joystick_drivers/joy) by extensions ['ros']
[0.530s] Level 1:colcon.colcon_core.package_identification:_identify(/home/wilson/saurcon_ws/src/joystick_drivers/joy) by extension 'ros'
[0.532s] DEBUG:colcon.colcon_core.package_identification:Package '/home/wilson/saurcon_ws/src/joystick_drivers/joy' with type 'ros.ament_cmake' and name 'joy'
[0.532s] Level 1:colcon.colcon_core.package_identification:_identify(/home/wilson/saurcon_ws/src/joystick_drivers/joy_linux) by extensions ['ignore', 'ignore_ament_install']
[0.532s] Level 1:colcon.colcon_core.package_identification:_identify(/home/wilson/saurcon_ws/src/joystick_drivers/joy_linux) by extension 'ignore'
[0.532s] Level 1:colcon.colcon_core.package_identification:_identify(/home/wilson/saurcon_ws/src/joystick_drivers/joy_linux) by extension 'ignore_ament_install'
[0.532s] Level 1:colcon.colcon_core.package_identification:_identify(/home/wilson/saurcon_ws/src/joystick_drivers/joy_linux) by extensions ['colcon_pkg']
[0.533s] Level 1:colcon.colcon_core.package_identification:_identify(/home/wilson/saurcon_ws/src/joystick_drivers/joy_linux) by extension 'colcon_pkg'
[0.533s] Level 1:colcon.colcon_core.package_identification:_identify(/home/wilson/saurcon_ws/src/joystick_drivers/joy_linux) by extensions ['colcon_meta']
[0.533s] Level 1:colcon.colcon_core.package_identification:_identify(/home/wilson/saurcon_ws/src/joystick_drivers/joy_linux) by extension 'colcon_meta'
[0.533s] Level 1:colcon.colcon_core.package_identification:_identify(/home/wilson/saurcon_ws/src/joystick_drivers/joy_linux) by extensions ['ros']
[0.533s] Level 1:colcon.colcon_core.package_identification:_identify(/home/wilson/saurcon_ws/src/joystick_drivers/joy_linux) by extension 'ros'
[0.537s] DEBUG:colcon.colcon_core.package_identification:Package '/home/wilson/saurcon_ws/src/joystick_drivers/joy_linux' with type 'ros.ament_cmake' and name 'joy_linux'
[0.537s] Level 1:colcon.colcon_core.package_identification:_identify(/home/wilson/saurcon_ws/src/joystick_drivers/joystick_drivers) by extensions ['ignore', 'ignore_ament_install']
[0.538s] Level 1:colcon.colcon_core.package_identification:_identify(/home/wilson/saurcon_ws/src/joystick_drivers/joystick_drivers) by extension 'ignore'
[0.538s] Level 1:colcon.colcon_core.package_identification:_identify(/home/wilson/saurcon_ws/src/joystick_drivers/joystick_drivers) by extension 'ignore_ament_install'
[0.538s] Level 1:colcon.colcon_core.package_identification:_identify(/home/wilson/saurcon_ws/src/joystick_drivers/joystick_drivers) by extensions ['colcon_pkg']
[0.538s] Level 1:colcon.colcon_core.package_identification:_identify(/home/wilson/saurcon_ws/src/joystick_drivers/joystick_drivers) by extension 'colcon_pkg'
[0.538s] Level 1:colcon.colcon_core.package_identification:_identify(/home/wilson/saurcon_ws/src/joystick_drivers/joystick_drivers) by extensions ['colcon_meta']
[0.538s] Level 1:colcon.colcon_core.package_identification:_identify(/home/wilson/saurcon_ws/src/joystick_drivers/joystick_drivers) by extension 'colcon_meta'
[0.538s] Level 1:colcon.colcon_core.package_identification:_identify(/home/wilson/saurcon_ws/src/joystick_drivers/joystick_drivers) by extensions ['ros']
[0.539s] Level 1:colcon.colcon_core.package_identification:_identify(/home/wilson/saurcon_ws/src/joystick_drivers/joystick_drivers) by extension 'ros'
[0.539s] Level 1:colcon.colcon_core.package_identification:_identify(/home/wilson/saurcon_ws/src/joystick_drivers/joystick_drivers) ignored
[0.539s] Level 1:colcon.colcon_core.package_identification:_identify(/home/wilson/saurcon_ws/src/joystick_drivers/ps3joy) by extensions ['ignore', 'ignore_ament_install']
[0.539s] Level 1:colcon.colcon_core.package_identification:_identify(/home/wilson/saurcon_ws/src/joystick_drivers/ps3joy) by extension 'ignore'
[0.539s] Level 1:colcon.colcon_core.package_identification:_identify(/home/wilson/saurcon_ws/src/joystick_drivers/ps3joy) by extension 'ignore_ament_install'
[0.539s] Level 1:colcon.colcon_core.package_identification:_identify(/home/wilson/saurcon_ws/src/joystick_drivers/ps3joy) by extensions ['colcon_pkg']
[0.539s] Level 1:colcon.colcon_core.package_identification:_identify(/home/wilson/saurcon_ws/src/joystick_drivers/ps3joy) by extension 'colcon_pkg'
[0.540s] Level 1:colcon.colcon_core.package_identification:_identify(/home/wilson/saurcon_ws/src/joystick_drivers/ps3joy) by extensions ['colcon_meta']
[0.540s] Level 1:colcon.colcon_core.package_identification:_identify(/home/wilson/saurcon_ws/src/joystick_drivers/ps3joy) by extension 'colcon_meta'
[0.540s] Level 1:colcon.colcon_core.package_identification:_identify(/home/wilson/saurcon_ws/src/joystick_drivers/ps3joy) by extensions ['ros']
[0.540s] Level 1:colcon.colcon_core.package_identification:_identify(/home/wilson/saurcon_ws/src/joystick_drivers/ps3joy) by extension 'ros'
[0.540s] Level 1:colcon.colcon_core.package_identification:_identify(/home/wilson/saurcon_ws/src/joystick_drivers/ps3joy) ignored
[0.540s] Level 1:colcon.colcon_core.package_identification:_identify(/home/wilson/saurcon_ws/src/joystick_drivers/sdl2_vendor) by extensions ['ignore', 'ignore_ament_install']
[0.540s] Level 1:colcon.colcon_core.package_identification:_identify(/home/wilson/saurcon_ws/src/joystick_drivers/sdl2_vendor) by extension 'ignore'
[0.540s] Level 1:colcon.colcon_core.package_identification:_identify(/home/wilson/saurcon_ws/src/joystick_drivers/sdl2_vendor) by extension 'ignore_ament_install'
[0.541s] Level 1:colcon.colcon_core.package_identification:_identify(/home/wilson/saurcon_ws/src/joystick_drivers/sdl2_vendor) by extensions ['colcon_pkg']
[0.541s] Level 1:colcon.colcon_core.package_identification:_identify(/home/wilson/saurcon_ws/src/joystick_drivers/sdl2_vendor) by extension 'colcon_pkg'
[0.541s] Level 1:colcon.colcon_core.package_identification:_identify(/home/wilson/saurcon_ws/src/joystick_drivers/sdl2_vendor) by extensions ['colcon_meta']
[0.541s] Level 1:colcon.colcon_core.package_identification:_identify(/home/wilson/saurcon_ws/src/joystick_drivers/sdl2_vendor) by extension 'colcon_meta'
[0.541s] Level 1:colcon.colcon_core.package_identification:_identify(/home/wilson/saurcon_ws/src/joystick_drivers/sdl2_vendor) by extensions ['ros']
[0.541s] Level 1:colcon.colcon_core.package_identification:_identify(/home/wilson/saurcon_ws/src/joystick_drivers/sdl2_vendor) by extension 'ros'
[0.542s] DEBUG:colcon.colcon_core.package_identification:Package '/home/wilson/saurcon_ws/src/joystick_drivers/sdl2_vendor' with type 'ros.ament_cmake' and name 'sdl2_vendor'
[0.542s] Level 1:colcon.colcon_core.package_identification:_identify(/home/wilson/saurcon_ws/src/joystick_drivers/spacenav) by extensions ['ignore', 'ignore_ament_install']
[0.543s] Level 1:colcon.colcon_core.package_identification:_identify(/home/wilson/saurcon_ws/src/joystick_drivers/spacenav) by extension 'ignore'
[0.543s] Level 1:colcon.colcon_core.package_identification:_identify(/home/wilson/saurcon_ws/src/joystick_drivers/spacenav) by extension 'ignore_ament_install'
[0.543s] Level 1:colcon.colcon_core.package_identification:_identify(/home/wilson/saurcon_ws/src/joystick_drivers/spacenav) by extensions ['colcon_pkg']
[0.543s] Level 1:colcon.colcon_core.package_identification:_identify(/home/wilson/saurcon_ws/src/joystick_drivers/spacenav) by extension 'colcon_pkg'
[0.543s] Level 1:colcon.colcon_core.package_identification:_identify(/home/wilson/saurcon_ws/src/joystick_drivers/spacenav) by extensions ['colcon_meta']
[0.543s] Level 1:colcon.colcon_core.package_identification:_identify(/home/wilson/saurcon_ws/src/joystick_drivers/spacenav) by extension 'colcon_meta'
[0.543s] Level 1:colcon.colcon_core.package_identification:_identify(/home/wilson/saurcon_ws/src/joystick_drivers/spacenav) by extensions ['ros']
[0.543s] Level 1:colcon.colcon_core.package_identification:_identify(/home/wilson/saurcon_ws/src/joystick_drivers/spacenav) by extension 'ros'
[0.545s] DEBUG:colcon.colcon_core.package_identification:Package '/home/wilson/saurcon_ws/src/joystick_drivers/spacenav' with type 'ros.ament_cmake' and name 'spacenav'
[0.545s] Level 1:colcon.colcon_core.package_identification:_identify(/home/wilson/saurcon_ws/src/log) by extensions ['ignore', 'ignore_ament_install']
[0.545s] Level 1:colcon.colcon_core.package_identification:_identify(/home/wilson/saurcon_ws/src/log) by extension 'ignore'
[0.546s] Level 1:colcon.colcon_core.package_identification:_identify(/home/wilson/saurcon_ws/src/log) ignored
[0.546s] Level 1:colcon.colcon_core.package_identification:_identify(/home/wilson/saurcon_ws/src/micro-ROS-Agent) by extensions ['ignore', 'ignore_ament_install']
[0.546s] Level 1:colcon.colcon_core.package_identification:_identify(/home/wilson/saurcon_ws/src/micro-ROS-Agent) by extension 'ignore'
[0.546s] Level 1:colcon.colcon_core.package_identification:_identify(/home/wilson/saurcon_ws/src/micro-ROS-Agent) by extension 'ignore_ament_install'
[0.546s] Level 1:colcon.colcon_core.package_identification:_identify(/home/wilson/saurcon_ws/src/micro-ROS-Agent) by extensions ['colcon_pkg']
[0.546s] Level 1:colcon.colcon_core.package_identification:_identify(/home/wilson/saurcon_ws/src/micro-ROS-Agent) by extension 'colcon_pkg'
[0.546s] Level 1:colcon.colcon_core.package_identification:_identify(/home/wilson/saurcon_ws/src/micro-ROS-Agent) by extensions ['colcon_meta']
[0.546s] Level 1:colcon.colcon_core.package_identification:_identify(/home/wilson/saurcon_ws/src/micro-ROS-Agent) by extension 'colcon_meta'
[0.547s] Level 1:colcon.colcon_core.package_identification:_identify(/home/wilson/saurcon_ws/src/micro-ROS-Agent) by extensions ['ros']
[0.547s] Level 1:colcon.colcon_core.package_identification:_identify(/home/wilson/saurcon_ws/src/micro-ROS-Agent) by extension 'ros'
[0.547s] Level 1:colcon.colcon_core.package_identification:_identify(/home/wilson/saurcon_ws/src/micro-ROS-Agent) by extensions ['cmake', 'python']
[0.547s] Level 1:colcon.colcon_core.package_identification:_identify(/home/wilson/saurcon_ws/src/micro-ROS-Agent) by extension 'cmake'
[0.547s] Level 1:colcon.colcon_core.package_identification:_identify(/home/wilson/saurcon_ws/src/micro-ROS-Agent) by extension 'python'
[0.547s] Level 1:colcon.colcon_core.package_identification:_identify(/home/wilson/saurcon_ws/src/micro-ROS-Agent) by extensions ['python_setup_py']
[0.547s] Level 1:colcon.colcon_core.package_identification:_identify(/home/wilson/saurcon_ws/src/micro-ROS-Agent) by extension 'python_setup_py'
[0.548s] Level 1:colcon.colcon_core.package_identification:_identify(/home/wilson/saurcon_ws/src/micro-ROS-Agent/micro_ros_agent) by extensions ['ignore', 'ignore_ament_install']
[0.548s] Level 1:colcon.colcon_core.package_identification:_identify(/home/wilson/saurcon_ws/src/micro-ROS-Agent/micro_ros_agent) by extension 'ignore'
[0.548s] Level 1:colcon.colcon_core.package_identification:_identify(/home/wilson/saurcon_ws/src/micro-ROS-Agent/micro_ros_agent) by extension 'ignore_ament_install'
[0.548s] Level 1:colcon.colcon_core.package_identification:_identify(/home/wilson/saurcon_ws/src/micro-ROS-Agent/micro_ros_agent) by extensions ['colcon_pkg']
[0.548s] Level 1:colcon.colcon_core.package_identification:_identify(/home/wilson/saurcon_ws/src/micro-ROS-Agent/micro_ros_agent) by extension 'colcon_pkg'
[0.548s] Level 1:colcon.colcon_core.package_identification:_identify(/home/wilson/saurcon_ws/src/micro-ROS-Agent/micro_ros_agent) by extensions ['colcon_meta']
[0.548s] Level 1:colcon.colcon_core.package_identification:_identify(/home/wilson/saurcon_ws/src/micro-ROS-Agent/micro_ros_agent) by extension 'colcon_meta'
[0.549s] Level 1:colcon.colcon_core.package_identification:_identify(/home/wilson/saurcon_ws/src/micro-ROS-Agent/micro_ros_agent) by extensions ['ros']
[0.549s] Level 1:colcon.colcon_core.package_identification:_identify(/home/wilson/saurcon_ws/src/micro-ROS-Agent/micro_ros_agent) by extension 'ros'
[0.550s] DEBUG:colcon.colcon_core.package_identification:Package '/home/wilson/saurcon_ws/src/micro-ROS-Agent/micro_ros_agent' with type 'ros.ament_cmake' and name 'micro_ros_agent'
[0.551s] Level 1:colcon.colcon_core.package_identification:_identify(/home/wilson/saurcon_ws/src/micro-ROS-Agent/snap) by extensions ['ignore', 'ignore_ament_install']
[0.551s] Level 1:colcon.colcon_core.package_identification:_identify(/home/wilson/saurcon_ws/src/micro-ROS-Agent/snap) by extension 'ignore'
[0.551s] Level 1:colcon.colcon_core.package_identification:_identify(/home/wilson/saurcon_ws/src/micro-ROS-Agent/snap) by extension 'ignore_ament_install'
[0.551s] Level 1:colcon.colcon_core.package_identification:_identify(/home/wilson/saurcon_ws/src/micro-ROS-Agent/snap) by extensions ['colcon_pkg']
[0.551s] Level 1:colcon.colcon_core.package_identification:_identify(/home/wilson/saurcon_ws/src/micro-ROS-Agent/snap) by extension 'colcon_pkg'
[0.551s] Level 1:colcon.colcon_core.package_identification:_identify(/home/wilson/saurcon_ws/src/micro-ROS-Agent/snap) by extensions ['colcon_meta']
[0.555s] Level 1:colcon.colcon_core.package_identification:_identify(/home/wilson/saurcon_ws/src/micro-ROS-Agent/snap) by extension 'colcon_meta'
[0.555s] Level 1:colcon.colcon_core.package_identification:_identify(/home/wilson/saurcon_ws/src/micro-ROS-Agent/snap) by extensions ['ros']
[0.556s] Level 1:colcon.colcon_core.package_identification:_identify(/home/wilson/saurcon_ws/src/micro-ROS-Agent/snap) by extension 'ros'
[0.556s] Level 1:colcon.colcon_core.package_identification:_identify(/home/wilson/saurcon_ws/src/micro-ROS-Agent/snap) by extensions ['cmake', 'python']
[0.556s] Level 1:colcon.colcon_core.package_identification:_identify(/home/wilson/saurcon_ws/src/micro-ROS-Agent/snap) by extension 'cmake'
[0.556s] Level 1:colcon.colcon_core.package_identification:_identify(/home/wilson/saurcon_ws/src/micro-ROS-Agent/snap) by extension 'python'
[0.556s] Level 1:colcon.colcon_core.package_identification:_identify(/home/wilson/saurcon_ws/src/micro-ROS-Agent/snap) by extensions ['python_setup_py']
[0.556s] Level 1:colcon.colcon_core.package_identification:_identify(/home/wilson/saurcon_ws/src/micro-ROS-Agent/snap) by extension 'python_setup_py'
[0.557s] Level 1:colcon.colcon_core.package_identification:_identify(/home/wilson/saurcon_ws/src/micro-ROS-Agent/snap/hooks) by extensions ['ignore', 'ignore_ament_install']
[0.557s] Level 1:colcon.colcon_core.package_identification:_identify(/home/wilson/saurcon_ws/src/micro-ROS-Agent/snap/hooks) by extension 'ignore'
[0.557s] Level 1:colcon.colcon_core.package_identification:_identify(/home/wilson/saurcon_ws/src/micro-ROS-Agent/snap/hooks) by extension 'ignore_ament_install'
[0.557s] Level 1:colcon.colcon_core.package_identification:_identify(/home/wilson/saurcon_ws/src/micro-ROS-Agent/snap/hooks) by extensions ['colcon_pkg']
[0.557s] Level 1:colcon.colcon_core.package_identification:_identify(/home/wilson/saurcon_ws/src/micro-ROS-Agent/snap/hooks) by extension 'colcon_pkg'
[0.557s] Level 1:colcon.colcon_core.package_identification:_identify(/home/wilson/saurcon_ws/src/micro-ROS-Agent/snap/hooks) by extensions ['colcon_meta']
[0.557s] Level 1:colcon.colcon_core.package_identification:_identify(/home/wilson/saurcon_ws/src/micro-ROS-Agent/snap/hooks) by extension 'colcon_meta'
[0.558s] Level 1:colcon.colcon_core.package_identification:_identify(/home/wilson/saurcon_ws/src/micro-ROS-Agent/snap/hooks) by extensions ['ros']
[0.558s] Level 1:colcon.colcon_core.package_identification:_identify(/home/wilson/saurcon_ws/src/micro-ROS-Agent/snap/hooks) by extension 'ros'
[0.558s] Level 1:colcon.colcon_core.package_identification:_identify(/home/wilson/saurcon_ws/src/micro-ROS-Agent/snap/hooks) by extensions ['cmake', 'python']
[0.558s] Level 1:colcon.colcon_core.package_identification:_identify(/home/wilson/saurcon_ws/src/micro-ROS-Agent/snap/hooks) by extension 'cmake'
[0.558s] Level 1:colcon.colcon_core.package_identification:_identify(/home/wilson/saurcon_ws/src/micro-ROS-Agent/snap/hooks) by extension 'python'
[0.558s] Level 1:colcon.colcon_core.package_identification:_identify(/home/wilson/saurcon_ws/src/micro-ROS-Agent/snap/hooks) by extensions ['python_setup_py']
[0.558s] Level 1:colcon.colcon_core.package_identification:_identify(/home/wilson/saurcon_ws/src/micro-ROS-Agent/snap/hooks) by extension 'python_setup_py'
[0.558s] Level 1:colcon.colcon_core.package_identification:_identify(/home/wilson/saurcon_ws/src/micro-ROS-Agent/snap/local) by extensions ['ignore', 'ignore_ament_install']
[0.559s] Level 1:colcon.colcon_core.package_identification:_identify(/home/wilson/saurcon_ws/src/micro-ROS-Agent/snap/local) by extension 'ignore'
[0.559s] Level 1:colcon.colcon_core.package_identification:_identify(/home/wilson/saurcon_ws/src/micro-ROS-Agent/snap/local) by extension 'ignore_ament_install'
[0.559s] Level 1:colcon.colcon_core.package_identification:_identify(/home/wilson/saurcon_ws/src/micro-ROS-Agent/snap/local) by extensions ['colcon_pkg']
[0.562s] Level 1:colcon.colcon_core.package_identification:_identify(/home/wilson/saurcon_ws/src/micro-ROS-Agent/snap/local) by extension 'colcon_pkg'
[0.562s] Level 1:colcon.colcon_core.package_identification:_identify(/home/wilson/saurcon_ws/src/micro-ROS-Agent/snap/local) by extensions ['colcon_meta']
[0.563s] Level 1:colcon.colcon_core.package_identification:_identify(/home/wilson/saurcon_ws/src/micro-ROS-Agent/snap/local) by extension 'colcon_meta'
[0.563s] Level 1:colcon.colcon_core.package_identification:_identify(/home/wilson/saurcon_ws/src/micro-ROS-Agent/snap/local) by extensions ['ros']
[0.563s] Level 1:colcon.colcon_core.package_identification:_identify(/home/wilson/saurcon_ws/src/micro-ROS-Agent/snap/local) by extension 'ros'
[0.563s] Level 1:colcon.colcon_core.package_identification:_identify(/home/wilson/saurcon_ws/src/micro-ROS-Agent/snap/local) by extensions ['cmake', 'python']
[0.563s] Level 1:colcon.colcon_core.package_identification:_identify(/home/wilson/saurcon_ws/src/micro-ROS-Agent/snap/local) by extension 'cmake'
[0.563s] Level 1:colcon.colcon_core.package_identification:_identify(/home/wilson/saurcon_ws/src/micro-ROS-Agent/snap/local) by extension 'python'
[0.563s] Level 1:colcon.colcon_core.package_identification:_identify(/home/wilson/saurcon_ws/src/micro-ROS-Agent/snap/local) by extensions ['python_setup_py']
[0.564s] Level 1:colcon.colcon_core.package_identification:_identify(/home/wilson/saurcon_ws/src/micro-ROS-Agent/snap/local) by extension 'python_setup_py'
[0.564s] Level 1:colcon.colcon_core.package_identification:_identify(/home/wilson/saurcon_ws/src/src) by extensions ['ignore', 'ignore_ament_install']
[0.566s] Level 1:colcon.colcon_core.package_identification:_identify(/home/wilson/saurcon_ws/src/src) by extension 'ignore'
[0.566s] Level 1:colcon.colcon_core.package_identification:_identify(/home/wilson/saurcon_ws/src/src) by extension 'ignore_ament_install'
[0.566s] Level 1:colcon.colcon_core.package_identification:_identify(/home/wilson/saurcon_ws/src/src) by extensions ['colcon_pkg']
[0.566s] Level 1:colcon.colcon_core.package_identification:_identify(/home/wilson/saurcon_ws/src/src) by extension 'colcon_pkg'
[0.566s] Level 1:colcon.colcon_core.package_identification:_identify(/home/wilson/saurcon_ws/src/src) by extensions ['colcon_meta']
[0.567s] Level 1:colcon.colcon_core.package_identification:_identify(/home/wilson/saurcon_ws/src/src) by extension 'colcon_meta'
[0.567s] Level 1:colcon.colcon_core.package_identification:_identify(/home/wilson/saurcon_ws/src/src) by extensions ['ros']
[0.567s] Level 1:colcon.colcon_core.package_identification:_identify(/home/wilson/saurcon_ws/src/src) by extension 'ros'
[0.567s] Level 1:colcon.colcon_core.package_identification:_identify(/home/wilson/saurcon_ws/src/src) by extensions ['cmake', 'python']
[0.567s] Level 1:colcon.colcon_core.package_identification:_identify(/home/wilson/saurcon_ws/src/src) by extension 'cmake'
[0.567s] Level 1:colcon.colcon_core.package_identification:_identify(/home/wilson/saurcon_ws/src/src) by extension 'python'
[0.567s] Level 1:colcon.colcon_core.package_identification:_identify(/home/wilson/saurcon_ws/src/src) by extensions ['python_setup_py']
[0.567s] Level 1:colcon.colcon_core.package_identification:_identify(/home/wilson/saurcon_ws/src/src) by extension 'python_setup_py'
[0.568s] Level 1:colcon.colcon_core.package_identification:_identify(/home/wilson/saurcon_ws/src/src/micro_ros_msgs) by extensions ['ignore', 'ignore_ament_install']
[0.568s] Level 1:colcon.colcon_core.package_identification:_identify(/home/wilson/saurcon_ws/src/src/micro_ros_msgs) by extension 'ignore'
[0.568s] Level 1:colcon.colcon_core.package_identification:_identify(/home/wilson/saurcon_ws/src/src/micro_ros_msgs) by extension 'ignore_ament_install'
[0.568s] Level 1:colcon.colcon_core.package_identification:_identify(/home/wilson/saurcon_ws/src/src/micro_ros_msgs) by extensions ['colcon_pkg']
[0.568s] Level 1:colcon.colcon_core.package_identification:_identify(/home/wilson/saurcon_ws/src/src/micro_ros_msgs) by extension 'colcon_pkg'
[0.568s] Level 1:colcon.colcon_core.package_identification:_identify(/home/wilson/saurcon_ws/src/src/micro_ros_msgs) by extensions ['colcon_meta']
[0.568s] Level 1:colcon.colcon_core.package_identification:_identify(/home/wilson/saurcon_ws/src/src/micro_ros_msgs) by extension 'colcon_meta'
[0.569s] Level 1:colcon.colcon_core.package_identification:_identify(/home/wilson/saurcon_ws/src/src/micro_ros_msgs) by extensions ['ros']
[0.569s] Level 1:colcon.colcon_core.package_identification:_identify(/home/wilson/saurcon_ws/src/src/micro_ros_msgs) by extension 'ros'
[0.570s] DEBUG:colcon.colcon_core.package_identification:Package '/home/wilson/saurcon_ws/src/src/micro_ros_msgs' with type 'ros.ament_cmake' and name 'micro_ros_msgs'
[0.570s] Level 1:colcon.colcon_core.package_discovery:discover_packages(recursive) using defaults
